SF:crates/backend/utils/mb/conv/src/cyrillic_and_mic.rs
FN:43,_RNvNtCs4Tk8A2Mtuv3_4conv16cyrillic_and_mic13fc_iso_to_mic
FN:58,_RNvNtCs4Tk8A2Mtuv3_4conv16cyrillic_and_mic13fc_mic_to_iso
FN:93,_RNvNtCs4Tk8A2Mtuv3_4conv16cyrillic_and_mic15fc_iso_to_koi8r
FN:93,_RNvNtCs4Tk8A2Mtuv3_4conv16cyrillic_and_mic15fc_koi8r_to_iso
FN:15,_RNvNtCs4Tk8A2Mtuv3_4conv16cyrillic_and_mic15fc_koi8r_to_mic
FN:28,_RNvNtCs4Tk8A2Mtuv3_4conv16cyrillic_and_mic15fc_mic_to_koi8r
FN:93,_RNvNtCs4Tk8A2Mtuv3_4conv16cyrillic_and_mic16fc_iso_to_win866
FN:58,_RNvNtCs4Tk8A2Mtuv3_4conv16cyrillic_and_mic16fc_mic_to_win866
FN:93,_RNvNtCs4Tk8A2Mtuv3_4conv16cyrillic_and_mic16fc_win866_to_iso
FN:43,_RNvNtCs4Tk8A2Mtuv3_4conv16cyrillic_and_mic16fc_win866_to_mic
FN:93,_RNvNtCs4Tk8A2Mtuv3_4conv16cyrillic_and_mic17fc_iso_to_win1251
FN:58,_RNvNtCs4Tk8A2Mtuv3_4conv16cyrillic_and_mic17fc_mic_to_win1251
FN:93,_RNvNtCs4Tk8A2Mtuv3_4conv16cyrillic_and_mic17fc_win1251_to_iso
FN:43,_RNvNtCs4Tk8A2Mtuv3_4conv16cyrillic_and_mic17fc_win1251_to_mic
FN:93,_RNvNtCs4Tk8A2Mtuv3_4conv16cyrillic_and_mic18fc_koi8r_to_win866
FN:93,_RNvNtCs4Tk8A2Mtuv3_4conv16cyrillic_and_mic18fc_win866_to_koi8r
FN:93,_RNvNtCs4Tk8A2Mtuv3_4conv16cyrillic_and_mic19fc_koi8r_to_win1251
FN:93,_RNvNtCs4Tk8A2Mtuv3_4conv16cyrillic_and_mic19fc_win1251_to_koi8r
FN:93,_RNvNtCs4Tk8A2Mtuv3_4conv16cyrillic_and_mic20fc_win1251_to_win866
FN:93,_RNvNtCs4Tk8A2Mtuv3_4conv16cyrillic_and_mic20fc_win866_to_win1251
FNDA:50,_RNvNtCs4Tk8A2Mtuv3_4conv16cyrillic_and_mic13fc_iso_to_mic
FNDA:40,_RNvNtCs4Tk8A2Mtuv3_4conv16cyrillic_and_mic13fc_mic_to_iso
FNDA:37,_RNvNtCs4Tk8A2Mtuv3_4conv16cyrillic_and_mic15fc_iso_to_koi8r
FNDA:33,_RNvNtCs4Tk8A2Mtuv3_4conv16cyrillic_and_mic15fc_koi8r_to_iso
FNDA:82,_RNvNtCs4Tk8A2Mtuv3_4conv16cyrillic_and_mic15fc_koi8r_to_mic
FNDA:66,_RNvNtCs4Tk8A2Mtuv3_4conv16cyrillic_and_mic15fc_mic_to_koi8r
FNDA:37,_RNvNtCs4Tk8A2Mtuv3_4conv16cyrillic_and_mic16fc_iso_to_win866
FNDA:43,_RNvNtCs4Tk8A2Mtuv3_4conv16cyrillic_and_mic16fc_mic_to_win866
FNDA:43,_RNvNtCs4Tk8A2Mtuv3_4conv16cyrillic_and_mic16fc_win866_to_iso
FNDA:46,_RNvNtCs4Tk8A2Mtuv3_4conv16cyrillic_and_mic16fc_win866_to_mic
FNDA:36,_RNvNtCs4Tk8A2Mtuv3_4conv16cyrillic_and_mic17fc_iso_to_win1251
FNDA:48,_RNvNtCs4Tk8A2Mtuv3_4conv16cyrillic_and_mic17fc_mic_to_win1251
FNDA:36,_RNvNtCs4Tk8A2Mtuv3_4conv16cyrillic_and_mic17fc_win1251_to_iso
FNDA:35,_RNvNtCs4Tk8A2Mtuv3_4conv16cyrillic_and_mic17fc_win1251_to_mic
FNDA:32,_RNvNtCs4Tk8A2Mtuv3_4conv16cyrillic_and_mic18fc_koi8r_to_win866
FNDA:37,_RNvNtCs4Tk8A2Mtuv3_4conv16cyrillic_and_mic18fc_win866_to_koi8r
FNDA:39,_RNvNtCs4Tk8A2Mtuv3_4conv16cyrillic_and_mic19fc_koi8r_to_win1251
FNDA:35,_RNvNtCs4Tk8A2Mtuv3_4conv16cyrillic_and_mic19fc_win1251_to_koi8r
FNDA:34,_RNvNtCs4Tk8A2Mtuv3_4conv16cyrillic_and_mic20fc_win1251_to_win866
FNDA:35,_RNvNtCs4Tk8A2Mtuv3_4conv16cyrillic_and_mic20fc_win866_to_win1251
FNF:5
FNH:5
DA:15,82
DA:16,82
DA:17,82
DA:18,82
DA:19,82
DA:20,82
DA:23,0
DA:24,82
DA:25,75
DA:26,82
DA:28,66
DA:29,66
DA:30,66
DA:31,66
DA:32,66
DA:33,66
DA:36,0
DA:37,66
DA:38,38
DA:39,66
DA:43,131
DA:44,131
DA:45,131
DA:46,131
DA:47,131
DA:48,131
DA:51,0
DA:52,83
DA:53,131
DA:55,83
DA:56,131
DA:58,131
DA:59,131
DA:60,131
DA:61,131
DA:62,131
DA:63,131
DA:66,0
DA:67,69
DA:68,131
DA:70,69
DA:71,131
DA:93,434
DA:94,434
DA:95,434
DA:96,434
DA:97,275
DA:98,434
BRF:0
BRH:0
LF:48
LH:44
end_of_record
SF:crates/backend/utils/mb/conv/src/euc2004_sjis2004.rs
FN:8,_RNvNtCs4Tk8A2Mtuv3_4conv16euc2004_sjis200429euc_jis_2004_2_shift_jis_2004
FN:116,_RNvNtCs4Tk8A2Mtuv3_4conv16euc2004_sjis200429shift_jis_2004_2_euc_jis_2004
FN:244,_RNvNtCs4Tk8A2Mtuv3_4conv16euc2004_sjis200433fc_euc_jis_2004_to_shift_jis_2004
FN:260,_RNvNtCs4Tk8A2Mtuv3_4conv16euc2004_sjis200433fc_shift_jis_2004_to_euc_jis_2004
FN:104,_RNvNtCs4Tk8A2Mtuv3_4conv16euc2004_sjis20047get_ten
FNDA:371,_RNvNtCs4Tk8A2Mtuv3_4conv16euc2004_sjis200429euc_jis_2004_2_shift_jis_2004
FNDA:412,_RNvNtCs4Tk8A2Mtuv3_4conv16euc2004_sjis200429shift_jis_2004_2_euc_jis_2004
FNDA:371,_RNvNtCs4Tk8A2Mtuv3_4conv16euc2004_sjis200433fc_euc_jis_2004_to_shift_jis_2004
FNDA:412,_RNvNtCs4Tk8A2Mtuv3_4conv16euc2004_sjis200433fc_shift_jis_2004_to_euc_jis_2004
FNDA:5607,_RNvNtCs4Tk8A2Mtuv3_4conv16euc2004_sjis20047get_ten
FNF:5
FNH:5
DA:8,371
DA:9,371
DA:10,371
DA:11,7174
DA:12,6965
DA:13,6965
DA:14,3038
DA:15,15
DA:16,8
DA:17,7
DA:18,7
DA:19,3023
DA:20,3023
DA:21,3023
DA:22,3023
DA:23,3927
DA:24,3927
DA:25,3927
DA:26,145
DA:27,79
DA:28,66
DA:29,66
DA:30,3782
DA:31,3782
DA:32,184
DA:33,3598
DA:34,2207
DA:35,2207
DA:36,2207
DA:38,1316
DA:41,891
DA:42,304
DA:43,587
DA:44,2
DA:45,585
DA:50,2205
DA:51,1031
DA:52,663
DA:53,663
DA:54,368
DA:55,368
DA:56,0
DA:57,0
DA:58,0
DA:59,0
DA:61,1174
DA:62,1174
DA:63,1174
DA:64,1391
DA:65,1391
DA:66,1391
DA:67,1391
DA:68,1048
DA:69,1048
DA:70,343
DA:71,343
DA:72,0
DA:73,0
DA:74,0
DA:75,0
DA:77,1391
DA:78,689
DA:79,386
DA:80,386
DA:81,303
DA:82,303
DA:83,0
DA:84,0
DA:85,0
DA:86,0
DA:88,702
DA:89,702
DA:90,702
DA:92,0
DA:93,0
DA:94,0
DA:95,0
DA:97,3780
DA:99,296
DA:100,296
DA:101,371
DA:104,5607
DA:105,5607
DA:106,1482
DA:107,4125
DA:108,1202
DA:109,2923
DA:110,2923
DA:112,0
DA:114,5607
DA:116,412
DA:117,412
DA:118,412
DA:119,8955
DA:120,8689
DA:121,8689
DA:122,2276
DA:123,32
DA:124,12
DA:125,20
DA:126,20
DA:127,2244
DA:128,2244
DA:129,2244
DA:130,2244
DA:131,6413
DA:132,6413
DA:133,6413
DA:134,114
DA:135,51
DA:136,63
DA:137,63
DA:138,6299
DA:139,6299
DA:140,692
DA:141,692
DA:142,692
DA:143,692
DA:144,5607
DA:145,5607
DA:146,5607
DA:149,5607
DA:150,1181
DA:151,1181
DA:152,1181
DA:153,0
DA:154,0
DA:155,0
DA:156,0
DA:157,1181
DA:158,1181
DA:159,4426
DA:160,1102
DA:161,1102
DA:162,1102
DA:163,0
DA:164,0
DA:165,0
DA:166,0
DA:167,1102
DA:168,1102
DA:169,3324
DA:170,2002
DA:171,2002
DA:172,2002
DA:173,2002
DA:174,0
DA:175,0
DA:176,0
DA:177,0
DA:178,2002
DA:179,2002
DA:181,546
DA:182,265
DA:184,281
DA:188,830
DA:189,564
DA:191,266
DA:195,68
DA:196,60
DA:198,8
DA:202,558
DA:203,392
DA:205,166
DA:209,1322
DA:210,1322
DA:211,1322
DA:212,1322
DA:213,1322
DA:214,0
DA:215,0
DA:216,0
DA:217,0
DA:218,1322
DA:219,1322
DA:220,167
DA:222,1155
DA:225,0
DA:226,0
DA:227,0
DA:228,0
DA:231,5607
DA:232,3324
DA:233,3324
DA:234,5607
DA:235,5607
DA:237,0
DA:238,6299
DA:240,329
DA:241,329
DA:242,412
DA:244,371
DA:245,371
DA:246,371
DA:247,371
DA:248,371
DA:249,371
DA:250,371
DA:251,371
DA:252,371
DA:255,0
DA:256,371
DA:257,296
DA:258,371
DA:260,412
DA:261,412
DA:262,412
DA:263,412
DA:264,412
DA:265,412
DA:266,412
DA:267,412
DA:268,412
DA:271,0
DA:272,412
DA:273,329
DA:274,412
BRF:0
BRH:0
LF:217
LH:177
end_of_record
SF:crates/backend/utils/mb/conv/src/euc_cn_and_mic.rs
FN:10,_RNvNtCs4Tk8A2Mtuv3_4conv14euc_cn_and_mic10euc_cn2mic
FN:43,_RNvNtCs4Tk8A2Mtuv3_4conv14euc_cn_and_mic10mic2euc_cn
FN:86,_RNvNtCs4Tk8A2Mtuv3_4conv14euc_cn_and_mic16fc_euc_cn_to_mic
FN:99,_RNvNtCs4Tk8A2Mtuv3_4conv14euc_cn_and_mic16fc_mic_to_euc_cn
FNDA:90,_RNvNtCs4Tk8A2Mtuv3_4conv14euc_cn_and_mic10euc_cn2mic
FNDA:86,_RNvNtCs4Tk8A2Mtuv3_4conv14euc_cn_and_mic10mic2euc_cn
FNDA:90,_RNvNtCs4Tk8A2Mtuv3_4conv14euc_cn_and_mic16fc_euc_cn_to_mic
FNDA:86,_RNvNtCs4Tk8A2Mtuv3_4conv14euc_cn_and_mic16fc_mic_to_euc_cn
FNF:4
FNH:4
DA:10,90
DA:11,90
DA:12,90
DA:13,1374
DA:14,1321
DA:15,1321
DA:16,579
DA:17,32
DA:18,21
DA:19,11
DA:20,11
DA:21,547
DA:22,547
DA:23,547
DA:24,547
DA:25,547
DA:26,547
DA:27,547
DA:29,742
DA:30,5
DA:31,1
DA:32,4
DA:33,4
DA:34,737
DA:35,737
DA:36,737
DA:39,75
DA:40,75
DA:41,90
DA:43,86
DA:44,86
DA:45,86
DA:46,729
DA:47,709
DA:48,709
DA:49,170
DA:50,47
DA:51,19
DA:52,28
DA:53,28
DA:54,28
DA:55,28
DA:56,28
DA:57,28
DA:58,123
DA:59,123
DA:61,15
DA:62,5
DA:63,10
DA:64,10
DA:65,108
DA:66,108
DA:67,108
DA:68,108
DA:69,108
DA:70,108
DA:72,539
DA:73,4
DA:74,3
DA:75,1
DA:76,1
DA:77,535
DA:78,535
DA:79,535
DA:82,47
DA:83,47
DA:84,86
DA:86,90
DA:87,90
DA:88,90
DA:89,90
DA:90,90
DA:91,90
DA:94,0
DA:95,90
DA:96,75
DA:97,90
DA:99,86
DA:100,86
DA:101,86
DA:102,86
DA:103,86
DA:104,86
DA:107,0
DA:108,86
DA:109,47
DA:110,86
BRF:0
BRH:0
LF:87
LH:85
end_of_record
SF:crates/backend/utils/mb/conv/src/euc_jp_and_sjis.rs
FN:235,_RNvNtCs4Tk8A2Mtuv3_4conv15euc_jp_and_sjis10euc_jp2mic
FN:14,_RNvNtCs4Tk8A2Mtuv3_4conv15euc_jp_and_sjis10issjishead
FN:18,_RNvNtCs4Tk8A2Mtuv3_4conv15euc_jp_and_sjis10issjistail
FN:278,_RNvNtCs4Tk8A2Mtuv3_4conv15euc_jp_and_sjis10mic2euc_jp
FN:333,_RNvNtCs4Tk8A2Mtuv3_4conv15euc_jp_and_sjis11euc_jp2sjis
FN:431,_RNvNtCs4Tk8A2Mtuv3_4conv15euc_jp_and_sjis11sjis2euc_jp
FN:534,_RNvNtCs4Tk8A2Mtuv3_4conv15euc_jp_and_sjis14fc_mic_to_sjis
FN:534,_RNvNtCs4Tk8A2Mtuv3_4conv15euc_jp_and_sjis14fc_sjis_to_mic
FN:534,_RNvNtCs4Tk8A2Mtuv3_4conv15euc_jp_and_sjis16fc_euc_jp_to_mic
FN:534,_RNvNtCs4Tk8A2Mtuv3_4conv15euc_jp_and_sjis16fc_mic_to_euc_jp
FN:534,_RNvNtCs4Tk8A2Mtuv3_4conv15euc_jp_and_sjis17fc_euc_jp_to_sjis
FN:534,_RNvNtCs4Tk8A2Mtuv3_4conv15euc_jp_and_sjis17fc_sjis_to_euc_jp
FN:127,_RNvNtCs4Tk8A2Mtuv3_4conv15euc_jp_and_sjis8mic2sjis
FN:22,_RNvNtCs4Tk8A2Mtuv3_4conv15euc_jp_and_sjis8sjis2mic
FNDA:128,_RNvNtCs4Tk8A2Mtuv3_4conv15euc_jp_and_sjis10euc_jp2mic
FNDA:4462,_RNvNtCs4Tk8A2Mtuv3_4conv15euc_jp_and_sjis10issjishead
FNDA:4445,_RNvNtCs4Tk8A2Mtuv3_4conv15euc_jp_and_sjis10issjistail
FNDA:125,_RNvNtCs4Tk8A2Mtuv3_4conv15euc_jp_and_sjis10mic2euc_jp
FNDA:226,_RNvNtCs4Tk8A2Mtuv3_4conv15euc_jp_and_sjis11euc_jp2sjis
FNDA:245,_RNvNtCs4Tk8A2Mtuv3_4conv15euc_jp_and_sjis11sjis2euc_jp
FNDA:167,_RNvNtCs4Tk8A2Mtuv3_4conv15euc_jp_and_sjis14fc_mic_to_sjis
FNDA:298,_RNvNtCs4Tk8A2Mtuv3_4conv15euc_jp_and_sjis14fc_sjis_to_mic
FNDA:128,_RNvNtCs4Tk8A2Mtuv3_4conv15euc_jp_and_sjis16fc_euc_jp_to_mic
FNDA:125,_RNvNtCs4Tk8A2Mtuv3_4conv15euc_jp_and_sjis16fc_mic_to_euc_jp
FNDA:226,_RNvNtCs4Tk8A2Mtuv3_4conv15euc_jp_and_sjis17fc_euc_jp_to_sjis
FNDA:245,_RNvNtCs4Tk8A2Mtuv3_4conv15euc_jp_and_sjis17fc_sjis_to_euc_jp
FNDA:167,_RNvNtCs4Tk8A2Mtuv3_4conv15euc_jp_and_sjis8mic2sjis
FNDA:298,_RNvNtCs4Tk8A2Mtuv3_4conv15euc_jp_and_sjis8sjis2mic
FNF:9
FNH:9
DA:14,4462
DA:15,4462
DA:16,4462
DA:18,4445
DA:19,4445
DA:20,4445
DA:22,298
DA:23,298
DA:24,298
DA:25,6625
DA:26,6451
DA:27,6451
DA:28,963
DA:29,963
DA:30,963
DA:31,963
DA:32,963
DA:33,5488
DA:34,4508
DA:35,90
DA:36,49
DA:37,41
DA:38,41
DA:39,4418
DA:40,4418
DA:41,4418
DA:42,4418
DA:45,440348
DA:46,440348
DA:47,440348
DA:48,1132
DA:49,439216
DA:50,439216
DA:51,433
DA:52,433
DA:53,433
DA:54,438783
DA:56,3286
DA:57,4418
DA:59,469
DA:60,469
DA:61,469
DA:62,469
DA:65,3949
DA:66,886
DA:67,886
DA:68,886
DA:69,886
DA:70,886
DA:71,3063
DA:73,244
DA:74,244
DA:75,244
DA:76,244
DA:77,244
DA:80,2819
DA:82,393
DA:83,393
DA:84,393
DA:85,393
DA:86,393
DA:89,2426
DA:90,943714
DA:91,943714
DA:92,943714
DA:93,2426
DA:94,941288
DA:95,941288
DA:96,2426
DA:98,2426
DA:99,2200
DA:100,2200
DA:101,2200
DA:102,2200
DA:103,226
DA:104,226
DA:105,226
DA:106,226
DA:108,938862
DA:110,0
DA:111,4418
DA:113,980
DA:114,34
DA:115,13
DA:116,21
DA:117,21
DA:118,946
DA:119,946
DA:120,946
DA:123,236
DA:124,236
DA:125,298
DA:127,167
DA:128,167
DA:129,167
DA:130,2226
DA:131,2156
DA:132,2156
DA:133,1192
DA:134,20
DA:135,3
DA:136,17
DA:137,17
DA:138,1172
DA:139,1172
DA:140,1172
DA:141,1172
DA:142,964
DA:143,964
DA:144,964
DA:145,30
DA:146,15
DA:147,15
DA:148,15
DA:149,934
DA:150,934
DA:151,118
DA:152,816
DA:153,316
DA:154,316
DA:155,316
DA:157,316
DA:158,233
DA:159,233
DA:160,233
DA:163,83
DA:165,316
DA:166,316
DA:167,235
DA:168,235
DA:170,0
DA:173,81
DA:177,500
DA:178,453
DA:179,453
DA:180,453
DA:181,453
DA:183,140
DA:184,140
DA:185,140
DA:187,140
DA:188,140
DA:189,140
DA:190,39
DA:192,101
DA:195,0
DA:200,119795
DA:201,119795
DA:202,119795
DA:203,250
DA:204,250
DA:205,250
DA:206,250
DA:207,250
DA:208,119545
DA:209,119545
DA:210,63
DA:211,63
DA:212,63
DA:213,63
DA:214,63
DA:215,63
DA:216,119482
DA:220,47
DA:221,22
DA:222,25
DA:223,25
DA:224,25
DA:225,25
DA:226,25
DA:227,25
DA:229,887
DA:231,110
DA:232,110
DA:233,167
DA:235,128
DA:236,128
DA:237,128
DA:238,1789
DA:239,1734
DA:240,1734
DA:241,787
DA:242,21
DA:243,6
DA:244,15
DA:245,15
DA:246,766
DA:247,766
DA:248,766
DA:249,766
DA:250,947
DA:251,947
DA:252,947
DA:253,52
DA:254,18
DA:255,34
DA:256,34
DA:257,895
DA:259,895
DA:260,146
DA:261,146
DA:262,749
DA:263,119
DA:264,119
DA:265,119
DA:266,630
DA:267,630
DA:268,630
DA:269,630
DA:270,630
DA:272,895
DA:274,79
DA:275,79
DA:276,128
DA:278,125
DA:279,125
DA:280,125
DA:281,1037
DA:282,1004
DA:283,1004
DA:284,542
DA:285,13
DA:286,5
DA:287,8
DA:288,8
DA:289,529
DA:290,529
DA:291,529
DA:292,529
DA:293,462
DA:294,462
DA:295,462
DA:296,20
DA:297,4
DA:298,16
DA:299,16
DA:300,442
DA:301,442
DA:302,104
DA:303,104
DA:304,104
DA:305,104
DA:306,338
DA:307,200
DA:308,200
DA:309,200
DA:310,200
DA:311,200
DA:312,138
DA:313,79
DA:314,79
DA:315,79
DA:316,79
DA:318,59
DA:319,18
DA:320,41
DA:321,41
DA:322,41
DA:323,41
DA:324,41
DA:325,41
DA:327,383
DA:329,60
DA:330,60
DA:331,125
DA:333,226
DA:334,226
DA:335,226
DA:336,6550
DA:337,6465
DA:338,6465
DA:339,3531
DA:340,24
DA:341,17
DA:342,7
DA:343,7
DA:344,3507
DA:345,3507
DA:346,3507
DA:347,3507
DA:348,2934
DA:349,2934
DA:350,2934
DA:351,117
DA:352,40
DA:353,77
DA:354,77
DA:355,2817
DA:356,2817
DA:357,218
DA:358,2599
DA:359,1502
DA:360,1502
DA:361,1502
DA:362,1502
DA:364,250
DA:365,250
DA:366,250
DA:368,250
DA:369,250
DA:370,111
DA:371,0
DA:373,111
DA:376,139
DA:381,441293
DA:382,441293
DA:383,441293
DA:384,1108
DA:385,1108
DA:386,1108
DA:387,1108
DA:388,1108
DA:389,440185
DA:390,440185
DA:391,144
DA:392,144
DA:393,144
DA:394,144
DA:395,144
DA:396,144
DA:397,440041
DA:401,1097
DA:402,1097
DA:404,1097
DA:405,325
DA:406,325
DA:407,325
DA:410,772
DA:412,1097
DA:413,1097
DA:414,537
DA:415,162
DA:417,375
DA:420,560
DA:425,2817
DA:427,142
DA:428,142
DA:429,226
DA:431,245
DA:432,245
DA:433,245
DA:434,5038
DA:435,4874
DA:436,4874
DA:437,865
DA:438,20
DA:439,11
DA:440,9
DA:441,9
DA:442,845
DA:443,845
DA:444,845
DA:445,845
DA:446,4009
DA:447,4009
DA:448,4009
DA:449,61
DA:450,36
DA:451,25
DA:452,25
DA:453,3948
DA:454,3948
DA:455,855
DA:456,855
DA:457,855
DA:458,855
DA:460,3093
DA:461,3093
DA:462,3093
DA:463,359825
DA:464,359825
DA:465,359825
DA:466,925
DA:467,358900
DA:468,358900
DA:469,383
DA:470,383
DA:471,383
DA:472,358517
DA:474,2168
DA:475,3093
DA:477,614
DA:478,614
DA:479,614
DA:482,2479
DA:483,710
DA:484,710
DA:485,710
DA:486,710
DA:487,1769
DA:489,106
DA:490,106
DA:491,106
DA:492,106
DA:495,1663
DA:497,139
DA:498,139
DA:499,139
DA:500,139
DA:501,139
DA:504,1524
DA:505,592836
DA:506,592836
DA:507,592836
DA:508,1524
DA:509,591312
DA:510,591312
DA:511,1524
DA:513,1524
DA:514,1346
DA:515,1346
DA:516,1346
DA:517,1346
DA:518,178
DA:519,178
DA:520,178
DA:522,589788
DA:524,0
DA:526,3948
DA:528,211
DA:529,211
DA:530,245
DA:534,1189
DA:535,1189
DA:536,1189
DA:537,1189
DA:538,838
DA:539,1189
BRF:0
BRH:0
LF:428
LH:423
end_of_record
SF:crates/backend/utils/mb/conv/src/euc_kr_and_mic.rs
FN:10,_RNvNtCs4Tk8A2Mtuv3_4conv14euc_kr_and_mic10euc_kr2mic
FN:44,_RNvNtCs4Tk8A2Mtuv3_4conv14euc_kr_and_mic10mic2euc_kr
FN:88,_RNvNtCs4Tk8A2Mtuv3_4conv14euc_kr_and_mic16fc_euc_kr_to_mic
FN:101,_RNvNtCs4Tk8A2Mtuv3_4conv14euc_kr_and_mic16fc_mic_to_euc_kr
FNDA:89,_RNvNtCs4Tk8A2Mtuv3_4conv14euc_kr_and_mic10euc_kr2mic
FNDA:109,_RNvNtCs4Tk8A2Mtuv3_4conv14euc_kr_and_mic10mic2euc_kr
FNDA:89,_RNvNtCs4Tk8A2Mtuv3_4conv14euc_kr_and_mic16fc_euc_kr_to_mic
FNDA:109,_RNvNtCs4Tk8A2Mtuv3_4conv14euc_kr_and_mic16fc_mic_to_euc_kr
FNF:4
FNH:4
DA:10,89
DA:11,89
DA:12,89
DA:13,955
DA:14,924
DA:15,924
DA:16,378
DA:17,378
DA:18,46
DA:19,20
DA:20,26
DA:21,26
DA:22,332
DA:23,332
DA:24,332
DA:25,332
DA:26,332
DA:27,332
DA:28,332
DA:30,546
DA:31,12
DA:32,6
DA:33,6
DA:34,6
DA:35,534
DA:36,534
DA:37,534
DA:40,57
DA:41,57
DA:42,89
DA:44,109
DA:45,109
DA:46,109
DA:47,939
DA:48,913
DA:49,913
DA:50,699
DA:51,11
DA:52,10
DA:53,1
DA:54,1
DA:55,688
DA:56,688
DA:57,688
DA:58,688
DA:59,214
DA:60,214
DA:61,214
DA:62,15
DA:63,9
DA:64,6
DA:65,6
DA:66,199
DA:67,199
DA:68,142
DA:69,142
DA:70,142
DA:71,142
DA:73,57
DA:74,38
DA:75,19
DA:76,19
DA:77,19
DA:78,19
DA:79,19
DA:80,19
DA:82,142
DA:84,83
DA:85,83
DA:86,109
DA:88,89
DA:89,89
DA:90,89
DA:91,89
DA:92,89
DA:93,89
DA:96,0
DA:97,89
DA:98,57
DA:99,89
DA:101,109
DA:102,109
DA:103,109
DA:104,109
DA:105,109
DA:106,109
DA:109,0
DA:110,109
DA:111,83
DA:112,109
BRF:0
BRH:0
LF:90
LH:88
end_of_record
SF:crates/backend/utils/mb/conv/src/euc_tw_and_big5.rs
FN:126,_RNvNtCs4Tk8A2Mtuv3_4conv15euc_tw_and_big510euc_tw2mic
FN:174,_RNvNtCs4Tk8A2Mtuv3_4conv15euc_tw_and_big510mic2euc_tw
FN:70,_RNvNtCs4Tk8A2Mtuv3_4conv15euc_tw_and_big511big52euc_tw
FN:17,_RNvNtCs4Tk8A2Mtuv3_4conv15euc_tw_and_big511euc_tw2big5
FN:347,_RNvNtCs4Tk8A2Mtuv3_4conv15euc_tw_and_big514fc_big5_to_mic
FN:347,_RNvNtCs4Tk8A2Mtuv3_4conv15euc_tw_and_big514fc_mic_to_big5
FN:347,_RNvNtCs4Tk8A2Mtuv3_4conv15euc_tw_and_big516fc_euc_tw_to_mic
FN:347,_RNvNtCs4Tk8A2Mtuv3_4conv15euc_tw_and_big516fc_mic_to_euc_tw
FN:347,_RNvNtCs4Tk8A2Mtuv3_4conv15euc_tw_and_big517fc_big5_to_euc_tw
FN:347,_RNvNtCs4Tk8A2Mtuv3_4conv15euc_tw_and_big517fc_euc_tw_to_big5
FN:232,_RNvNtCs4Tk8A2Mtuv3_4conv15euc_tw_and_big58big52mic
FN:282,_RNvNtCs4Tk8A2Mtuv3_4conv15euc_tw_and_big58mic2big5
FNDA:142,_RNvNtCs4Tk8A2Mtuv3_4conv15euc_tw_and_big510euc_tw2mic
FNDA:150,_RNvNtCs4Tk8A2Mtuv3_4conv15euc_tw_and_big510mic2euc_tw
FNDA:202,_RNvNtCs4Tk8A2Mtuv3_4conv15euc_tw_and_big511big52euc_tw
FNDA:142,_RNvNtCs4Tk8A2Mtuv3_4conv15euc_tw_and_big511euc_tw2big5
FNDA:270,_RNvNtCs4Tk8A2Mtuv3_4conv15euc_tw_and_big514fc_big5_to_mic
FNDA:117,_RNvNtCs4Tk8A2Mtuv3_4conv15euc_tw_and_big514fc_mic_to_big5
FNDA:142,_RNvNtCs4Tk8A2Mtuv3_4conv15euc_tw_and_big516fc_euc_tw_to_mic
FNDA:150,_RNvNtCs4Tk8A2Mtuv3_4conv15euc_tw_and_big516fc_mic_to_euc_tw
FNDA:202,_RNvNtCs4Tk8A2Mtuv3_4conv15euc_tw_and_big517fc_big5_to_euc_tw
FNDA:142,_RNvNtCs4Tk8A2Mtuv3_4conv15euc_tw_and_big517fc_euc_tw_to_big5
FNDA:270,_RNvNtCs4Tk8A2Mtuv3_4conv15euc_tw_and_big58big52mic
FNDA:117,_RNvNtCs4Tk8A2Mtuv3_4conv15euc_tw_and_big58mic2big5
FNF:7
FNH:7
DA:17,142
DA:18,142
DA:19,142
DA:20,1643
DA:21,1596
DA:22,1596
DA:23,834
DA:24,834
DA:25,66
DA:26,29
DA:27,37
DA:28,37
DA:29,768
DA:30,768
DA:31,334
DA:32,334
DA:33,150
DA:34,184
DA:35,149
DA:37,35
DA:39,334
DA:41,434
DA:43,768
DA:44,768
DA:45,19
DA:46,6
DA:47,13
DA:48,13
DA:49,749
DA:50,749
DA:51,749
DA:52,749
DA:53,749
DA:54,749
DA:56,762
DA:57,10
DA:58,2
DA:59,8
DA:60,8
DA:61,752
DA:62,752
DA:63,752
DA:66,84
DA:67,84
DA:68,142
DA:70,202
DA:71,202
DA:72,202
DA:73,4827
DA:74,4714
DA:75,4714
DA:76,2719
DA:77,2719
DA:78,17
DA:79,10
DA:80,7
DA:81,7
DA:82,2702
DA:83,2702
DA:84,2702
DA:85,2702
DA:86,547
DA:87,547
DA:88,547
DA:89,547
DA:90,2155
DA:91,1086
DA:92,1086
DA:93,1086
DA:94,1086
DA:95,1086
DA:96,1086
DA:97,1069
DA:98,1034
DA:99,1034
DA:100,1034
DA:101,1034
DA:102,1034
DA:103,1034
DA:105,35
DA:106,18
DA:107,17
DA:108,17
DA:110,2667
DA:112,1995
DA:113,37
DA:114,26
DA:115,11
DA:116,11
DA:117,1958
DA:118,1958
DA:119,1958
DA:122,167
DA:123,167
DA:124,202
DA:126,142
DA:127,142
DA:128,142
DA:129,2176
DA:130,2114
DA:131,2114
DA:132,1224
DA:133,1224
DA:134,71
DA:135,41
DA:136,30
DA:137,30
DA:138,1153
DA:140,1153
DA:141,623
DA:142,623
DA:143,311
DA:144,312
DA:145,189
DA:146,189
DA:147,123
DA:148,123
DA:149,123
DA:150,623
DA:151,623
DA:152,530
DA:153,530
DA:154,530
DA:155,530
DA:156,530
DA:158,1153
DA:160,890
DA:161,9
DA:162,2
DA:163,7
DA:164,7
DA:165,881
DA:166,881
DA:167,881
DA:170,105
DA:171,105
DA:172,142
DA:174,150
DA:175,150
DA:176,150
DA:177,1554
DA:178,1511
DA:179,1511
DA:180,834
DA:181,14
DA:182,8
DA:183,6
DA:184,6
DA:185,820
DA:186,820
DA:187,820
DA:188,820
DA:189,677
DA:190,677
DA:191,677
DA:192,23
DA:193,14
DA:194,9
DA:195,9
DA:196,654
DA:197,654
DA:198,125
DA:199,125
DA:200,125
DA:201,125
DA:202,529
DA:203,255
DA:204,255
DA:205,255
DA:206,255
DA:207,255
DA:208,255
DA:209,274
DA:210,204
DA:211,204
DA:212,204
DA:213,204
DA:214,204
DA:215,204
DA:217,70
DA:218,36
DA:219,34
DA:220,34
DA:221,34
DA:222,34
DA:223,34
DA:224,34
DA:226,584
DA:228,101
DA:229,101
DA:230,150
DA:232,270
DA:233,270
DA:234,270
DA:235,8335
DA:236,8183
DA:237,8183
DA:238,3186
DA:239,16
DA:240,10
DA:241,6
DA:242,6
DA:243,3170
DA:244,3170
DA:245,3170
DA:246,3170
DA:247,4997
DA:248,4997
DA:249,4997
DA:250,58
DA:251,46
DA:252,12
DA:253,12
DA:254,4939
DA:255,4939
DA:256,4939
DA:257,4939
DA:259,4895
DA:260,1955
DA:261,2940
DA:262,4895
DA:263,4895
DA:264,4895
DA:267,44
DA:268,20
DA:269,24
DA:270,24
DA:271,24
DA:272,24
DA:273,24
DA:274,24
DA:276,4895
DA:278,228
DA:279,228
DA:280,270
DA:282,117
DA:283,117
DA:284,117
DA:285,1048
DA:286,1022
DA:287,1022
DA:288,804
DA:289,12
DA:290,4
DA:291,8
DA:292,8
DA:293,792
DA:294,792
DA:295,792
DA:296,792
DA:297,218
DA:298,218
DA:299,218
DA:300,16
DA:301,6
DA:302,10
DA:303,10
DA:304,202
DA:305,202
DA:306,156
DA:307,15
DA:308,15
DA:309,15
DA:310,15
DA:312,141
DA:314,156
DA:315,156
DA:316,17
DA:317,3
DA:318,14
DA:319,14
DA:320,14
DA:321,14
DA:322,14
DA:323,14
DA:324,139
DA:325,139
DA:326,139
DA:327,139
DA:328,139
DA:330,46
DA:331,13
DA:332,33
DA:333,33
DA:334,33
DA:335,33
DA:336,33
DA:337,33
DA:339,139
DA:341,52
DA:342,52
DA:343,117
DA:347,1023
DA:348,1023
DA:349,1023
DA:350,1023
DA:351,737
DA:352,1023
BRF:0
BRH:0
LF:298
LH:298
end_of_record
SF:crates/backend/utils/mb/conv/src/euc_tw_and_big5/big5.rs
FN:11,_RNvNtNtCs4Tk8A2Mtuv3_4conv15euc_tw_and_big54big519binary_search_range
FN:65,_RNvNtNtCs4Tk8A2Mtuv3_4conv15euc_tw_and_big54big59BIG5toCNS
FN:99,_RNvNtNtCs4Tk8A2Mtuv3_4conv15euc_tw_and_big54big59CNStoBIG5
FNDA:5341,_RNvNtNtCs4Tk8A2Mtuv3_4conv15euc_tw_and_big54big519binary_search_range
FNDA:7641,_RNvNtNtCs4Tk8A2Mtuv3_4conv15euc_tw_and_big54big59BIG5toCNS
FNDA:924,_RNvNtNtCs4Tk8A2Mtuv3_4conv15euc_tw_and_big54big59CNStoBIG5
FNF:3
FNH:3
DA:11,5341
DA:12,5341
DA:13,5341
DA:14,22413
DA:15,22313
DA:16,22313
DA:17,5241
DA:18,6
DA:19,5235
DA:20,5235
DA:21,4379
DA:22,4379
DA:23,4379
DA:26,4379
DA:27,4379
DA:28,3095
DA:29,1712
DA:31,1383
DA:33,1284
DA:34,722
DA:36,562
DA:38,4379
DA:39,4379
DA:40,4379
DA:42,856
DA:43,856
DA:44,856
DA:45,856
DA:46,856
DA:47,856
DA:48,856
DA:49,856
DA:50,856
DA:51,856
DA:53,17072
DA:54,9063
DA:55,9063
DA:56,8009
DA:57,8009
DA:58,17072
DA:60,100
DA:61,5341
DA:65,7641
DA:67,7641
DA:68,7641
DA:69,9020
DA:70,9020
DA:71,1098
DA:72,7922
DA:74,1610
DA:75,1610
DA:76,1553
DA:77,1553
DA:78,4933
DA:79,194
DA:80,194
DA:81,194
DA:82,27285
DA:83,27285
DA:84,1891
DA:85,25394
DA:87,2848
DA:88,2848
DA:89,2826
DA:90,2826
DA:92,4652
DA:93,79
DA:94,4573
DA:95,4573
DA:96,7641
DA:99,924
DA:100,924
DA:101,924
DA:102,924
DA:103,304
DA:104,41
DA:105,14
DA:106,14
DA:107,0
DA:108,14
DA:110,2
DA:112,39
DA:113,54
DA:114,54
DA:115,32
DA:116,22
DA:118,1
DA:120,6
DA:122,924
BRF:0
BRH:0
LF:89
LH:88
end_of_record
SF:crates/backend/utils/mb/conv/src/latin2_and_win1250.rs
FN:12,_RNvNtCs4Tk8A2Mtuv3_4conv18latin2_and_win125016fc_latin2_to_mic
FN:25,_RNvNtCs4Tk8A2Mtuv3_4conv18latin2_and_win125016fc_mic_to_latin2
FN:60,_RNvNtCs4Tk8A2Mtuv3_4conv18latin2_and_win125017fc_mic_to_win1250
FN:38,_RNvNtCs4Tk8A2Mtuv3_4conv18latin2_and_win125017fc_win1250_to_mic
FN:82,_RNvNtCs4Tk8A2Mtuv3_4conv18latin2_and_win125020fc_latin2_to_win1250
FN:98,_RNvNtCs4Tk8A2Mtuv3_4conv18latin2_and_win125020fc_win1250_to_latin2
FNDA:76,_RNvNtCs4Tk8A2Mtuv3_4conv18latin2_and_win125016fc_latin2_to_mic
FNDA:44,_RNvNtCs4Tk8A2Mtuv3_4conv18latin2_and_win125016fc_mic_to_latin2
FNDA:48,_RNvNtCs4Tk8A2Mtuv3_4conv18latin2_and_win125017fc_mic_to_win1250
FNDA:51,_RNvNtCs4Tk8A2Mtuv3_4conv18latin2_and_win125017fc_win1250_to_mic
FNDA:39,_RNvNtCs4Tk8A2Mtuv3_4conv18latin2_and_win125020fc_latin2_to_win1250
FNDA:39,_RNvNtCs4Tk8A2Mtuv3_4conv18latin2_and_win125020fc_win1250_to_latin2
FNF:6
FNH:6
DA:12,76
DA:13,76
DA:14,76
DA:15,76
DA:16,76
DA:17,76
DA:20,0
DA:21,76
DA:22,66
DA:23,76
DA:25,44
DA:26,44
DA:27,44
DA:28,44
DA:29,44
DA:30,44
DA:33,0
DA:34,44
DA:35,21
DA:36,44
DA:38,51
DA:39,51
DA:40,51
DA:41,51
DA:42,51
DA:43,51
DA:46,0
DA:47,40
DA:48,51
DA:49,51
DA:50,51
DA:53,51
DA:54,51
DA:55,11
DA:57,40
DA:58,51
DA:60,48
DA:61,48
DA:62,48
DA:63,48
DA:64,48
DA:65,48
DA:68,0
DA:69,26
DA:70,48
DA:71,48
DA:72,48
DA:75,48
DA:76,48
DA:77,22
DA:79,26
DA:80,48
DA:82,39
DA:83,39
DA:84,39
DA:85,31
DA:86,39
DA:87,39
DA:88,39
DA:91,39
DA:92,39
DA:93,8
DA:95,31
DA:96,39
DA:98,39
DA:99,39
DA:100,39
DA:101,35
DA:102,39
DA:103,39
DA:104,39
DA:107,39
DA:108,39
DA:109,4
DA:111,35
DA:112,39
BRF:0
BRH:0
LF:76
LH:72
end_of_record
SF:crates/backend/utils/mb/conv/src/latin_and_mic.rs
FN:10,_RNvNtCs4Tk8A2Mtuv3_4conv13latin_and_mic16fc_latin1_to_mic
FN:10,_RNvNtCs4Tk8A2Mtuv3_4conv13latin_and_mic16fc_latin3_to_mic
FN:10,_RNvNtCs4Tk8A2Mtuv3_4conv13latin_and_mic16fc_latin4_to_mic
FN:23,_RNvNtCs4Tk8A2Mtuv3_4conv13latin_and_mic16fc_mic_to_latin1
FN:23,_RNvNtCs4Tk8A2Mtuv3_4conv13latin_and_mic16fc_mic_to_latin3
FN:23,_RNvNtCs4Tk8A2Mtuv3_4conv13latin_and_mic16fc_mic_to_latin4
FNDA:71,_RNvNtCs4Tk8A2Mtuv3_4conv13latin_and_mic16fc_latin1_to_mic
FNDA:69,_RNvNtCs4Tk8A2Mtuv3_4conv13latin_and_mic16fc_latin3_to_mic
FNDA:73,_RNvNtCs4Tk8A2Mtuv3_4conv13latin_and_mic16fc_latin4_to_mic
FNDA:66,_RNvNtCs4Tk8A2Mtuv3_4conv13latin_and_mic16fc_mic_to_latin1
FNDA:33,_RNvNtCs4Tk8A2Mtuv3_4conv13latin_and_mic16fc_mic_to_latin3
FNDA:38,_RNvNtCs4Tk8A2Mtuv3_4conv13latin_and_mic16fc_mic_to_latin4
FNF:2
FNH:2
DA:10,213
DA:11,213
DA:12,213
DA:13,213
DA:14,213
DA:15,213
DA:18,0
DA:19,213
DA:20,197
DA:21,213
DA:23,137
DA:24,137
DA:25,137
DA:26,137
DA:27,137
DA:28,137
DA:31,0
DA:32,137
DA:33,68
DA:34,137
BRF:0
BRH:0
LF:20
LH:18
end_of_record
SF:crates/backend/utils/mb/conv/src/lib.rs
FN:360,_RNCNvCs4Tk8A2Mtuv3_4conv10LocalToUtf0B3_
FN:282,_RNCNvCs4Tk8A2Mtuv3_4conv10UtfToLocal0B3_
FN:1568,_RNCNvCs4Tk8A2Mtuv3_4conv12conv_builtins_0B3_
FN:319,_RNvCs4Tk8A2Mtuv3_4conv10LocalToUtf
FN:221,_RNvCs4Tk8A2Mtuv3_4conv10UtfToLocal
FN:842,_RNvCs4Tk8A2Mtuv3_4conv11family_maps
FN:393,_RNvCs4Tk8A2Mtuv3_4conv11local2local
FN:1564,_RNvCs4Tk8A2Mtuv3_4conv12conv_builtin
FN:751,_RNvCs4Tk8A2Mtuv3_4conv12iso8859_maps
FN:863,_RNvCs4Tk8A2Mtuv3_4conv14fc_utf8_to_win
FN:855,_RNvCs4Tk8A2Mtuv3_4conv14fc_win_to_utf8
FN:62,_RNvCs4Tk8A2Mtuv3_4conv14is_highbit_set
FN:118,_RNvCs4Tk8A2Mtuv3_4conv16pg_mb_radix_conv
FN:871,_RNvCs4Tk8A2Mtuv3_4conv18fc_iso8859_to_utf8
FN:879,_RNvCs4Tk8A2Mtuv3_4conv18fc_utf8_to_iso8859
FN:833,_RNvCs4Tk8A2Mtuv3_4conv19unexpected_encoding
FN:655,_RNvCs4Tk8A2Mtuv3_4conv20fc_iso8859_1_to_utf8
FN:684,_RNvCs4Tk8A2Mtuv3_4conv20fc_utf8_to_iso8859_1
FN:521,_RNvCs4Tk8A2Mtuv3_4conv20latin2mic_with_table
FN:569,_RNvCs4Tk8A2Mtuv3_4conv20mic2latin_with_table
FN:207,_RNvCs4Tk8A2Mtuv3_4conv23invalid_encoding_number
FN:1574,_RNvCs4Tk8A2Mtuv3_4conv32append_string_info_string_quoted
FN:733,_RNvCs4Tk8A2Mtuv3_4conv8win_maps
FN:438,_RNvCs4Tk8A2Mtuv3_4conv9latin2mic
FN:471,_RNvCs4Tk8A2Mtuv3_4conv9mic2latin
FN:109,_RNvMCs4Tk8A2Mtuv3_4convNtB2_13PgMbRadixTree3get
FN:648,_RNvMs0_Cs4Tk8A2Mtuv3_4convNtB5_8ConvArgs3src
FN:635,_RNvMs0_Cs4Tk8A2Mtuv3_4convNtB5_8ConvArgs4from
FN:187,_RNvMs_Cs4Tk8A2Mtuv3_4convNtB4_3Dst16store_coded_char
FN:180,_RNvMs_Cs4Tk8A2Mtuv3_4convNtB4_3Dst4push
FNDA:1044,_RNCNvCs4Tk8A2Mtuv3_4conv10LocalToUtf0B3_
FNDA:7470,_RNCNvCs4Tk8A2Mtuv3_4conv10UtfToLocal0B3_
FNDA:7325,_RNCNvCs4Tk8A2Mtuv3_4conv12conv_builtins_0B3_
FNDA:1236,_RNvCs4Tk8A2Mtuv3_4conv10LocalToUtf
FNDA:980,_RNvCs4Tk8A2Mtuv3_4conv10UtfToLocal
FNDA:204,_RNvCs4Tk8A2Mtuv3_4conv11family_maps
FNDA:512,_RNvCs4Tk8A2Mtuv3_4conv11local2local
FNDA:7325,_RNvCs4Tk8A2Mtuv3_4conv12conv_builtin
FNDA:202,_RNvCs4Tk8A2Mtuv3_4conv12iso8859_maps
FNDA:53,_RNvCs4Tk8A2Mtuv3_4conv14fc_utf8_to_win
FNDA:50,_RNvCs4Tk8A2Mtuv3_4conv14fc_win_to_utf8
FNDA:73056,_RNvCs4Tk8A2Mtuv3_4conv14is_highbit_set
FNDA:13670,_RNvCs4Tk8A2Mtuv3_4conv16pg_mb_radix_conv
FNDA:62,_RNvCs4Tk8A2Mtuv3_4conv18fc_iso8859_to_utf8
FNDA:39,_RNvCs4Tk8A2Mtuv3_4conv18fc_utf8_to_iso8859
FNDA:14,_RNvCs4Tk8A2Mtuv3_4conv19unexpected_encoding
FNDA:99,_RNvCs4Tk8A2Mtuv3_4conv20fc_iso8859_1_to_utf8
FNDA:136,_RNvCs4Tk8A2Mtuv3_4conv20fc_utf8_to_iso8859_1
FNDA:182,_RNvCs4Tk8A2Mtuv3_4conv20latin2mic_with_table
FNDA:179,_RNvCs4Tk8A2Mtuv3_4conv20mic2latin_with_table
FNDA:0,_RNvCs4Tk8A2Mtuv3_4conv23invalid_encoding_number
FNDA:64,_RNvCs4Tk8A2Mtuv3_4conv32append_string_info_string_quoted
FNDA:206,_RNvCs4Tk8A2Mtuv3_4conv8win_maps
FNDA:371,_RNvCs4Tk8A2Mtuv3_4conv9latin2mic
FNDA:247,_RNvCs4Tk8A2Mtuv3_4conv9mic2latin
FNDA:29553,_RNvMCs4Tk8A2Mtuv3_4convNtB2_13PgMbRadixTree3get
FNDA:7311,_RNvMs0_Cs4Tk8A2Mtuv3_4convNtB5_8ConvArgs3src
FNDA:7325,_RNvMs0_Cs4Tk8A2Mtuv3_4convNtB5_8ConvArgs4from
FNDA:13671,_RNvMs_Cs4Tk8A2Mtuv3_4convNtB4_3Dst16store_coded_char
FNDA:183180,_RNvMs_Cs4Tk8A2Mtuv3_4convNtB4_3Dst4push
FNF:30
FNH:29
DA:62,73056
DA:63,73056
DA:64,73056
DA:109,29553
DA:110,29553
DA:111,27703
DA:113,1850
DA:115,29553
DA:118,13670
DA:119,13670
DA:121,2558
DA:122,2558
DA:123,2219
DA:124,2214
DA:125,2213
DA:126,2213
DA:127,2212
DA:128,2212
DA:130,346
DA:131,2212
DA:132,2212
DA:133,2212
DA:134,2212
DA:135,2212
DA:136,2212
DA:139,1109
DA:140,1030
DA:141,1017
DA:142,1015
DA:143,1014
DA:144,1014
DA:146,95
DA:147,1014
DA:148,1014
DA:149,1014
DA:150,1014
DA:151,1014
DA:154,8065
DA:156,202
DA:157,7863
DA:158,7863
DA:159,7863
DA:160,7863
DA:163,1938
DA:164,1
DA:165,1937
DA:166,1937
DA:168,0
DA:170,13670
DA:180,183180
DA:181,183180
DA:182,183180
DA:183,183180
DA:184,183180
DA:185,183180
DA:187,13671
DA:189,13671
DA:190,1526
DA:191,12145
DA:192,13671
DA:193,9196
DA:194,9196
DA:195,13671
DA:196,13294
DA:197,13294
DA:198,13671
DA:199,13671
DA:200,13671
DA:202,13671
DA:207,0
DA:208,0
DA:209,0
DA:210,0
DA:212,0
DA:221,980
DA:222,980
DA:223,980
DA:224,980
DA:225,980
DA:226,980
DA:227,980
DA:228,980
DA:229,980
DA:230,980
DA:231,0
DA:232,980
DA:233,980
DA:234,980
DA:236,7650
DA:237,7650
DA:238,297
DA:239,7353
DA:240,7353
DA:241,7353
DA:242,49
DA:243,7304
DA:244,7304
DA:245,504
DA:246,6800
DA:247,6800
DA:248,3006
DA:249,3006
DA:250,3006
DA:251,3794
DA:252,3794
DA:253,2584
DA:254,1008
DA:255,202
DA:257,3794
DA:258,3794
DA:259,1951
DA:260,1951
DA:261,1951
DA:262,1951
DA:266,26
DA:267,21
DA:268,5
DA:269,5
DA:270,1925
DA:271,1925
DA:272,32
DA:273,25
DA:274,7
DA:275,7
DA:276,1893
DA:277,1893
DA:278,1245
DA:279,2590
DA:280,2590
DA:281,2590
DA:282,7470
DA:283,0
DA:284,0
DA:285,0
DA:286,1245
DA:287,648
DA:288,1843
DA:289,3736
DA:290,3736
DA:291,2546
DA:292,2546
DA:293,2546
DA:294,1190
DA:295,1190
DA:296,1118
DA:297,1118
DA:298,1118
DA:299,1118
DA:300,1118
DA:301,0
DA:302,72
DA:303,72
DA:304,36
DA:305,36
DA:306,36
DA:308,898
DA:309,314
DA:310,584
DA:311,584
DA:312,584
DA:313,980
DA:319,1236
DA:320,1236
DA:321,1236
DA:322,1236
DA:323,1236
DA:324,1236
DA:325,1236
DA:326,1236
DA:327,1236
DA:328,1236
DA:329,0
DA:330,1236
DA:331,1236
DA:332,1236
DA:334,17827
DA:335,17827
DA:336,688
DA:337,17139
DA:338,17139
DA:339,6756
DA:340,6756
DA:341,6756
DA:342,10383
DA:343,10383
DA:344,10383
DA:345,449
DA:346,9934
DA:347,9934
DA:348,1938
DA:349,5519
DA:350,116
DA:351,2361
DA:353,9934
DA:354,9934
DA:355,9934
DA:356,7538
DA:357,7538
DA:358,7538
DA:359,2396
DA:360,2396
DA:361,172
DA:362,172
DA:363,172
DA:364,172
DA:365,172
DA:366,172
DA:367,2224
DA:368,2224
DA:369,2127
DA:370,2127
DA:371,2125
DA:372,2125
DA:373,2125
DA:374,2
DA:375,97
DA:376,99
DA:377,52
DA:378,47
DA:379,47
DA:381,1189
DA:382,314
DA:383,875
DA:384,875
DA:385,875
DA:386,1236
DA:393,512
DA:394,512
DA:395,512
DA:396,512
DA:397,512
DA:398,512
DA:399,512
DA:400,512
DA:401,512
DA:402,512
DA:403,2101
DA:404,1893
DA:405,1893
DA:406,13
DA:407,7
DA:408,6
DA:409,6
DA:410,1880
DA:411,1880
DA:412,747
DA:413,747
DA:414,1133
DA:415,1133
DA:416,842
DA:417,842
DA:418,291
DA:419,126
DA:420,165
DA:421,165
DA:422,165
DA:423,165
DA:424,165
DA:425,165
DA:428,1589
DA:430,341
DA:431,341
DA:432,512
DA:438,371
DA:439,371
DA:440,371
DA:441,371
DA:442,371
DA:443,371
DA:444,371
DA:445,371
DA:446,371
DA:447,6083
DA:448,5770
DA:449,5770
DA:450,58
DA:451,25
DA:452,33
DA:453,33
DA:454,5712
DA:456,5712
DA:457,2953
DA:458,2953
DA:459,5712
DA:461,5712
DA:463,338
DA:464,338
DA:465,371
DA:471,247
DA:472,247
DA:473,247
DA:474,247
DA:475,247
DA:476,247
DA:477,247
DA:478,247
DA:479,247
DA:480,1204
DA:481,1165
DA:482,1165
DA:483,19
DA:484,8
DA:485,11
DA:486,11
DA:487,1146
DA:488,1146
DA:489,819
DA:490,819
DA:491,819
DA:492,327
DA:493,327
DA:494,327
DA:495,11
DA:496,6
DA:497,5
DA:498,5
DA:499,316
DA:500,316
DA:501,178
DA:502,74
DA:503,104
DA:504,104
DA:505,104
DA:506,104
DA:507,104
DA:508,104
DA:509,138
DA:510,138
DA:511,138
DA:513,127
DA:514,127
DA:515,247
DA:521,182
DA:522,182
DA:523,182
DA:524,182
DA:525,182
DA:526,182
DA:527,182
DA:528,182
DA:529,182
DA:530,182
DA:531,1410
DA:532,1323
DA:533,1323
DA:534,12
DA:535,1
DA:536,11
DA:537,11
DA:538,1311
DA:539,1311
DA:540,398
DA:541,398
DA:542,913
DA:543,913
DA:544,830
DA:545,830
DA:546,830
DA:547,830
DA:549,83
DA:550,35
DA:551,48
DA:552,48
DA:553,48
DA:554,48
DA:555,48
DA:556,48
DA:559,1228
DA:561,123
DA:562,123
DA:563,182
DA:569,179
DA:570,179
DA:571,179
DA:572,179
DA:573,179
DA:574,179
DA:575,179
DA:576,179
DA:577,179
DA:578,179
DA:579,1249
DA:580,1215
DA:581,1215
DA:582,10
DA:583,5
DA:584,5
DA:585,5
DA:586,1205
DA:587,1205
DA:588,600
DA:589,600
DA:590,600
DA:591,605
DA:592,605
DA:593,605
DA:594,4
DA:595,1
DA:596,3
DA:597,3
DA:598,601
DA:599,601
DA:600,472
DA:602,129
DA:604,601
DA:605,131
DA:606,55
DA:607,76
DA:608,76
DA:609,76
DA:610,76
DA:611,76
DA:612,76
DA:613,470
DA:614,470
DA:615,470
DA:617,95
DA:618,95
DA:619,179
DA:635,7325
DA:637,7325
DA:638,7325
DA:639,7325
DA:640,7325
DA:641,7325
DA:642,7325
DA:643,7325
DA:644,7325
DA:646,7325
DA:648,7311
DA:650,7311
DA:651,7311
DA:655,99
DA:656,99
DA:657,99
DA:658,99
DA:659,99
DA:660,99
DA:661,1197
DA:662,1111
DA:663,1111
DA:664,13
DA:665,5
DA:666,8
DA:667,8
DA:668,1098
DA:671,1098
DA:672,393
DA:673,705
DA:674,705
DA:675,705
DA:676,705
DA:678,1098
DA:680,91
DA:681,91
DA:682,99
DA:684,136
DA:685,136
DA:686,136
DA:687,136
DA:688,136
DA:689,136
DA:690,1180
DA:691,1164
DA:692,1164
DA:693,1164
DA:694,20
DA:695,5
DA:696,15
DA:697,15
DA:698,1144
DA:699,1144
DA:700,839
DA:701,839
DA:702,839
DA:703,305
DA:704,305
DA:705,305
DA:706,80
DA:707,36
DA:708,44
DA:709,44
DA:710,225
DA:711,225
DA:712,12
DA:713,8
DA:714,4
DA:715,4
DA:716,213
DA:717,213
DA:718,213
DA:719,213
DA:720,205
DA:721,205
DA:722,205
DA:723,8
DA:724,5
DA:725,3
DA:726,3
DA:729,70
DA:730,70
DA:731,136
DA:733,206
DA:735,206
DA:736,160
DA:737,4
DA:738,0
DA:739,2
DA:740,6
DA:741,0
DA:742,0
DA:743,6
DA:744,0
DA:745,4
DA:746,0
DA:747,24
DA:749,206
DA:751,202
DA:753,202
DA:754,162
DA:755,162
DA:756,162
DA:757,162
DA:758,2
DA:759,2
DA:760,2
DA:761,2
DA:762,2
DA:763,2
DA:764,2
DA:765,2
DA:766,0
DA:767,0
DA:768,0
DA:769,0
DA:770,0
DA:771,0
DA:772,0
DA:773,0
DA:774,0
DA:775,0
DA:776,0
DA:777,0
DA:778,2
DA:779,2
DA:780,2
DA:781,2
DA:782,8
DA:783,8
DA:784,8
DA:785,8
DA:786,2
DA:787,2
DA:788,2
DA:789,2
DA:790,2
DA:791,2
DA:792,2
DA:793,2
DA:794,14
DA:795,14
DA:796,14
DA:797,14
DA:798,0
DA:799,0
DA:800,0
DA:801,0
DA:802,4
DA:803,4
DA:804,4
DA:805,4
DA:806,4
DA:808,202
DA:833,14
DA:834,14
DA:835,14
DA:838,14
DA:840,14
DA:842,204
DA:843,204
DA:844,204
DA:845,204
DA:846,204
DA:847,204
DA:848,204
DA:849,204
DA:850,190
DA:851,14
DA:853,204
DA:855,50
DA:856,50
DA:857,50
DA:858,50
DA:859,39
DA:860,36
DA:861,50
DA:863,53
DA:864,53
DA:865,53
DA:866,53
DA:867,52
DA:868,23
DA:869,53
DA:871,62
DA:872,62
DA:873,62
DA:874,62
DA:875,61
DA:876,59
DA:877,62
DA:879,39
DA:880,39
DA:881,39
DA:882,39
DA:883,38
DA:884,19
DA:885,39
DA:1564,7325
DA:1565,7325
DA:1566,7325
DA:1567,7325
DA:1568,7325
DA:1569,7325
DA:1574,64
DA:1575,64
DA:1576,64
DA:1577,64
DA:1578,64
DA:1579,64
DA:1580,64
DA:1581,30
DA:1583,34
DA:1585,64
DA:1586,64
DA:1587,884
DA:1588,884
DA:1589,820
DA:1590,64
DA:1591,884
DA:1592,884
DA:1594,64
DA:1595,64
BRF:0
BRH:0
LF:645
LH:612
end_of_record
SF:crates/backend/utils/mb/conv/src/utf8_procs.rs
FN:176,_RNvNtCs4Tk8A2Mtuv3_4conv10utf8_procs11gb_unlinear
FN:19,_RNvNtCs4Tk8A2Mtuv3_4conv10utf8_procs14fc_gbk_to_utf8
FN:19,_RNvNtCs4Tk8A2Mtuv3_4conv10utf8_procs14fc_uhc_to_utf8
FN:27,_RNvNtCs4Tk8A2Mtuv3_4conv10utf8_procs14fc_utf8_to_gbk
FN:27,_RNvNtCs4Tk8A2Mtuv3_4conv10utf8_procs14fc_utf8_to_uhc
FN:19,_RNvNtCs4Tk8A2Mtuv3_4conv10utf8_procs15fc_big5_to_utf8
FN:19,_RNvNtCs4Tk8A2Mtuv3_4conv10utf8_procs15fc_sjis_to_utf8
FN:27,_RNvNtCs4Tk8A2Mtuv3_4conv10utf8_procs15fc_utf8_to_big5
FN:27,_RNvNtCs4Tk8A2Mtuv3_4conv10utf8_procs15fc_utf8_to_sjis
FN:19,_RNvNtCs4Tk8A2Mtuv3_4conv10utf8_procs16fc_johab_to_utf8
FN:19,_RNvNtCs4Tk8A2Mtuv3_4conv10utf8_procs16fc_koi8r_to_utf8
FN:19,_RNvNtCs4Tk8A2Mtuv3_4conv10utf8_procs16fc_koi8u_to_utf8
FN:27,_RNvNtCs4Tk8A2Mtuv3_4conv10utf8_procs16fc_utf8_to_johab
FN:27,_RNvNtCs4Tk8A2Mtuv3_4conv10utf8_procs16fc_utf8_to_koi8r
FN:27,_RNvNtCs4Tk8A2Mtuv3_4conv10utf8_procs16fc_utf8_to_koi8u
FN:19,_RNvNtCs4Tk8A2Mtuv3_4conv10utf8_procs17fc_euc_cn_to_utf8
FN:19,_RNvNtCs4Tk8A2Mtuv3_4conv10utf8_procs17fc_euc_jp_to_utf8
FN:19,_RNvNtCs4Tk8A2Mtuv3_4conv10utf8_procs17fc_euc_kr_to_utf8
FN:19,_RNvNtCs4Tk8A2Mtuv3_4conv10utf8_procs17fc_euc_tw_to_utf8
FN:27,_RNvNtCs4Tk8A2Mtuv3_4conv10utf8_procs17fc_utf8_to_euc_cn
FN:27,_RNvNtCs4Tk8A2Mtuv3_4conv10utf8_procs17fc_utf8_to_euc_jp
FN:27,_RNvNtCs4Tk8A2Mtuv3_4conv10utf8_procs17fc_utf8_to_euc_kr
FN:27,_RNvNtCs4Tk8A2Mtuv3_4conv10utf8_procs17fc_utf8_to_euc_tw
FN:228,_RNvNtCs4Tk8A2Mtuv3_4conv10utf8_procs18conv_18030_to_utf8
FN:237,_RNvNtCs4Tk8A2Mtuv3_4conv10utf8_procs18conv_utf8_to_18030
FN:19,_RNvNtCs4Tk8A2Mtuv3_4conv10utf8_procs18fc_gb18030_to_utf8
FN:27,_RNvNtCs4Tk8A2Mtuv3_4conv10utf8_procs18fc_utf8_to_gb18030
FN:184,_RNvNtCs4Tk8A2Mtuv3_4conv10utf8_procs19unicode_to_utf8word
FN:199,_RNvNtCs4Tk8A2Mtuv3_4conv10utf8_procs19utf8word_to_unicode
FN:19,_RNvNtCs4Tk8A2Mtuv3_4conv10utf8_procs23fc_euc_jis_2004_to_utf8
FN:27,_RNvNtCs4Tk8A2Mtuv3_4conv10utf8_procs23fc_utf8_to_euc_jis_2004
FN:19,_RNvNtCs4Tk8A2Mtuv3_4conv10utf8_procs25fc_shift_jis_2004_to_utf8
FN:27,_RNvNtCs4Tk8A2Mtuv3_4conv10utf8_procs25fc_utf8_to_shift_jis_2004
FN:167,_RNvNtCs4Tk8A2Mtuv3_4conv10utf8_procs9gb_linear
FNDA:1118,_RNvNtCs4Tk8A2Mtuv3_4conv10utf8_procs11gb_unlinear
FNDA:73,_RNvNtCs4Tk8A2Mtuv3_4conv10utf8_procs14fc_gbk_to_utf8
FNDA:81,_RNvNtCs4Tk8A2Mtuv3_4conv10utf8_procs14fc_uhc_to_utf8
FNDA:41,_RNvNtCs4Tk8A2Mtuv3_4conv10utf8_procs14fc_utf8_to_gbk
FNDA:46,_RNvNtCs4Tk8A2Mtuv3_4conv10utf8_procs14fc_utf8_to_uhc
FNDA:42,_RNvNtCs4Tk8A2Mtuv3_4conv10utf8_procs15fc_big5_to_utf8
FNDA:42,_RNvNtCs4Tk8A2Mtuv3_4conv10utf8_procs15fc_sjis_to_utf8
FNDA:36,_RNvNtCs4Tk8A2Mtuv3_4conv10utf8_procs15fc_utf8_to_big5
FNDA:42,_RNvNtCs4Tk8A2Mtuv3_4conv10utf8_procs15fc_utf8_to_sjis
FNDA:85,_RNvNtCs4Tk8A2Mtuv3_4conv10utf8_procs16fc_johab_to_utf8
FNDA:40,_RNvNtCs4Tk8A2Mtuv3_4conv10utf8_procs16fc_koi8r_to_utf8
FNDA:46,_RNvNtCs4Tk8A2Mtuv3_4conv10utf8_procs16fc_koi8u_to_utf8
FNDA:41,_RNvNtCs4Tk8A2Mtuv3_4conv10utf8_procs16fc_utf8_to_johab
FNDA:35,_RNvNtCs4Tk8A2Mtuv3_4conv10utf8_procs16fc_utf8_to_koi8r
FNDA:35,_RNvNtCs4Tk8A2Mtuv3_4conv10utf8_procs16fc_utf8_to_koi8u
FNDA:64,_RNvNtCs4Tk8A2Mtuv3_4conv10utf8_procs17fc_euc_cn_to_utf8
FNDA:46,_RNvNtCs4Tk8A2Mtuv3_4conv10utf8_procs17fc_euc_jp_to_utf8
FNDA:49,_RNvNtCs4Tk8A2Mtuv3_4conv10utf8_procs17fc_euc_kr_to_utf8
FNDA:44,_RNvNtCs4Tk8A2Mtuv3_4conv10utf8_procs17fc_euc_tw_to_utf8
FNDA:63,_RNvNtCs4Tk8A2Mtuv3_4conv10utf8_procs17fc_utf8_to_euc_cn
FNDA:36,_RNvNtCs4Tk8A2Mtuv3_4conv10utf8_procs17fc_utf8_to_euc_jp
FNDA:35,_RNvNtCs4Tk8A2Mtuv3_4conv10utf8_procs17fc_utf8_to_euc_kr
FNDA:37,_RNvNtCs4Tk8A2Mtuv3_4conv10utf8_procs17fc_utf8_to_euc_tw
FNDA:2127,_RNvNtCs4Tk8A2Mtuv3_4conv10utf8_procs18conv_18030_to_utf8
FNDA:1118,_RNvNtCs4Tk8A2Mtuv3_4conv10utf8_procs18conv_utf8_to_18030
FNDA:358,_RNvNtCs4Tk8A2Mtuv3_4conv10utf8_procs18fc_gb18030_to_utf8
FNDA:222,_RNvNtCs4Tk8A2Mtuv3_4conv10utf8_procs18fc_utf8_to_gb18030
FNDA:2125,_RNvNtCs4Tk8A2Mtuv3_4conv10utf8_procs19unicode_to_utf8word
FNDA:1118,_RNvNtCs4Tk8A2Mtuv3_4conv10utf8_procs19utf8word_to_unicode
FNDA:74,_RNvNtCs4Tk8A2Mtuv3_4conv10utf8_procs23fc_euc_jis_2004_to_utf8
FNDA:142,_RNvNtCs4Tk8A2Mtuv3_4conv10utf8_procs23fc_utf8_to_euc_jis_2004
FNDA:92,_RNvNtCs4Tk8A2Mtuv3_4conv10utf8_procs25fc_shift_jis_2004_to_utf8
FNDA:79,_RNvNtCs4Tk8A2Mtuv3_4conv10utf8_procs25fc_utf8_to_shift_jis_2004
FNDA:5368,_RNvNtCs4Tk8A2Mtuv3_4conv10utf8_procs9gb_linear
FNF:8
FNH:8
DA:19,1136
DA:20,1136
DA:21,1136
DA:22,780
DA:23,1136
DA:24,780
DA:25,1136
DA:27,890
DA:28,890
DA:29,890
DA:30,542
DA:31,890
DA:33,542
DA:34,890
DA:167,5368
DA:168,5368
DA:169,5368
DA:170,5368
DA:171,5368
DA:172,5368
DA:173,5368
DA:174,5368
DA:176,1118
DA:177,1118
DA:178,1118
DA:179,1118
DA:180,1118
DA:181,1118
DA:182,1118
DA:184,2125
DA:185,2125
DA:186,0
DA:187,2125
DA:188,154
DA:189,1971
DA:190,1824
DA:192,147
DA:193,147
DA:194,147
DA:195,147
DA:197,2125
DA:199,1118
DA:200,1118
DA:201,0
DA:202,1118
DA:203,139
DA:204,979
DA:205,820
DA:207,159
DA:209,1118
DA:228,2127
DA:229,19054
DA:230,19054
DA:231,2125
DA:232,16929
DA:234,2
DA:235,2127
DA:237,1118
DA:238,1118
DA:239,7143
DA:240,7143
DA:241,1118
DA:242,6025
DA:244,0
DA:245,1118
BRF:0
BRH:0
LF:65
LH:62
end_of_record
