SF:/Users/malisper/dev/pgrust-fast/.wt-pgcryptofam-resid/crates/contrib/pgcrypto/src/cipher.rs
FN:42,_RNvMNtCslKWXQXnKcxR_8pgcrypto6cipherNtB2_14BlockEncryptor10block_size
FN:49,_RNvMNtCslKWXQXnKcxR_8pgcrypto6cipherNtB2_14BlockEncryptor13encrypt_block
FN:27,_RNvMNtCslKWXQXnKcxR_8pgcrypto6cipherNtB2_14BlockEncryptor3new
FN:150,_RNvNtCslKWXQXnKcxR_8pgcrypto6cipher10block_size
FN:90,_RNvNtCslKWXQXnKcxR_8pgcrypto6cipher10parse_spec
FN:224,_RNvNtCslKWXQXnKcxR_8pgcrypto6cipher10prepare_iv
FN:157,_RNvNtCslKWXQXnKcxR_8pgcrypto6cipher11prepare_key
FN:133,_RNvNtCslKWXQXnKcxR_8pgcrypto6cipher13resolve_alias
FN:333,_RNvNtCslKWXQXnKcxR_8pgcrypto6cipher7decrypt
FN:316,_RNvNtCslKWXQXnKcxR_8pgcrypto6cipher7encrypt
FNDA:0,_RNvMNtCslKWXQXnKcxR_8pgcrypto6cipherNtB2_14BlockEncryptor10block_size
FNDA:0,_RNvMNtCslKWXQXnKcxR_8pgcrypto6cipherNtB2_14BlockEncryptor13encrypt_block
FNDA:0,_RNvMNtCslKWXQXnKcxR_8pgcrypto6cipherNtB2_14BlockEncryptor3new
FNDA:0,_RNvNtCslKWXQXnKcxR_8pgcrypto6cipher10block_size
FNDA:0,_RNvNtCslKWXQXnKcxR_8pgcrypto6cipher10parse_spec
FNDA:0,_RNvNtCslKWXQXnKcxR_8pgcrypto6cipher10prepare_iv
FNDA:0,_RNvNtCslKWXQXnKcxR_8pgcrypto6cipher11prepare_key
FNDA:0,_RNvNtCslKWXQXnKcxR_8pgcrypto6cipher13resolve_alias
FNDA:0,_RNvNtCslKWXQXnKcxR_8pgcrypto6cipher7decrypt
FNDA:0,_RNvNtCslKWXQXnKcxR_8pgcrypto6cipher7encrypt
FNF:10
FNH:0
DA:27,0
DA:28,0
DA:29,0
DA:30,0
DA:31,0
DA:32,0
DA:33,0
DA:34,0
DA:35,0
DA:36,0
DA:38,0
DA:40,0
DA:42,0
DA:43,0
DA:44,0
DA:45,0
DA:47,0
DA:49,0
DA:50,0
DA:51,0
DA:52,0
DA:53,0
DA:54,0
DA:55,0
DA:56,0
DA:58,0
DA:90,0
DA:91,0
DA:92,0
DA:93,0
DA:95,0
DA:96,0
DA:97,0
DA:98,0
DA:100,0
DA:101,0
DA:102,0
DA:103,0
DA:104,0
DA:105,0
DA:106,0
DA:110,0
DA:111,0
DA:112,0
DA:113,0
DA:114,0
DA:115,0
DA:116,0
DA:117,0
DA:118,0
DA:119,0
DA:120,0
DA:121,0
DA:122,0
DA:123,0
DA:124,0
DA:126,0
DA:127,0
DA:128,0
DA:129,0
DA:130,0
DA:131,0
DA:133,0
DA:134,0
DA:135,0
DA:136,0
DA:137,0
DA:138,0
DA:139,0
DA:140,0
DA:141,0
DA:142,0
DA:143,0
DA:144,0
DA:145,0
DA:147,0
DA:148,0
DA:150,0
DA:151,0
DA:152,0
DA:153,0
DA:155,0
DA:157,0
DA:158,0
DA:160,0
DA:161,0
DA:162,0
DA:163,0
DA:164,0
DA:165,0
DA:167,0
DA:169,0
DA:170,0
DA:171,0
DA:174,0
DA:175,0
DA:176,0
DA:177,0
DA:180,0
DA:181,0
DA:182,0
DA:183,0
DA:186,0
DA:187,0
DA:188,0
DA:192,0
DA:193,0
DA:195,0
DA:196,0
DA:197,0
DA:198,0
DA:199,0
DA:200,0
DA:201,0
DA:202,0
DA:203,0
DA:204,0
DA:208,0
DA:209,0
DA:210,0
DA:213,0
DA:214,0
DA:216,0
DA:217,0
DA:218,0
DA:222,0
DA:224,0
DA:225,0
DA:226,0
DA:227,0
DA:228,0
DA:229,0
DA:230,0
DA:316,0
DA:317,0
DA:318,0
DA:319,0
DA:320,0
DA:321,0
DA:322,0
DA:323,0
DA:324,0
DA:325,0
DA:326,0
DA:327,0
DA:328,0
DA:331,0
DA:333,0
DA:334,0
DA:335,0
DA:336,0
DA:337,0
DA:338,0
DA:339,0
DA:340,0
DA:341,0
DA:342,0
DA:343,0
DA:344,0
DA:345,0
DA:348,0
BRF:0
BRH:0
LF:161
LH:0
end_of_record
SF:/Users/malisper/dev/pgrust-fast/.wt-pgcryptofam-resid/crates/contrib/pgcrypto/src/crypt.rs
FN:79,_RNCNvNtCslKWXQXnKcxR_8pgcrypto5crypt19gensalt_traditional0B5_
FN:260,_RNCNvNtCslKWXQXnKcxR_8pgcrypto5crypt5crypt0B5_
FN:193,_RNCNvNtCslKWXQXnKcxR_8pgcrypto5crypt8gen_salt0B5_
FN:212,_RNCNvNtCslKWXQXnKcxR_8pgcrypto5crypt8gen_salts_0B5_
FN:105,_RNvNtCslKWXQXnKcxR_8pgcrypto5crypt11gensalt_md5
FN:136,_RNvNtCslKWXQXnKcxR_8pgcrypto5crypt11gensalt_sha
FN:223,_RNvNtCslKWXQXnKcxR_8pgcrypto5crypt12run_crypt_bf
FN:217,_RNvNtCslKWXQXnKcxR_8pgcrypto5crypt13run_crypt_des
FN:220,_RNvNtCslKWXQXnKcxR_8pgcrypto5crypt13run_crypt_md5
FN:226,_RNvNtCslKWXQXnKcxR_8pgcrypto5crypt13run_crypt_sha
FN:147,_RNvNtCslKWXQXnKcxR_8pgcrypto5crypt14gensalt_sha256
FN:151,_RNvNtCslKWXQXnKcxR_8pgcrypto5crypt14gensalt_sha512
FN:54,_RNvNtCslKWXQXnKcxR_8pgcrypto5crypt14itoa64_triplet
FN:118,_RNvNtCslKWXQXnKcxR_8pgcrypto5crypt16gensalt_blowfish
FN:87,_RNvNtCslKWXQXnKcxR_8pgcrypto5crypt16gensalt_extended
FN:72,_RNvNtCslKWXQXnKcxR_8pgcrypto5crypt19gensalt_traditional
FN:268,_RNvNtCslKWXQXnKcxR_8pgcrypto5crypt4to64
FN:256,_RNvNtCslKWXQXnKcxR_8pgcrypto5crypt5crypt
FN:191,_RNvNtCslKWXQXnKcxR_8pgcrypto5crypt8gen_salt
FN:275,_RNvNtCslKWXQXnKcxR_8pgcrypto5crypt9crypt_md5
FN:32,_RNvXNtCslKWXQXnKcxR_8pgcrypto5cryptNtB2_10CryptErrorINtNtCsgCqEmdVpQpy_4core7convert4FromNtNtCs5Krw3tdo0Zr_5alloc6string6StringE4from
FNDA:2,_RNCNvNtCslKWXQXnKcxR_8pgcrypto5crypt19gensalt_traditional0B5_
FNDA:62,_RNCNvNtCslKWXQXnKcxR_8pgcrypto5crypt5crypt0B5_
FNDA:23,_RNCNvNtCslKWXQXnKcxR_8pgcrypto5crypt8gen_salt0B5_
FNDA:0,_RNCNvNtCslKWXQXnKcxR_8pgcrypto5crypt8gen_salts_0B5_
FNDA:1,_RNvNtCslKWXQXnKcxR_8pgcrypto5crypt11gensalt_md5
FNDA:1,_RNvNtCslKWXQXnKcxR_8pgcrypto5crypt11gensalt_sha
FNDA:1,_RNvNtCslKWXQXnKcxR_8pgcrypto5crypt12run_crypt_bf
FNDA:6,_RNvNtCslKWXQXnKcxR_8pgcrypto5crypt13run_crypt_des
FNDA:0,_RNvNtCslKWXQXnKcxR_8pgcrypto5crypt13run_crypt_md5
FNDA:3,_RNvNtCslKWXQXnKcxR_8pgcrypto5crypt13run_crypt_sha
FNDA:1,_RNvNtCslKWXQXnKcxR_8pgcrypto5crypt14gensalt_sha256
FNDA:0,_RNvNtCslKWXQXnKcxR_8pgcrypto5crypt14gensalt_sha512
FNDA:3,_RNvNtCslKWXQXnKcxR_8pgcrypto5crypt14itoa64_triplet
FNDA:2,_RNvNtCslKWXQXnKcxR_8pgcrypto5crypt16gensalt_blowfish
FNDA:1,_RNvNtCslKWXQXnKcxR_8pgcrypto5crypt16gensalt_extended
FNDA:1,_RNvNtCslKWXQXnKcxR_8pgcrypto5crypt19gensalt_traditional
FNDA:0,_RNvNtCslKWXQXnKcxR_8pgcrypto5crypt4to64
FNDA:10,_RNvNtCslKWXQXnKcxR_8pgcrypto5crypt5crypt
FNDA:7,_RNvNtCslKWXQXnKcxR_8pgcrypto5crypt8gen_salt
FNDA:0,_RNvNtCslKWXQXnKcxR_8pgcrypto5crypt9crypt_md5
FNDA:1,_RNvXNtCslKWXQXnKcxR_8pgcrypto5cryptNtB2_10CryptErrorINtNtCsgCqEmdVpQpy_4core7convert4FromNtNtCs5Krw3tdo0Zr_5alloc6string6StringE4from
FNF:21
FNH:16
DA:32,1
DA:33,1
DA:34,1
DA:54,3
DA:55,3
DA:56,12
DA:57,12
DA:58,12
DA:59,3
DA:72,1
DA:73,1
DA:74,0
DA:75,1
DA:77,1
DA:78,1
DA:79,2
DA:80,1
DA:82,1
DA:87,1
DA:88,1
DA:89,0
DA:90,1
DA:91,1
DA:92,0
DA:93,1
DA:94,1
DA:95,4
DA:96,4
DA:97,4
DA:98,1
DA:99,1
DA:100,1
DA:105,1
DA:106,1
DA:107,0
DA:108,1
DA:109,1
DA:110,1
DA:111,1
DA:112,1
DA:113,1
DA:114,1
DA:115,1
DA:118,2
DA:119,2
DA:120,0
DA:121,2
DA:122,2
DA:123,0
DA:124,2
DA:125,2
DA:126,2
DA:127,2
DA:128,2
DA:129,2
DA:130,2
DA:131,2
DA:132,2
DA:136,1
DA:137,1
DA:138,0
DA:139,1
DA:140,1
DA:141,16
DA:142,16
DA:143,16
DA:144,1
DA:145,1
DA:147,1
DA:148,1
DA:149,1
DA:151,0
DA:152,0
DA:153,0
DA:191,7
DA:193,23
DA:194,0
DA:197,7
DA:198,5
DA:199,4
DA:200,4
DA:201,5
DA:202,1
DA:203,4
DA:204,2
DA:206,6
DA:207,6
DA:208,0
DA:209,6
DA:212,6
DA:213,7
DA:217,6
DA:218,6
DA:219,6
DA:220,0
DA:221,0
DA:222,0
DA:223,1
DA:224,1
DA:225,1
DA:226,3
DA:227,3
DA:228,3
DA:256,10
DA:257,10
DA:258,10
DA:259,10
DA:260,62
DA:261,10
DA:262,10
DA:263,0
DA:264,10
DA:266,10
DA:268,0
DA:269,0
DA:270,0
DA:271,0
DA:272,0
DA:273,0
DA:275,0
DA:277,0
DA:278,0
DA:279,0
DA:280,0
DA:281,0
DA:282,0
DA:284,0
DA:285,0
DA:286,0
DA:287,0
DA:288,0
DA:290,0
DA:291,0
DA:292,0
DA:293,0
DA:294,0
DA:295,0
DA:296,0
DA:297,0
DA:298,0
DA:299,0
DA:300,0
DA:301,0
DA:302,0
DA:303,0
DA:304,0
DA:305,0
DA:306,0
DA:307,0
DA:309,0
DA:311,0
DA:312,0
DA:313,0
DA:314,0
DA:315,0
DA:316,0
DA:317,0
DA:318,0
DA:319,0
DA:320,0
DA:321,0
DA:322,0
DA:323,0
DA:324,0
DA:325,0
DA:326,0
DA:327,0
DA:328,0
DA:329,0
DA:332,0
DA:333,0
DA:334,0
DA:335,0
DA:336,0
DA:337,0
DA:338,0
DA:339,0
DA:341,0
DA:342,0
DA:343,0
DA:344,0
DA:345,0
DA:346,0
BRF:0
BRH:0
LF:187
LH:100
end_of_record
SF:/Users/malisper/dev/pgrust-fast/.wt-pgcryptofam-resid/crates/contrib/pgcrypto/src/crypt/bcrypt.rs
FN:20,_RNCNvNtNtCslKWXQXnKcxR_8pgcrypto5crypt6bcrypt6atoi640B7_
FN:20,_RNCNvNtNtCslKWXQXnKcxR_8pgcrypto5crypt6bcrypt6atoi64s_0B7_
FN:90,_RNvNtNtCslKWXQXnKcxR_8pgcrypto5crypt6bcrypt10bf_set_key
FN:11,_RNvNtNtCslKWXQXnKcxR_8pgcrypto5crypt6bcrypt12invalid_salt
FN:131,_RNvNtNtCslKWXQXnKcxR_8pgcrypto5crypt6bcrypt13encode_salt64
FN:121,_RNvNtNtCslKWXQXnKcxR_8pgcrypto5crypt6bcrypt18expanded_key_bytes
FN:19,_RNvNtNtCslKWXQXnKcxR_8pgcrypto5crypt6bcrypt6atoi64
FN:136,_RNvNtNtCslKWXQXnKcxR_8pgcrypto5crypt6bcrypt8crypt_bf
FN:24,_RNvNtNtCslKWXQXnKcxR_8pgcrypto5crypt6bcrypt9bf_decode
FN:50,_RNvNtNtCslKWXQXnKcxR_8pgcrypto5crypt6bcrypt9bf_encode
FNDA:23,_RNCNvNtNtCslKWXQXnKcxR_8pgcrypto5crypt6bcrypt6atoi640B7_
FNDA:23,_RNCNvNtNtCslKWXQXnKcxR_8pgcrypto5crypt6bcrypt6atoi64s_0B7_
FNDA:1,_RNvNtNtCslKWXQXnKcxR_8pgcrypto5crypt6bcrypt10bf_set_key
FNDA:0,_RNvNtNtCslKWXQXnKcxR_8pgcrypto5crypt6bcrypt12invalid_salt
FNDA:2,_RNvNtNtCslKWXQXnKcxR_8pgcrypto5crypt6bcrypt13encode_salt64
FNDA:1,_RNvNtNtCslKWXQXnKcxR_8pgcrypto5crypt6bcrypt18expanded_key_bytes
FNDA:23,_RNvNtNtCslKWXQXnKcxR_8pgcrypto5crypt6bcrypt6atoi64
FNDA:1,_RNvNtNtCslKWXQXnKcxR_8pgcrypto5crypt6bcrypt8crypt_bf
FNDA:1,_RNvNtNtCslKWXQXnKcxR_8pgcrypto5crypt6bcrypt9bf_decode
FNDA:3,_RNvNtNtCslKWXQXnKcxR_8pgcrypto5crypt6bcrypt9bf_encode
FNF:10
FNH:9
DA:11,0
DA:12,0
DA:13,0
DA:19,23
DA:20,23
DA:21,23
DA:24,1
DA:25,1
DA:26,1
DA:27,6
DA:28,6
DA:29,6
DA:30,6
DA:31,6
DA:32,6
DA:33,6
DA:34,1
DA:35,5
DA:36,5
DA:37,5
DA:38,5
DA:39,5
DA:40,0
DA:41,5
DA:42,5
DA:43,5
DA:44,5
DA:46,1
DA:47,1
DA:50,3
DA:51,3
DA:52,3
DA:53,20
DA:54,20
DA:55,20
DA:56,20
DA:57,20
DA:58,20
DA:59,2
DA:60,2
DA:61,18
DA:62,18
DA:63,18
DA:64,18
DA:65,18
DA:66,18
DA:67,18
DA:68,1
DA:69,1
DA:70,17
DA:71,17
DA:72,17
DA:73,17
DA:74,17
DA:75,17
DA:77,3
DA:78,3
DA:90,1
DA:91,1
DA:92,1
DA:93,18
DA:94,18
DA:95,18
DA:97,72
DA:98,72
DA:99,72
DA:100,0
DA:101,72
DA:102,72
DA:103,72
DA:104,72
DA:105,24
DA:106,48
DA:107,48
DA:108,48
DA:110,18
DA:112,1
DA:113,1
DA:121,1
DA:122,1
DA:123,18
DA:124,18
DA:125,18
DA:126,1
DA:127,1
DA:131,2
DA:132,2
DA:133,2
DA:136,1
DA:138,1
DA:139,1
DA:140,1
DA:141,1
DA:142,1
DA:143,1
DA:144,1
DA:145,1
DA:146,1
DA:147,1
DA:149,0
DA:150,1
DA:152,1
DA:153,1
DA:154,1
DA:155,0
DA:156,1
DA:159,1
DA:160,1
DA:163,1
DA:164,1
DA:168,1
DA:169,1
DA:170,1
DA:174,16
DA:175,16
DA:176,16
DA:180,1
DA:181,1
DA:182,1
DA:183,3
DA:184,3
DA:185,192
DA:186,192
DA:187,192
DA:188,3
DA:189,3
DA:194,1
DA:195,6
DA:196,6
DA:197,6
DA:198,1
DA:203,1
DA:204,1
DA:205,1
DA:206,1
DA:207,1
DA:208,1
DA:209,1
DA:210,1
DA:211,1
BRF:0
BRH:0
LF:142
LH:135
end_of_record
SF:/Users/malisper/dev/pgrust-fast/.wt-pgcryptofam-resid/crates/contrib/pgcrypto/src/crypt/cryptdes.rs
FN:117,_RNCNvNtNtCslKWXQXnKcxR_8pgcrypto5crypt8cryptdes8des_init0B7_
FN:118,_RNCNvNtNtCslKWXQXnKcxR_8pgcrypto5crypt8cryptdes8des_inits_0B7_
FN:486,_RNvMNtNtCslKWXQXnKcxR_8pgcrypto5crypt8cryptdesNtB2_8DesState10des_cipher
FN:317,_RNvMNtNtCslKWXQXnKcxR_8pgcrypto5crypt8cryptdesNtB2_8DesState10des_setkey
FN:303,_RNvMNtNtCslKWXQXnKcxR_8pgcrypto5crypt8cryptdesNtB2_8DesState10setup_salt
FN:293,_RNvMNtNtCslKWXQXnKcxR_8pgcrypto5crypt8cryptdesNtB2_8DesState3new
FN:380,_RNvMNtNtCslKWXQXnKcxR_8pgcrypto5crypt8cryptdesNtB2_8DesState6do_des
FN:18,_RNvNtNtCslKWXQXnKcxR_8pgcrypto5crypt8cryptdes11crypt3_null
FN:500,_RNvNtNtCslKWXQXnKcxR_8pgcrypto5crypt8cryptdes12ascii_to_bin
FN:530,_RNvNtNtCslKWXQXnKcxR_8pgcrypto5crypt8cryptdes12px_crypt_des
FN:276,_RNvNtNtCslKWXQXnKcxR_8pgcrypto5crypt8cryptdes6tables
FN:115,_RNvNtNtCslKWXQXnKcxR_8pgcrypto5crypt8cryptdes8des_init
FNDA:3584,_RNCNvNtNtCslKWXQXnKcxR_8pgcrypto5crypt8cryptdes8des_init0B7_
FNDA:3072,_RNCNvNtNtCslKWXQXnKcxR_8pgcrypto5crypt8cryptdes8des_inits_0B7_
FNDA:0,_RNvMNtNtCslKWXQXnKcxR_8pgcrypto5crypt8cryptdesNtB2_8DesState10des_cipher
FNDA:5,_RNvMNtNtCslKWXQXnKcxR_8pgcrypto5crypt8cryptdesNtB2_8DesState10des_setkey
FNDA:5,_RNvMNtNtCslKWXQXnKcxR_8pgcrypto5crypt8cryptdesNtB2_8DesState10setup_salt
FNDA:5,_RNvMNtNtCslKWXQXnKcxR_8pgcrypto5crypt8cryptdesNtB2_8DesState3new
FNDA:5,_RNvMNtNtCslKWXQXnKcxR_8pgcrypto5crypt8cryptdesNtB2_8DesState6do_des
FNDA:0,_RNvNtNtCslKWXQXnKcxR_8pgcrypto5crypt8cryptdes11crypt3_null
FNDA:22,_RNvNtNtCslKWXQXnKcxR_8pgcrypto5crypt8cryptdes12ascii_to_bin
FNDA:5,_RNvNtNtCslKWXQXnKcxR_8pgcrypto5crypt8cryptdes12px_crypt_des
FNDA:10,_RNvNtNtCslKWXQXnKcxR_8pgcrypto5crypt8cryptdes6tables
FNDA:1,_RNvNtNtCslKWXQXnKcxR_8pgcrypto5crypt8cryptdes8des_init
FNF:12
FNH:10
DA:18,0
DA:19,0
DA:20,0
DA:115,1
DA:117,3584
DA:118,3072
DA:121,1
DA:122,8
DA:123,512
DA:124,512
DA:125,512
DA:126,512
DA:130,1
DA:131,4
DA:132,256
DA:133,16384
DA:134,16384
DA:135,16384
DA:140,1
DA:141,1
DA:142,1
DA:143,64
DA:144,64
DA:145,64
DA:146,64
DA:147,64
DA:150,1
DA:151,56
DA:152,56
DA:153,56
DA:154,56
DA:157,48
DA:158,48
DA:159,48
DA:161,1
DA:162,1
DA:163,1
DA:164,1
DA:165,1
DA:166,1
DA:167,1
DA:168,1
DA:170,8
DA:171,2048
DA:172,2048
DA:173,2048
DA:174,2048
DA:175,2048
DA:176,16384
DA:177,16384
DA:178,16384
DA:179,8192
DA:180,8192
DA:181,4096
DA:182,4096
DA:183,4096
DA:184,4096
DA:185,8192
DA:186,8192
DA:187,4096
DA:188,4096
DA:189,4096
DA:190,4096
DA:191,8192
DA:193,2048
DA:194,2048
DA:195,2048
DA:196,2048
DA:198,1024
DA:199,1024
DA:200,1024
DA:201,7168
DA:202,7168
DA:203,7168
DA:204,3584
DA:205,3584
DA:206,0
DA:207,3584
DA:208,3584
DA:209,3584
DA:210,1792
DA:211,1792
DA:212,1792
DA:213,1792
DA:214,3584
DA:216,1024
DA:217,1024
DA:219,1024
DA:220,1024
DA:221,7168
DA:222,7168
DA:223,7168
DA:224,3584
DA:225,3584
DA:226,512
DA:227,3072
DA:228,3072
DA:229,3072
DA:230,1536
DA:231,1536
DA:232,1536
DA:233,1536
DA:234,3584
DA:236,1024
DA:237,1024
DA:242,1
DA:243,32
DA:244,32
DA:245,32
DA:247,1
DA:248,4
DA:249,1024
DA:250,1024
DA:251,8192
DA:252,8192
DA:253,4096
DA:254,4096
DA:256,1024
DA:260,1
DA:261,1
DA:262,1
DA:263,1
DA:264,1
DA:265,1
DA:266,1
DA:267,1
DA:268,1
DA:269,1
DA:270,1
DA:271,1
DA:272,1
DA:276,10
DA:278,10
DA:279,10
DA:293,5
DA:294,5
DA:295,5
DA:296,5
DA:297,5
DA:298,5
DA:299,5
DA:300,5
DA:301,5
DA:303,5
DA:304,5
DA:305,5
DA:306,5
DA:307,5
DA:308,120
DA:309,39
DA:310,81
DA:311,120
DA:312,120
DA:314,5
DA:315,5
DA:317,5
DA:318,5
DA:319,5
DA:320,5
DA:323,5
DA:324,5
DA:325,5
DA:326,5
DA:327,5
DA:328,5
DA:329,5
DA:330,5
DA:331,5
DA:332,5
DA:333,5
DA:334,5
DA:335,5
DA:336,5
DA:337,5
DA:338,5
DA:339,5
DA:340,5
DA:343,5
DA:344,5
DA:345,5
DA:346,80
DA:347,80
DA:348,80
DA:349,80
DA:350,80
DA:351,80
DA:352,80
DA:353,80
DA:354,80
DA:355,80
DA:356,80
DA:357,80
DA:358,80
DA:359,80
DA:360,80
DA:361,80
DA:362,80
DA:363,80
DA:364,80
DA:365,80
DA:366,80
DA:367,80
DA:368,80
DA:369,80
DA:370,80
DA:371,80
DA:372,80
DA:373,80
DA:374,5
DA:380,5
DA:381,5
DA:383,5
DA:384,0
DA:385,5
DA:386,5
DA:388,0
DA:391,5
DA:394,5
DA:395,5
DA:396,5
DA:397,5
DA:398,5
DA:399,5
DA:400,5
DA:401,5
DA:402,5
DA:403,5
DA:404,5
DA:405,5
DA:406,5
DA:407,5
DA:408,5
DA:409,5
DA:410,5
DA:411,5
DA:413,5
DA:414,5
DA:416,5
DA:417,590
DA:421,585
DA:422,585
DA:423,585
DA:424,585
DA:425,585
DA:426,585
DA:427,9945
DA:428,9360
DA:429,9360
DA:430,9360
DA:431,9360
DA:432,9360
DA:433,9360
DA:434,9360
DA:435,9360
DA:436,9360
DA:437,9360
DA:438,9360
DA:439,9360
DA:440,9360
DA:441,9360
DA:442,9360
DA:443,9360
DA:444,9360
DA:445,9360
DA:446,9360
DA:447,9360
DA:448,9360
DA:449,9360
DA:450,9360
DA:451,9360
DA:452,9360
DA:453,9360
DA:454,9360
DA:455,9360
DA:456,9360
DA:457,585
DA:458,585
DA:462,5
DA:463,5
DA:464,5
DA:465,5
DA:466,5
DA:467,5
DA:468,5
DA:469,5
DA:470,5
DA:471,5
DA:472,5
DA:473,5
DA:474,5
DA:475,5
DA:476,5
DA:477,5
DA:478,5
DA:479,5
DA:481,5
DA:482,5
DA:486,0
DA:487,0
DA:488,0
DA:489,0
DA:490,0
DA:491,0
DA:493,0
DA:494,0
DA:495,0
DA:496,0
DA:500,22
DA:501,22
DA:502,22
DA:503,0
DA:504,22
DA:505,22
DA:506,13
DA:507,9
DA:508,9
DA:509,0
DA:510,9
DA:511,9
DA:512,0
DA:513,9
DA:514,9
DA:515,0
DA:516,9
DA:517,9
DA:518,7
DA:519,2
DA:520,2
DA:521,22
DA:530,5
DA:531,5
DA:536,5
DA:537,5
DA:538,40
DA:539,40
DA:540,40
DA:541,40
DA:542,18
DA:543,22
DA:545,5
DA:549,5
DA:551,5
DA:553,2
DA:554,8
DA:555,8
DA:556,8
DA:557,2
DA:558,8
DA:559,8
DA:560,8
DA:561,2
DA:562,2
DA:565,2
DA:566,0
DA:567,0
DA:568,0
DA:569,0
DA:570,0
DA:571,0
DA:572,0
DA:573,0
DA:577,18
DA:578,18
DA:579,0
DA:580,18
DA:581,18
DA:585,3
DA:586,3
DA:588,3
DA:590,3
DA:591,3
DA:593,0
DA:597,5
DA:600,5
DA:603,5
DA:604,5
DA:605,5
DA:606,5
DA:607,5
DA:608,5
DA:610,5
DA:611,5
DA:612,5
DA:613,5
DA:614,5
DA:616,5
DA:617,5
DA:618,5
DA:619,5
DA:621,5
DA:622,5
BRF:0
BRH:0
LF:393
LH:363
end_of_record
SF:/Users/malisper/dev/pgrust-fast/.wt-pgcryptofam-resid/crates/contrib/pgcrypto/src/crypt/desc.rs
FN:35,_RNvNtNtCslKWXQXnKcxR_8pgcrypto5crypt4desc10crypt_xdes
FN:26,_RNvNtNtCslKWXQXnKcxR_8pgcrypto5crypt4desc13run_crypt_des
FN:14,_RNvNtNtCslKWXQXnKcxR_8pgcrypto5crypt4desc9crypt_des
FNDA:2,_RNvNtNtCslKWXQXnKcxR_8pgcrypto5crypt4desc10crypt_xdes
FNDA:6,_RNvNtNtCslKWXQXnKcxR_8pgcrypto5crypt4desc13run_crypt_des
FNDA:4,_RNvNtNtCslKWXQXnKcxR_8pgcrypto5crypt4desc9crypt_des
FNF:3
FNH:3
DA:14,4
DA:15,4
DA:16,1
DA:17,3
DA:18,3
DA:19,3
DA:20,4
DA:26,6
DA:27,6
DA:28,2
DA:30,4
DA:32,6
DA:35,2
DA:37,2
DA:38,0
DA:39,2
DA:40,2
DA:41,2
DA:42,2
BRF:0
BRH:0
LF:19
LH:18
end_of_record
SF:/Users/malisper/dev/pgrust-fast/.wt-pgcryptofam-resid/crates/contrib/pgcrypto/src/crypt/shacrypt.rs
FN:241,_RINvNtNtCslKWXQXnKcxR_8pgcrypto5crypt8shacrypt10sha2_cryptNtB2_6Ctx256EB6_
FN:241,_RINvNtNtCslKWXQXnKcxR_8pgcrypto5crypt8shacrypt10sha2_cryptNtB2_6Ctx512EB6_
FN:123,_RNCNvNtNtCslKWXQXnKcxR_8pgcrypto5crypt8shacrypt8contains0B7_
FN:89,_RNCNvNtNtCslKWXQXnKcxR_8pgcrypto5crypt8shacrypt8strtol100B7_
FN:357,_RNCNvNtNtCslKWXQXnKcxR_8pgcrypto5crypt8shacrypt9crypt_sha0B7_
FN:136,_RNvNtNtCslKWXQXnKcxR_8pgcrypto5crypt8shacrypt12clamp_rounds
FN:158,_RNvNtNtCslKWXQXnKcxR_8pgcrypto5crypt8shacrypt13hash64_encode
FN:42,_RNvNtNtCslKWXQXnKcxR_8pgcrypto5crypt8shacrypt6notice
FN:110,_RNvNtNtCslKWXQXnKcxR_8pgcrypto5crypt8shacrypt7mb_char
FN:122,_RNvNtNtCslKWXQXnKcxR_8pgcrypto5crypt8shacrypt8contains
FN:59,_RNvNtNtCslKWXQXnKcxR_8pgcrypto5crypt8shacrypt8err_elog
FN:71,_RNvNtNtCslKWXQXnKcxR_8pgcrypto5crypt8shacrypt8strtol10
FN:353,_RNvNtNtCslKWXQXnKcxR_8pgcrypto5crypt8shacrypt9crypt_sha
FN:50,_RNvNtNtCslKWXQXnKcxR_8pgcrypto5crypt8shacrypt9err_22023
FN:199,_RNvXNtNtCslKWXQXnKcxR_8pgcrypto5crypt8shacryptNtB2_6Ctx256NtB2_6ShaCtx4init
FN:205,_RNvXNtNtCslKWXQXnKcxR_8pgcrypto5crypt8shacryptNtB2_6Ctx256NtB2_6ShaCtx6finish
FN:202,_RNvXNtNtCslKWXQXnKcxR_8pgcrypto5crypt8shacryptNtB2_6Ctx256NtB2_6ShaCtx6update
FN:213,_RNvXs_NtNtCslKWXQXnKcxR_8pgcrypto5crypt8shacryptNtB4_6Ctx512NtB4_6ShaCtx4init
FN:219,_RNvXs_NtNtCslKWXQXnKcxR_8pgcrypto5crypt8shacryptNtB4_6Ctx512NtB4_6ShaCtx6finish
FN:216,_RNvXs_NtNtCslKWXQXnKcxR_8pgcrypto5crypt8shacryptNtB4_6Ctx512NtB4_6ShaCtx6update
FNDA:1,_RINvNtNtCslKWXQXnKcxR_8pgcrypto5crypt8shacrypt10sha2_cryptNtB2_6Ctx256EB6_
FNDA:0,_RINvNtNtCslKWXQXnKcxR_8pgcrypto5crypt8shacrypt10sha2_cryptNtB2_6Ctx512EB6_
FNDA:128,_RNCNvNtNtCslKWXQXnKcxR_8pgcrypto5crypt8shacrypt8contains0B7_
FNDA:12,_RNCNvNtNtCslKWXQXnKcxR_8pgcrypto5crypt8shacrypt8strtol100B7_
FNDA:61,_RNCNvNtNtCslKWXQXnKcxR_8pgcrypto5crypt8shacrypt9crypt_sha0B7_
FNDA:3,_RNvNtNtCslKWXQXnKcxR_8pgcrypto5crypt8shacrypt12clamp_rounds
FNDA:1,_RNvNtNtCslKWXQXnKcxR_8pgcrypto5crypt8shacrypt13hash64_encode
FNDA:0,_RNvNtNtCslKWXQXnKcxR_8pgcrypto5crypt8shacrypt6notice
FNDA:2,_RNvNtNtCslKWXQXnKcxR_8pgcrypto5crypt8shacrypt7mb_char
FNDA:36,_RNvNtNtCslKWXQXnKcxR_8pgcrypto5crypt8shacrypt8contains
FNDA:0,_RNvNtNtCslKWXQXnKcxR_8pgcrypto5crypt8shacrypt8err_elog
FNDA:3,_RNvNtNtCslKWXQXnKcxR_8pgcrypto5crypt8shacrypt8strtol10
FNDA:3,_RNvNtNtCslKWXQXnKcxR_8pgcrypto5crypt8shacrypt9crypt_sha
FNDA:2,_RNvNtNtCslKWXQXnKcxR_8pgcrypto5crypt8shacrypt9err_22023
FNDA:1004,_RNvXNtNtCslKWXQXnKcxR_8pgcrypto5crypt8shacryptNtB2_6Ctx256NtB2_6ShaCtx4init
FNDA:1004,_RNvXNtNtCslKWXQXnKcxR_8pgcrypto5crypt8shacryptNtB2_6Ctx256NtB2_6ShaCtx6finish
FNDA:3757,_RNvXNtNtCslKWXQXnKcxR_8pgcrypto5crypt8shacryptNtB2_6Ctx256NtB2_6ShaCtx6update
FNDA:0,_RNvXs_NtNtCslKWXQXnKcxR_8pgcrypto5crypt8shacryptNtB4_6Ctx512NtB4_6ShaCtx4init
FNDA:0,_RNvXs_NtNtCslKWXQXnKcxR_8pgcrypto5crypt8shacryptNtB4_6Ctx512NtB4_6ShaCtx6finish
FNDA:0,_RNvXs_NtNtCslKWXQXnKcxR_8pgcrypto5crypt8shacryptNtB4_6Ctx512NtB4_6ShaCtx6update
FNF:19
FNH:14
DA:42,0
DA:43,0
DA:44,0
DA:45,0
DA:46,0
DA:47,0
DA:50,2
DA:51,2
DA:52,2
DA:53,2
DA:54,2
DA:55,2
DA:56,2
DA:59,0
DA:60,0
DA:61,0
DA:62,0
DA:63,0
DA:64,0
DA:65,0
DA:71,3
DA:72,3
DA:73,3
DA:74,0
DA:75,0
DA:76,3
DA:77,3
DA:78,0
DA:79,0
DA:80,3
DA:81,3
DA:82,3
DA:83,3
DA:84,15
DA:85,12
DA:86,12
DA:87,12
DA:89,12
DA:90,12
DA:91,0
DA:93,0
DA:94,12
DA:96,3
DA:97,0
DA:98,3
DA:99,3
DA:100,0
DA:101,3
DA:102,3
DA:103,3
DA:110,2
DA:111,2
DA:112,2
DA:113,2
DA:114,2
DA:115,2
DA:116,0
DA:118,2
DA:119,2
DA:120,2
DA:122,36
DA:123,128
DA:124,36
DA:136,3
DA:137,3
DA:138,0
DA:139,0
DA:140,0
DA:141,0
DA:142,0
DA:143,0
DA:144,3
DA:145,0
DA:146,0
DA:147,0
DA:148,0
DA:149,0
DA:150,0
DA:152,3
DA:154,3
DA:158,1
DA:159,1
DA:160,1
DA:161,11
DA:162,11
DA:163,11
DA:164,11
DA:165,33
DA:166,33
DA:167,33
DA:168,33
DA:170,44
DA:171,44
DA:172,44
DA:173,44
DA:175,1
DA:176,0
DA:177,0
DA:178,0
DA:179,0
DA:180,1
DA:181,1
DA:182,1
DA:183,0
DA:185,1
DA:186,1
DA:199,1004
DA:200,1004
DA:201,1004
DA:202,3757
DA:203,3757
DA:204,3757
DA:205,1004
DA:206,1004
DA:207,1004
DA:213,0
DA:214,0
DA:215,0
DA:216,0
DA:217,0
DA:218,0
DA:219,0
DA:220,0
DA:221,0
DA:241,1
DA:242,1
DA:243,1
DA:244,1
DA:245,1
DA:246,1
DA:247,1
DA:248,1
DA:249,1
DA:250,1
DA:253,1
DA:254,1
DA:255,1
DA:256,1
DA:257,1
DA:260,1
DA:261,1
DA:262,1
DA:265,1
DA:266,1
DA:267,1
DA:268,1
DA:269,1
DA:270,1
DA:271,0
DA:272,0
DA:276,1
DA:277,3
DA:278,2
DA:279,1
DA:280,1
DA:281,1
DA:282,1
DA:283,2
DA:287,1
DA:290,1
DA:291,2
DA:292,2
DA:293,2
DA:294,1
DA:295,1
DA:296,1
DA:297,1
DA:298,1
DA:299,1
DA:300,1
DA:301,0
DA:302,0
DA:307,1
DA:308,224
DA:309,224
DA:310,224
DA:311,1
DA:312,1
DA:313,1
DA:316,1000
DA:320,1000
DA:322,1000
DA:323,1000
DA:324,500
DA:325,500
DA:326,500
DA:327,500
DA:328,1000
DA:329,666
DA:330,666
DA:331,1000
DA:332,857
DA:333,857
DA:334,1000
DA:335,500
DA:336,500
DA:337,500
DA:338,500
DA:339,1000
DA:342,1
DA:343,32
DA:344,32
DA:345,32
DA:346,1
DA:347,1
DA:348,1
DA:353,3
DA:354,3
DA:357,61
DA:360,3
DA:361,0
DA:362,3
DA:364,3
DA:365,0
DA:366,0
DA:367,0
DA:368,0
DA:369,0
DA:370,0
DA:371,3
DA:375,3
DA:376,3
DA:377,0
DA:378,0
DA:379,0
DA:380,0
DA:381,0
DA:382,0
DA:383,0
DA:388,3
DA:389,3
DA:390,3
DA:391,3
DA:392,3
DA:393,3
DA:395,3
DA:396,3
DA:397,0
DA:398,0
DA:399,0
DA:400,0
DA:401,0
DA:402,3
DA:403,3
DA:404,3
DA:405,0
DA:406,0
DA:407,3
DA:408,3
DA:409,3
DA:410,0
DA:417,3
DA:418,3
DA:419,13
DA:420,12
DA:421,0
DA:422,12
DA:423,12
DA:424,0
DA:425,12
DA:426,12
DA:427,12
DA:428,12
DA:429,10
DA:430,10
DA:431,2
DA:432,2
DA:433,2
DA:434,2
DA:436,0
DA:439,0
DA:440,0
DA:443,10
DA:445,1
DA:448,1
DA:450,1
DA:451,0
DA:453,1
DA:455,1
DA:456,1
DA:458,1
DA:459,1
DA:460,1
DA:462,0
DA:464,3
BRF:0
BRH:0
LF:288
LH:207
end_of_record
SF:/Users/malisper/dev/pgrust-fast/.wt-pgcryptofam-resid/crates/contrib/pgcrypto/src/hashing.rs
FN:56,_RNCNvNtCslKWXQXnKcxR_8pgcrypto7hashing4hmac0B5_
FN:67,_RNCNvNtCslKWXQXnKcxR_8pgcrypto7hashing4hmacs0_0B5_
FN:66,_RNCNvNtCslKWXQXnKcxR_8pgcrypto7hashing4hmacs_0B5_
FN:50,_RNCNvNtCslKWXQXnKcxR_8pgcrypto7hashing6digest0B5_
FN:33,_RNvNtCslKWXQXnKcxR_8pgcrypto7hashing10hash_bytes
FN:20,_RNvNtCslKWXQXnKcxR_8pgcrypto7hashing11find_digest
FN:55,_RNvNtCslKWXQXnKcxR_8pgcrypto7hashing4hmac
FN:49,_RNvNtCslKWXQXnKcxR_8pgcrypto7hashing6digest
FN:45,_RNvNtCslKWXQXnKcxR_8pgcrypto7hashing7no_hash
FNDA:0,_RNCNvNtCslKWXQXnKcxR_8pgcrypto7hashing4hmac0B5_
FNDA:0,_RNCNvNtCslKWXQXnKcxR_8pgcrypto7hashing4hmacs0_0B5_
FNDA:0,_RNCNvNtCslKWXQXnKcxR_8pgcrypto7hashing4hmacs_0B5_
FNDA:0,_RNCNvNtCslKWXQXnKcxR_8pgcrypto7hashing6digest0B5_
FNDA:0,_RNvNtCslKWXQXnKcxR_8pgcrypto7hashing10hash_bytes
FNDA:0,_RNvNtCslKWXQXnKcxR_8pgcrypto7hashing11find_digest
FNDA:0,_RNvNtCslKWXQXnKcxR_8pgcrypto7hashing4hmac
FNDA:0,_RNvNtCslKWXQXnKcxR_8pgcrypto7hashing6digest
FNDA:0,_RNvNtCslKWXQXnKcxR_8pgcrypto7hashing7no_hash
FNF:9
FNH:0
DA:20,0
DA:21,0
DA:22,0
DA:23,0
DA:24,0
DA:25,0
DA:26,0
DA:27,0
DA:28,0
DA:30,0
DA:31,0
DA:33,0
DA:34,0
DA:35,0
DA:36,0
DA:37,0
DA:38,0
DA:39,0
DA:40,0
DA:42,0
DA:45,0
DA:46,0
DA:47,0
DA:49,0
DA:50,0
DA:51,0
DA:52,0
DA:55,0
DA:56,0
DA:57,0
DA:59,0
DA:60,0
DA:62,0
DA:64,0
DA:66,0
DA:67,0
DA:69,0
DA:70,0
DA:71,0
DA:73,0
DA:74,0
DA:75,0
DA:76,0
BRF:0
BRH:0
LF:47
LH:0
end_of_record
SF:/Users/malisper/dev/pgrust-fast/.wt-pgcryptofam-resid/crates/contrib/pgcrypto/src/lib.rs
FN:334,_RNCNvCslKWXQXnKcxR_8pgcrypto13fc_pg_dearmor0B3_
FN:139,_RNCNvCslKWXQXnKcxR_8pgcrypto13fc_pg_decrypt0B3_
FN:139,_RNCNvCslKWXQXnKcxR_8pgcrypto13fc_pg_encrypt0B3_
FN:253,_RNCNvCslKWXQXnKcxR_8pgcrypto15pgp_pub_encrypt0B3_
FN:220,_RNCNvCslKWXQXnKcxR_8pgcrypto15pgp_sym_encrypt0B3_
FN:139,_RNCNvCslKWXQXnKcxR_8pgcrypto16fc_pg_decrypt_iv0B3_
FN:139,_RNCNvCslKWXQXnKcxR_8pgcrypto16fc_pg_encrypt_iv0B3_
FN:342,_RNCNvCslKWXQXnKcxR_8pgcrypto20fc_pgp_armor_headers0B3_
FN:449,_RNCNvCslKWXQXnKcxR_8pgcrypto22parse_key_value_arrays0B3_
FN:392,_RNCNvCslKWXQXnKcxR_8pgcrypto9all_ascii0B3_
FN:104,_RNvCslKWXQXnKcxR_8pgcrypto10cipher_err
FN:53,_RNvCslKWXQXnKcxR_8pgcrypto10fc_pg_hmac
FN:518,_RNvCslKWXQXnKcxR_8pgcrypto10init_seams
FN:181,_RNvCslKWXQXnKcxR_8pgcrypto10pgp_notice
FN:360,_RNvCslKWXQXnKcxR_8pgcrypto11array_image
FN:315,_RNvCslKWXQXnKcxR_8pgcrypto11fc_pg_armor
FN:94,_RNvCslKWXQXnKcxR_8pgcrypto11fc_pg_crypt
FN:17,_RNvCslKWXQXnKcxR_8pgcrypto12bytea_result
FN:45,_RNvCslKWXQXnKcxR_8pgcrypto12fc_pg_digest
FN:331,_RNvCslKWXQXnKcxR_8pgcrypto13fc_pg_dearmor
FN:115,_RNvCslKWXQXnKcxR_8pgcrypto13fc_pg_decrypt
FN:115,_RNvCslKWXQXnKcxR_8pgcrypto13fc_pg_encrypt
FN:206,_RNvCslKWXQXnKcxR_8pgcrypto13opt_arg_bytes
FN:75,_RNvCslKWXQXnKcxR_8pgcrypto14fc_pg_gen_salt
FN:308,_RNvCslKWXQXnKcxR_8pgcrypto15fc_pgp_key_id_w
FN:257,_RNvCslKWXQXnKcxR_8pgcrypto15pgp_pub_decrypt
FN:248,_RNvCslKWXQXnKcxR_8pgcrypto15pgp_pub_encrypt
FN:224,_RNvCslKWXQXnKcxR_8pgcrypto15pgp_sym_decrypt
FN:215,_RNvCslKWXQXnKcxR_8pgcrypto15pgp_sym_encrypt
FN:376,_RNvCslKWXQXnKcxR_8pgcrypto15text_elem_bytes
FN:386,_RNvCslKWXQXnKcxR_8pgcrypto16armor_header_err
FN:115,_RNvCslKWXQXnKcxR_8pgcrypto16fc_pg_decrypt_iv
FN:115,_RNvCslKWXQXnKcxR_8pgcrypto16fc_pg_encrypt_iv
FN:164,_RNvCslKWXQXnKcxR_8pgcrypto17fc_pg_random_uuid
FN:150,_RNvCslKWXQXnKcxR_8pgcrypto18fc_pg_random_bytes
FN:67,_RNvCslKWXQXnKcxR_8pgcrypto20check_builtin_crypto
FN:169,_RNvCslKWXQXnKcxR_8pgcrypto20fc_pg_check_fipsmode
FN:338,_RNvCslKWXQXnKcxR_8pgcrypto20fc_pgp_armor_headers
FN:84,_RNvCslKWXQXnKcxR_8pgcrypto21fc_pg_gen_salt_rounds
FN:402,_RNvCslKWXQXnKcxR_8pgcrypto22parse_key_value_arrays
FN:301,_RNvCslKWXQXnKcxR_8pgcrypto23fc_pgp_pub_decrypt_text
FN:295,_RNvCslKWXQXnKcxR_8pgcrypto23fc_pgp_pub_encrypt_text
FN:289,_RNvCslKWXQXnKcxR_8pgcrypto23fc_pgp_sym_decrypt_text
FN:282,_RNvCslKWXQXnKcxR_8pgcrypto23fc_pgp_sym_encrypt_text
FN:304,_RNvCslKWXQXnKcxR_8pgcrypto24fc_pgp_pub_decrypt_bytea
FN:298,_RNvCslKWXQXnKcxR_8pgcrypto24fc_pgp_pub_encrypt_bytea
FN:292,_RNvCslKWXQXnKcxR_8pgcrypto24fc_pgp_sym_decrypt_bytea
FN:286,_RNvCslKWXQXnKcxR_8pgcrypto24fc_pgp_sym_encrypt_bytea
FN:175,_RNvCslKWXQXnKcxR_8pgcrypto4here
FN:488,_RNvCslKWXQXnKcxR_8pgcrypto6lookup
FN:22,_RNvCslKWXQXnKcxR_8pgcrypto6px_err
FN:193,_RNvCslKWXQXnKcxR_8pgcrypto6px_msg
FN:391,_RNvCslKWXQXnKcxR_8pgcrypto9all_ascii
FN:26,_RNvCslKWXQXnKcxR_8pgcrypto9crypt_err
FNDA:11,_RNCNvCslKWXQXnKcxR_8pgcrypto13fc_pg_dearmor0B3_
FNDA:0,_RNCNvCslKWXQXnKcxR_8pgcrypto13fc_pg_decrypt0B3_
FNDA:0,_RNCNvCslKWXQXnKcxR_8pgcrypto13fc_pg_encrypt0B3_
FNDA:0,_RNCNvCslKWXQXnKcxR_8pgcrypto15pgp_pub_encrypt0B3_
FNDA:0,_RNCNvCslKWXQXnKcxR_8pgcrypto15pgp_sym_encrypt0B3_
FNDA:0,_RNCNvCslKWXQXnKcxR_8pgcrypto16fc_pg_decrypt_iv0B3_
FNDA:0,_RNCNvCslKWXQXnKcxR_8pgcrypto16fc_pg_encrypt_iv0B3_
FNDA:0,_RNCNvCslKWXQXnKcxR_8pgcrypto20fc_pgp_armor_headers0B3_
FNDA:6,_RNCNvCslKWXQXnKcxR_8pgcrypto22parse_key_value_arrays0B3_
FNDA:24,_RNCNvCslKWXQXnKcxR_8pgcrypto9all_ascii0B3_
FNDA:0,_RNvCslKWXQXnKcxR_8pgcrypto10cipher_err
FNDA:0,_RNvCslKWXQXnKcxR_8pgcrypto10fc_pg_hmac
FNDA:1,_RNvCslKWXQXnKcxR_8pgcrypto10init_seams
FNDA:0,_RNvCslKWXQXnKcxR_8pgcrypto10pgp_notice
FNDA:6,_RNvCslKWXQXnKcxR_8pgcrypto11array_image
FNDA:3,_RNvCslKWXQXnKcxR_8pgcrypto11fc_pg_armor
FNDA:10,_RNvCslKWXQXnKcxR_8pgcrypto11fc_pg_crypt
FNDA:16,_RNvCslKWXQXnKcxR_8pgcrypto12bytea_result
FNDA:0,_RNvCslKWXQXnKcxR_8pgcrypto12fc_pg_digest
FNDA:11,_RNvCslKWXQXnKcxR_8pgcrypto13fc_pg_dearmor
FNDA:0,_RNvCslKWXQXnKcxR_8pgcrypto13fc_pg_decrypt
FNDA:0,_RNvCslKWXQXnKcxR_8pgcrypto13fc_pg_encrypt
FNDA:0,_RNvCslKWXQXnKcxR_8pgcrypto13opt_arg_bytes
FNDA:0,_RNvCslKWXQXnKcxR_8pgcrypto14fc_pg_gen_salt
FNDA:0,_RNvCslKWXQXnKcxR_8pgcrypto15fc_pgp_key_id_w
FNDA:0,_RNvCslKWXQXnKcxR_8pgcrypto15pgp_pub_decrypt
FNDA:0,_RNvCslKWXQXnKcxR_8pgcrypto15pgp_pub_encrypt
FNDA:0,_RNvCslKWXQXnKcxR_8pgcrypto15pgp_sym_decrypt
FNDA:0,_RNvCslKWXQXnKcxR_8pgcrypto15pgp_sym_encrypt
FNDA:8,_RNvCslKWXQXnKcxR_8pgcrypto15text_elem_bytes
FNDA:0,_RNvCslKWXQXnKcxR_8pgcrypto16armor_header_err
FNDA:0,_RNvCslKWXQXnKcxR_8pgcrypto16fc_pg_decrypt_iv
FNDA:0,_RNvCslKWXQXnKcxR_8pgcrypto16fc_pg_encrypt_iv
FNDA:0,_RNvCslKWXQXnKcxR_8pgcrypto17fc_pg_random_uuid
FNDA:0,_RNvCslKWXQXnKcxR_8pgcrypto18fc_pg_random_bytes
FNDA:17,_RNvCslKWXQXnKcxR_8pgcrypto20check_builtin_crypto
FNDA:0,_RNvCslKWXQXnKcxR_8pgcrypto20fc_pg_check_fipsmode
FNDA:0,_RNvCslKWXQXnKcxR_8pgcrypto20fc_pgp_armor_headers
FNDA:7,_RNvCslKWXQXnKcxR_8pgcrypto21fc_pg_gen_salt_rounds
FNDA:3,_RNvCslKWXQXnKcxR_8pgcrypto22parse_key_value_arrays
FNDA:0,_RNvCslKWXQXnKcxR_8pgcrypto23fc_pgp_pub_decrypt_text
FNDA:0,_RNvCslKWXQXnKcxR_8pgcrypto23fc_pgp_pub_encrypt_text
FNDA:0,_RNvCslKWXQXnKcxR_8pgcrypto23fc_pgp_sym_decrypt_text
FNDA:0,_RNvCslKWXQXnKcxR_8pgcrypto23fc_pgp_sym_encrypt_text
FNDA:0,_RNvCslKWXQXnKcxR_8pgcrypto24fc_pgp_pub_decrypt_bytea
FNDA:0,_RNvCslKWXQXnKcxR_8pgcrypto24fc_pgp_pub_encrypt_bytea
FNDA:0,_RNvCslKWXQXnKcxR_8pgcrypto24fc_pgp_sym_decrypt_bytea
FNDA:0,_RNvCslKWXQXnKcxR_8pgcrypto24fc_pgp_sym_encrypt_bytea
FNDA:0,_RNvCslKWXQXnKcxR_8pgcrypto4here
FNDA:31,_RNvCslKWXQXnKcxR_8pgcrypto6lookup
FNDA:2,_RNvCslKWXQXnKcxR_8pgcrypto6px_err
FNDA:11,_RNvCslKWXQXnKcxR_8pgcrypto6px_msg
FNDA:8,_RNvCslKWXQXnKcxR_8pgcrypto9all_ascii
FNDA:4,_RNvCslKWXQXnKcxR_8pgcrypto9crypt_err
FNF:48
FNH:18
DA:17,16
DA:18,16
DA:19,16
DA:20,16
DA:22,2
DA:23,2
DA:24,2
DA:26,4
DA:27,2
DA:28,0
DA:29,0
DA:30,0
DA:36,2
DA:37,0
DA:38,0
DA:39,2
DA:41,2
DA:43,4
DA:45,0
DA:47,0
DA:48,0
DA:49,0
DA:50,0
DA:51,0
DA:53,0
DA:55,0
DA:57,0
DA:58,0
DA:59,0
DA:62,0
DA:63,0
DA:64,0
DA:65,0
DA:67,17
DA:68,17
DA:69,17
DA:70,0
DA:71,17
DA:72,17
DA:73,17
DA:75,0
DA:76,0
DA:78,0
DA:79,0
DA:80,0
DA:81,0
DA:82,0
DA:84,7
DA:85,7
DA:87,7
DA:88,7
DA:89,7
DA:90,7
DA:91,6
DA:92,7
DA:94,10
DA:95,10
DA:97,10
DA:98,10
DA:99,10
DA:100,10
DA:101,7
DA:102,10
DA:104,0
DA:105,0
DA:106,0
DA:107,0
DA:108,0
DA:110,0
DA:111,0
DA:115,0
DA:117,0
DA:118,0
DA:120,0
DA:121,0
DA:122,0
DA:123,0
DA:126,0
DA:127,0
DA:129,0
DA:131,0
DA:132,0
DA:133,0
DA:136,0
DA:137,0
DA:139,0
DA:140,0
DA:141,0
DA:150,0
DA:151,0
DA:152,0
DA:153,0
DA:154,0
DA:155,0
DA:156,0
DA:157,0
DA:158,0
DA:159,0
DA:160,0
DA:161,0
DA:162,0
DA:164,0
DA:165,0
DA:166,0
DA:167,0
DA:169,0
DA:170,0
DA:171,0
DA:175,0
DA:177,0
DA:178,0
DA:179,0
DA:181,0
DA:182,0
DA:183,0
DA:193,11
DA:194,11
DA:195,0
DA:197,11
DA:199,11
DA:200,11
DA:206,0
DA:207,0
DA:208,0
DA:209,0
DA:211,0
DA:212,0
DA:213,0
DA:215,0
DA:217,0
DA:218,0
DA:219,0
DA:220,0
DA:221,0
DA:222,0
DA:224,0
DA:226,0
DA:227,0
DA:228,0
DA:229,0
DA:230,0
DA:231,0
DA:232,0
DA:233,0
DA:234,0
DA:235,0
DA:236,0
DA:237,0
DA:239,0
DA:240,0
DA:241,0
DA:242,0
DA:243,0
DA:246,0
DA:248,0
DA:250,0
DA:251,0
DA:252,0
DA:253,0
DA:254,0
DA:255,0
DA:257,0
DA:259,0
DA:260,0
DA:261,0
DA:262,0
DA:263,0
DA:264,0
DA:265,0
DA:266,0
DA:267,0
DA:268,0
DA:269,0
DA:270,0
DA:271,0
DA:273,0
DA:274,0
DA:275,0
DA:276,0
DA:277,0
DA:280,0
DA:282,0
DA:283,0
DA:284,0
DA:285,0
DA:286,0
DA:287,0
DA:288,0
DA:289,0
DA:290,0
DA:291,0
DA:292,0
DA:293,0
DA:294,0
DA:295,0
DA:296,0
DA:297,0
DA:298,0
DA:299,0
DA:300,0
DA:301,0
DA:302,0
DA:303,0
DA:304,0
DA:305,0
DA:306,0
DA:308,0
DA:310,0
DA:311,0
DA:312,0
DA:313,0
DA:315,3
DA:317,3
DA:318,3
DA:319,3
DA:321,3
DA:322,3
DA:323,3
DA:325,0
DA:327,3
DA:328,3
DA:329,3
DA:331,11
DA:333,11
DA:334,11
DA:335,0
DA:336,11
DA:338,0
DA:340,0
DA:341,0
DA:342,0
DA:343,0
DA:345,0
DA:346,0
DA:347,0
DA:348,0
DA:349,0
DA:350,0
DA:352,0
DA:353,0
DA:360,6
DA:362,6
DA:363,6
DA:364,0
DA:365,0
DA:366,0
DA:367,0
DA:368,0
DA:369,0
DA:371,6
DA:373,6
DA:376,8
DA:377,8
DA:380,8
DA:381,8
DA:382,8
DA:384,8
DA:386,0
DA:387,0
DA:388,0
DA:391,8
DA:392,24
DA:393,8
DA:402,3
DA:403,3
DA:404,3
DA:405,3
DA:406,3
DA:407,3
DA:408,3
DA:409,3
DA:410,0
DA:411,0
DA:412,0
DA:413,0
DA:414,3
DA:415,3
DA:416,1
DA:417,2
DA:419,2
DA:420,2
DA:421,2
DA:422,2
DA:424,2
DA:425,0
DA:426,0
DA:427,0
DA:428,0
DA:429,2
DA:431,2
DA:432,2
DA:433,2
DA:434,4
DA:436,4
DA:437,0
DA:438,0
DA:439,0
DA:440,0
DA:441,4
DA:442,4
DA:443,4
DA:444,0
DA:445,0
DA:446,0
DA:447,0
DA:448,4
DA:449,6
DA:450,0
DA:451,0
DA:452,0
DA:453,0
DA:454,4
DA:455,4
DA:456,0
DA:457,0
DA:458,0
DA:459,0
DA:460,4
DA:461,4
DA:464,4
DA:465,0
DA:466,0
DA:467,0
DA:468,0
DA:469,4
DA:470,4
DA:471,4
DA:472,0
DA:473,0
DA:474,0
DA:475,0
DA:476,4
DA:477,4
DA:478,0
DA:479,0
DA:480,0
DA:481,0
DA:482,4
DA:483,4
DA:485,2
DA:486,3
DA:488,31
DA:489,31
DA:490,31
DA:491,31
DA:492,31
DA:493,31
DA:494,24
DA:495,14
DA:496,14
DA:497,14
DA:498,14
DA:499,14
DA:500,14
DA:501,14
DA:502,14
DA:503,11
DA:504,0
DA:505,0
DA:506,0
DA:507,0
DA:508,0
DA:509,0
DA:510,0
DA:511,0
DA:512,0
DA:513,0
DA:514,0
DA:516,31
DA:518,1
DA:519,1
DA:520,1
DA:521,1
DA:522,1
DA:523,1
DA:524,1
BRF:0
BRH:0
LF:383
LH:137
end_of_record
SF:/Users/malisper/dev/pgrust-fast/.wt-pgcryptofam-resid/crates/contrib/pgcrypto/src/pgp/armor.rs
FN:220,_RNCNvNtNtCslKWXQXnKcxR_8pgcrypto3pgp5armor12armor_decode0B7_
FN:309,_RNCNvNtNtCslKWXQXnKcxR_8pgcrypto3pgp5armor13find_subslice0B7_
FN:274,_RNCNvNtNtCslKWXQXnKcxR_8pgcrypto3pgp5armor21extract_armor_headers0B7_
FN:286,_RNCNvNtNtCslKWXQXnKcxR_8pgcrypto3pgp5armor21extract_armor_headerss_0B7_
FN:145,_RNCNvNtNtCslKWXQXnKcxR_8pgcrypto3pgp5armor8find_str0B7_
FN:162,_RNvNtNtCslKWXQXnKcxR_8pgcrypto3pgp5armor11find_header
FN:206,_RNvNtNtCslKWXQXnKcxR_8pgcrypto3pgp5armor12armor_decode
FN:112,_RNvNtNtCslKWXQXnKcxR_8pgcrypto3pgp5armor12armor_encode
FN:44,_RNvNtNtCslKWXQXnKcxR_8pgcrypto3pgp5armor13base64_decode
FN:10,_RNvNtNtCslKWXQXnKcxR_8pgcrypto3pgp5armor13base64_encode
FN:305,_RNvNtNtCslKWXQXnKcxR_8pgcrypto3pgp5armor13find_subslice
FN:259,_RNvNtNtCslKWXQXnKcxR_8pgcrypto3pgp5armor21extract_armor_headers
FN:96,_RNvNtNtCslKWXQXnKcxR_8pgcrypto3pgp5armor5crc24
FN:139,_RNvNtNtCslKWXQXnKcxR_8pgcrypto3pgp5armor8find_str
FNDA:10,_RNCNvNtNtCslKWXQXnKcxR_8pgcrypto3pgp5armor12armor_decode0B7_
FNDA:0,_RNCNvNtNtCslKWXQXnKcxR_8pgcrypto3pgp5armor13find_subslice0B7_
FNDA:0,_RNCNvNtNtCslKWXQXnKcxR_8pgcrypto3pgp5armor21extract_armor_headers0B7_
FNDA:0,_RNCNvNtNtCslKWXQXnKcxR_8pgcrypto3pgp5armor21extract_armor_headerss_0B7_
FNDA:116,_RNCNvNtNtCslKWXQXnKcxR_8pgcrypto3pgp5armor8find_str0B7_
FNDA:19,_RNvNtNtCslKWXQXnKcxR_8pgcrypto3pgp5armor11find_header
FNDA:11,_RNvNtNtCslKWXQXnKcxR_8pgcrypto3pgp5armor12armor_decode
FNDA:3,_RNvNtNtCslKWXQXnKcxR_8pgcrypto3pgp5armor12armor_encode
FNDA:4,_RNvNtNtCslKWXQXnKcxR_8pgcrypto3pgp5armor13base64_decode
FNDA:3,_RNvNtNtCslKWXQXnKcxR_8pgcrypto3pgp5armor13base64_encode
FNDA:0,_RNvNtNtCslKWXQXnKcxR_8pgcrypto3pgp5armor13find_subslice
FNDA:0,_RNvNtNtCslKWXQXnKcxR_8pgcrypto3pgp5armor21extract_armor_headers
FNDA:4,_RNvNtNtCslKWXQXnKcxR_8pgcrypto3pgp5armor5crc24
FNDA:20,_RNvNtNtCslKWXQXnKcxR_8pgcrypto3pgp5armor8find_str
FNF:14
FNH:9
DA:10,3
DA:11,3
DA:12,3
DA:13,3
DA:14,3
DA:15,22
DA:16,22
DA:17,22
DA:18,22
DA:19,24
DA:20,24
DA:21,24
DA:22,24
DA:23,6
DA:24,6
DA:25,16
DA:26,22
DA:27,0
DA:28,0
DA:29,22
DA:31,3
DA:32,3
DA:33,3
DA:34,3
DA:35,1
DA:37,2
DA:39,3
DA:40,0
DA:41,3
DA:42,3
DA:44,4
DA:45,4
DA:46,4
DA:47,4
DA:48,4
DA:49,15
DA:50,15
DA:51,6
DA:52,9
DA:53,4
DA:54,5
DA:55,0
DA:56,5
DA:57,0
DA:58,5
DA:59,1
DA:60,4
DA:61,0
DA:62,0
DA:63,0
DA:64,0
DA:65,0
DA:66,0
DA:67,0
DA:69,0
DA:70,0
DA:71,4
DA:72,3
DA:74,1
DA:76,11
DA:77,11
DA:78,11
DA:79,2
DA:80,2
DA:81,2
DA:82,2
DA:83,2
DA:84,2
DA:85,2
DA:86,2
DA:87,2
DA:88,9
DA:90,3
DA:91,1
DA:92,2
DA:93,2
DA:94,4
DA:96,4
DA:99,4
DA:100,25
DA:101,25
DA:102,25
DA:103,200
DA:104,200
DA:105,99
DA:106,101
DA:109,4
DA:110,4
DA:112,3
DA:113,3
DA:114,3
DA:115,3
DA:116,4
DA:117,4
DA:118,4
DA:119,4
DA:120,4
DA:121,4
DA:122,3
DA:124,3
DA:125,3
DA:127,3
DA:128,3
DA:129,3
DA:130,3
DA:131,3
DA:132,3
DA:133,3
DA:134,3
DA:135,3
DA:136,3
DA:137,3
DA:139,20
DA:140,20
DA:141,3
DA:142,17
DA:143,17
DA:144,17
DA:145,116
DA:146,2
DA:147,15
DA:148,15
DA:149,15
DA:150,2
DA:151,13
DA:152,13
DA:153,13
DA:154,0
DA:155,0
DA:159,0
DA:160,20
DA:162,19
DA:163,19
DA:164,19
DA:167,20
DA:168,7
DA:169,13
DA:170,13
DA:172,13
DA:173,12
DA:174,12
DA:175,1
DA:176,1
DA:180,12
DA:181,156
DA:182,144
DA:183,144
DA:184,144
DA:185,0
DA:186,0
DA:188,12
DA:189,0
DA:190,12
DA:191,12
DA:192,12
DA:193,11
DA:194,0
DA:195,11
DA:196,11
DA:197,0
DA:198,11
DA:199,11
DA:200,11
DA:201,11
DA:202,1
DA:203,12
DA:204,19
DA:206,11
DA:207,11
DA:208,8
DA:209,0
DA:210,8
DA:211,8
DA:213,8
DA:214,4
DA:215,0
DA:216,4
DA:217,4
DA:219,5
DA:220,10
DA:221,0
DA:222,1
DA:225,4
DA:227,4
DA:228,4
DA:230,17
DA:231,3
DA:232,3
DA:233,14
DA:234,14
DA:235,1
DA:236,13
DA:237,13
DA:239,4
DA:240,3
DA:242,3
DA:243,0
DA:244,3
DA:245,3
DA:246,1
DA:247,0
DA:248,1
DA:249,1
DA:251,1
DA:252,1
DA:253,0
DA:255,1
DA:257,11
DA:259,0
DA:260,0
DA:261,0
DA:262,0
DA:263,0
DA:264,0
DA:266,0
DA:267,0
DA:268,0
DA:269,0
DA:270,0
DA:272,0
DA:273,0
DA:274,0
DA:275,0
DA:276,0
DA:279,0
DA:281,0
DA:283,0
DA:284,0
DA:286,0
DA:287,0
DA:288,0
DA:290,0
DA:291,0
DA:292,0
DA:293,0
DA:294,0
DA:295,0
DA:296,0
DA:297,0
DA:298,0
DA:299,0
DA:300,0
DA:302,0
DA:303,0
DA:305,0
DA:306,0
DA:307,0
DA:308,0
DA:309,0
DA:310,0
BRF:0
BRH:0
LF:255
LH:182
end_of_record
SF:/Users/malisper/dev/pgrust-fast/.wt-pgcryptofam-resid/crates/contrib/pgcrypto/src/pgp/cfb.rs
FN:110,_RNvMNtNtCslKWXQXnKcxR_8pgcrypto3pgp3cfbNtB2_6PgpCfb10mix_normal
FN:126,_RNvMNtNtCslKWXQXnKcxR_8pgcrypto3pgp3cfbNtB2_6PgpCfb10mix_resync
FN:47,_RNvMNtNtCslKWXQXnKcxR_8pgcrypto3pgp3cfbNtB2_6PgpCfb3ecb
FN:102,_RNvMNtNtCslKWXQXnKcxR_8pgcrypto3pgp3cfbNtB2_6PgpCfb3mix
FN:17,_RNvMNtNtCslKWXQXnKcxR_8pgcrypto3pgp3cfbNtB2_6PgpCfb6create
FN:58,_RNvMNtNtCslKWXQXnKcxR_8pgcrypto3pgp3cfbNtB2_6PgpCfb7decrypt
FN:52,_RNvMNtNtCslKWXQXnKcxR_8pgcrypto3pgp3cfbNtB2_6PgpCfb7encrypt
FN:64,_RNvMNtNtCslKWXQXnKcxR_8pgcrypto3pgp3cfbNtB2_6PgpCfb7process
FN:43,_RNvMNtNtCslKWXQXnKcxR_8pgcrypto3pgp3cfbNtB2_6PgpCfb10block_size
FNDA:0,_RNvMNtNtCslKWXQXnKcxR_8pgcrypto3pgp3cfbNtB2_6PgpCfb10mix_normal
FNDA:0,_RNvMNtNtCslKWXQXnKcxR_8pgcrypto3pgp3cfbNtB2_6PgpCfb10mix_resync
FNDA:0,_RNvMNtNtCslKWXQXnKcxR_8pgcrypto3pgp3cfbNtB2_6PgpCfb3ecb
FNDA:0,_RNvMNtNtCslKWXQXnKcxR_8pgcrypto3pgp3cfbNtB2_6PgpCfb3mix
FNDA:0,_RNvMNtNtCslKWXQXnKcxR_8pgcrypto3pgp3cfbNtB2_6PgpCfb6create
FNDA:0,_RNvMNtNtCslKWXQXnKcxR_8pgcrypto3pgp3cfbNtB2_6PgpCfb7decrypt
FNDA:0,_RNvMNtNtCslKWXQXnKcxR_8pgcrypto3pgp3cfbNtB2_6PgpCfb7encrypt
FNDA:0,_RNvMNtNtCslKWXQXnKcxR_8pgcrypto3pgp3cfbNtB2_6PgpCfb7process
FNDA:0,_RNvMNtNtCslKWXQXnKcxR_8pgcrypto3pgp3cfbNtB2_6PgpCfb10block_size
FNF:9
FNH:0
DA:17,0
DA:18,0
DA:19,0
DA:20,0
DA:21,0
DA:22,0
DA:23,0
DA:24,0
DA:25,0
DA:26,0
DA:27,0
DA:28,0
DA:29,0
DA:30,0
DA:31,0
DA:32,0
DA:33,0
DA:34,0
DA:35,0
DA:36,0
DA:37,0
DA:38,0
DA:39,0
DA:40,0
DA:41,0
DA:43,0
DA:44,0
DA:45,0
DA:47,0
DA:48,0
DA:49,0
DA:50,0
DA:52,0
DA:53,0
DA:54,0
DA:55,0
DA:56,0
DA:58,0
DA:59,0
DA:60,0
DA:61,0
DA:62,0
DA:64,0
DA:65,0
DA:66,0
DA:67,0
DA:69,0
DA:70,0
DA:71,0
DA:72,0
DA:73,0
DA:74,0
DA:75,0
DA:76,0
DA:77,0
DA:78,0
DA:79,0
DA:80,0
DA:83,0
DA:84,0
DA:85,0
DA:86,0
DA:87,0
DA:88,0
DA:89,0
DA:90,0
DA:91,0
DA:92,0
DA:93,0
DA:94,0
DA:95,0
DA:96,0
DA:97,0
DA:98,0
DA:100,0
DA:102,0
DA:103,0
DA:104,0
DA:106,0
DA:108,0
DA:110,0
DA:111,0
DA:112,0
DA:113,0
DA:114,0
DA:115,0
DA:116,0
DA:117,0
DA:118,0
DA:119,0
DA:120,0
DA:122,0
DA:123,0
DA:124,0
DA:126,0
DA:127,0
DA:128,0
DA:129,0
DA:130,0
DA:131,0
DA:132,0
DA:133,0
DA:134,0
DA:135,0
DA:136,0
DA:137,0
DA:138,0
DA:139,0
DA:140,0
DA:141,0
DA:143,0
DA:144,0
DA:145,0
DA:146,0
DA:147,0
DA:148,0
DA:149,0
DA:150,0
DA:151,0
DA:152,0
DA:153,0
DA:154,0
DA:155,0
DA:156,0
DA:157,0
DA:158,0
DA:159,0
DA:160,0
DA:161,0
DA:162,0
DA:164,0
DA:165,0
DA:166,0
BRF:0
BRH:0
LF:133
LH:0
end_of_record
SF:/Users/malisper/dev/pgrust-fast/.wt-pgcryptofam-resid/crates/contrib/pgcrypto/src/pgp/compress.rs
FN:42,_RNvNtNtCslKWXQXnKcxR_8pgcrypto3pgp8compress11deflate_raw
FN:79,_RNvNtNtCslKWXQXnKcxR_8pgcrypto3pgp8compress11inflate_raw
FN:7,_RNvNtNtCslKWXQXnKcxR_8pgcrypto3pgp8compress11miniz_level
FN:47,_RNvNtNtCslKWXQXnKcxR_8pgcrypto3pgp8compress12deflate_zlib
FN:83,_RNvNtNtCslKWXQXnKcxR_8pgcrypto3pgp8compress12inflate_zlib
FN:11,_RNvNtNtCslKWXQXnKcxR_8pgcrypto3pgp8compress7deflate
FN:51,_RNvNtNtCslKWXQXnKcxR_8pgcrypto3pgp8compress7inflate
FNDA:0,_RNvNtNtCslKWXQXnKcxR_8pgcrypto3pgp8compress11deflate_raw
FNDA:0,_RNvNtNtCslKWXQXnKcxR_8pgcrypto3pgp8compress11inflate_raw
FNDA:0,_RNvNtNtCslKWXQXnKcxR_8pgcrypto3pgp8compress11miniz_level
FNDA:0,_RNvNtNtCslKWXQXnKcxR_8pgcrypto3pgp8compress12deflate_zlib
FNDA:0,_RNvNtNtCslKWXQXnKcxR_8pgcrypto3pgp8compress12inflate_zlib
FNDA:0,_RNvNtNtCslKWXQXnKcxR_8pgcrypto3pgp8compress7deflate
FNDA:0,_RNvNtNtCslKWXQXnKcxR_8pgcrypto3pgp8compress7inflate
FNF:7
FNH:0
DA:7,0
DA:8,0
DA:9,0
DA:11,0
DA:12,0
DA:13,0
DA:14,0
DA:15,0
DA:16,0
DA:18,0
DA:19,0
DA:20,0
DA:21,0
DA:22,0
DA:23,0
DA:24,0
DA:25,0
DA:26,0
DA:27,0
DA:29,0
DA:30,0
DA:31,0
DA:32,0
DA:34,0
DA:37,0
DA:38,0
DA:39,0
DA:42,0
DA:43,0
DA:44,0
DA:47,0
DA:48,0
DA:49,0
DA:51,0
DA:52,0
DA:53,0
DA:54,0
DA:55,0
DA:56,0
DA:57,0
DA:58,0
DA:60,0
DA:61,0
DA:62,0
DA:63,0
DA:64,0
DA:65,0
DA:66,0
DA:67,0
DA:68,0
DA:69,0
DA:70,0
DA:71,0
DA:72,0
DA:73,0
DA:74,0
DA:77,0
DA:79,0
DA:80,0
DA:81,0
DA:83,0
DA:84,0
DA:85,0
BRF:0
BRH:0
LF:63
LH:0
end_of_record
SF:/Users/malisper/dev/pgrust-fast/.wt-pgcryptofam-resid/crates/contrib/pgcrypto/src/pgp/consts.rs
FN:147,_RNvMNtNtCslKWXQXnKcxR_8pgcrypto3pgp6constsNtB2_6Digest11result_size
FN:135,_RNvMNtNtCslKWXQXnKcxR_8pgcrypto3pgp6constsNtB2_6Digest3new
FN:151,_RNvMNtNtCslKWXQXnKcxR_8pgcrypto3pgp6constsNtB2_6Digest5reset
FN:165,_RNvMNtNtCslKWXQXnKcxR_8pgcrypto3pgp6constsNtB2_6Digest6finish
FN:155,_RNvMNtNtCslKWXQXnKcxR_8pgcrypto3pgp6constsNtB2_6Digest6update
FN:93,_RNvNtNtCslKWXQXnKcxR_8pgcrypto3pgp6consts11cipher_code
FN:106,_RNvNtNtCslKWXQXnKcxR_8pgcrypto3pgp6consts11digest_code
FN:83,_RNvNtNtCslKWXQXnKcxR_8pgcrypto3pgp6consts15cipher_int_name
FN:63,_RNvNtNtCslKWXQXnKcxR_8pgcrypto3pgp6consts15cipher_key_size
FN:59,_RNvNtNtCslKWXQXnKcxR_8pgcrypto3pgp6consts16s2k_decode_count
FN:75,_RNvNtNtCslKWXQXnKcxR_8pgcrypto3pgp6consts17cipher_block_size
FNDA:0,_RNvMNtNtCslKWXQXnKcxR_8pgcrypto3pgp6constsNtB2_6Digest11result_size
FNDA:0,_RNvMNtNtCslKWXQXnKcxR_8pgcrypto3pgp6constsNtB2_6Digest3new
FNDA:0,_RNvMNtNtCslKWXQXnKcxR_8pgcrypto3pgp6constsNtB2_6Digest5reset
FNDA:0,_RNvMNtNtCslKWXQXnKcxR_8pgcrypto3pgp6constsNtB2_6Digest6finish
FNDA:0,_RNvMNtNtCslKWXQXnKcxR_8pgcrypto3pgp6constsNtB2_6Digest6update
FNDA:0,_RNvNtNtCslKWXQXnKcxR_8pgcrypto3pgp6consts11cipher_code
FNDA:0,_RNvNtNtCslKWXQXnKcxR_8pgcrypto3pgp6consts11digest_code
FNDA:0,_RNvNtNtCslKWXQXnKcxR_8pgcrypto3pgp6consts15cipher_int_name
FNDA:0,_RNvNtNtCslKWXQXnKcxR_8pgcrypto3pgp6consts15cipher_key_size
FNDA:0,_RNvNtNtCslKWXQXnKcxR_8pgcrypto3pgp6consts16s2k_decode_count
FNDA:0,_RNvNtNtCslKWXQXnKcxR_8pgcrypto3pgp6consts17cipher_block_size
FNF:11
FNH:0
DA:59,0
DA:60,0
DA:61,0
DA:63,0
DA:64,0
DA:65,0
DA:66,0
DA:67,0
DA:68,0
DA:69,0
DA:70,0
DA:71,0
DA:73,0
DA:75,0
DA:76,0
DA:77,0
DA:78,0
DA:79,0
DA:81,0
DA:83,0
DA:84,0
DA:85,0
DA:86,0
DA:87,0
DA:88,0
DA:89,0
DA:91,0
DA:93,0
DA:94,0
DA:95,0
DA:96,0
DA:97,0
DA:98,0
DA:99,0
DA:100,0
DA:101,0
DA:102,0
DA:104,0
DA:106,0
DA:107,0
DA:108,0
DA:109,0
DA:110,0
DA:111,0
DA:112,0
DA:113,0
DA:114,0
DA:116,0
DA:135,0
DA:136,0
DA:137,0
DA:138,0
DA:139,0
DA:140,0
DA:141,0
DA:142,0
DA:144,0
DA:145,0
DA:147,0
DA:148,0
DA:149,0
DA:151,0
DA:152,0
DA:153,0
DA:155,0
DA:156,0
DA:157,0
DA:158,0
DA:159,0
DA:160,0
DA:161,0
DA:163,0
DA:165,0
DA:166,0
DA:167,0
DA:168,0
DA:169,0
DA:170,0
DA:171,0
DA:173,0
DA:174,0
DA:175,0
BRF:0
BRH:0
LF:82
LH:0
end_of_record
SF:/Users/malisper/dev/pgrust-fast/.wt-pgcryptofam-resid/crates/contrib/pgcrypto/src/pgp/context.rs
FN:78,_RNCNvMs_NtNtCslKWXQXnKcxR_8pgcrypto3pgp7contextNtB6_10PgpContext10parse_args0Ba_
FN:104,_RNCNvMs_NtNtCslKWXQXnKcxR_8pgcrypto3pgp7contextNtB6_10PgpContext7set_arg0Ba_
FN:75,_RNvMs_NtNtCslKWXQXnKcxR_8pgcrypto3pgp7contextNtB4_10PgpContext10parse_args
FN:69,_RNvMs_NtNtCslKWXQXnKcxR_8pgcrypto3pgp7contextNtB4_10PgpContext3dbg
FN:103,_RNvMs_NtNtCslKWXQXnKcxR_8pgcrypto3pgp7contextNtB4_10PgpContext7set_arg
FN:36,_RNvXNtNtCslKWXQXnKcxR_8pgcrypto3pgp7contextNtB2_10PgpContextNtNtCsgCqEmdVpQpy_4core7default7Default7default
FNDA:0,_RNCNvMs_NtNtCslKWXQXnKcxR_8pgcrypto3pgp7contextNtB6_10PgpContext10parse_args0Ba_
FNDA:0,_RNCNvMs_NtNtCslKWXQXnKcxR_8pgcrypto3pgp7contextNtB6_10PgpContext7set_arg0Ba_
FNDA:0,_RNvMs_NtNtCslKWXQXnKcxR_8pgcrypto3pgp7contextNtB4_10PgpContext10parse_args
FNDA:0,_RNvMs_NtNtCslKWXQXnKcxR_8pgcrypto3pgp7contextNtB4_10PgpContext3dbg
FNDA:0,_RNvMs_NtNtCslKWXQXnKcxR_8pgcrypto3pgp7contextNtB4_10PgpContext7set_arg
FNDA:0,_RNvXNtNtCslKWXQXnKcxR_8pgcrypto3pgp7contextNtB2_10PgpContextNtNtCsgCqEmdVpQpy_4core7default7Default7default
FNF:6
FNH:0
DA:36,0
DA:37,0
DA:38,0
DA:39,0
DA:40,0
DA:41,0
DA:42,0
DA:43,0
DA:44,0
DA:45,0
DA:46,0
DA:47,0
DA:48,0
DA:49,0
DA:50,0
DA:51,0
DA:52,0
DA:53,0
DA:54,0
DA:55,0
DA:56,0
DA:57,0
DA:58,0
DA:59,0
DA:60,0
DA:61,0
DA:62,0
DA:63,0
DA:64,0
DA:65,0
DA:69,0
DA:70,0
DA:71,0
DA:72,0
DA:73,0
DA:75,0
DA:76,0
DA:77,0
DA:78,0
DA:79,0
DA:80,0
DA:82,0
DA:84,0
DA:85,0
DA:86,0
DA:87,0
DA:88,0
DA:89,0
DA:90,0
DA:91,0
DA:92,0
DA:93,0
DA:94,0
DA:95,0
DA:96,0
DA:97,0
DA:98,0
DA:100,0
DA:101,0
DA:103,0
DA:104,0
DA:105,0
DA:106,0
DA:107,0
DA:109,0
DA:110,0
DA:111,0
DA:112,0
DA:113,0
DA:114,0
DA:115,0
DA:116,0
DA:118,0
DA:119,0
DA:120,0
DA:121,0
DA:122,0
DA:123,0
DA:125,0
DA:126,0
DA:128,0
DA:129,0
DA:131,0
DA:132,0
DA:133,0
DA:134,0
DA:135,0
DA:136,0
DA:137,0
DA:138,0
DA:139,0
DA:140,0
DA:141,0
DA:142,0
DA:143,0
DA:144,0
DA:145,0
DA:146,0
DA:147,0
DA:148,0
DA:149,0
DA:150,0
DA:151,0
DA:152,0
DA:153,0
DA:154,0
DA:155,0
DA:156,0
DA:157,0
DA:158,0
DA:159,0
DA:160,0
DA:161,0
DA:162,0
DA:163,0
DA:164,0
DA:165,0
DA:166,0
DA:167,0
DA:168,0
DA:169,0
DA:170,0
DA:171,0
DA:172,0
DA:174,0
DA:175,0
BRF:0
BRH:0
LF:128
LH:0
end_of_record
SF:/Users/malisper/dev/pgrust-fast/.wt-pgcryptofam-resid/crates/contrib/pgcrypto/src/pgp/decrypt.rs
FN:191,_RNCNvNtNtCslKWXQXnKcxR_8pgcrypto3pgp7decrypt12finish_inner0B7_
FN:194,_RNCNvNtNtCslKWXQXnKcxR_8pgcrypto3pgp7decrypt12finish_inners0_0B7_
FN:203,_RNCNvNtNtCslKWXQXnKcxR_8pgcrypto3pgp7decrypt12finish_inners1_0B7_
FN:205,_RNCNvNtNtCslKWXQXnKcxR_8pgcrypto3pgp7decrypt12finish_inners2_0B7_
FN:192,_RNCNvNtNtCslKWXQXnKcxR_8pgcrypto3pgp7decrypt12finish_inners_0B7_
FN:225,_RNCNvNtNtCslKWXQXnKcxR_8pgcrypto3pgp7decrypt12read_literal0B7_
FN:226,_RNCNvNtNtCslKWXQXnKcxR_8pgcrypto3pgp7decrypt12read_literals_0B7_
FN:28,_RNCNvNtNtCslKWXQXnKcxR_8pgcrypto3pgp7decrypt14decrypt_pubkey0B7_
FN:44,_RNCNvNtNtCslKWXQXnKcxR_8pgcrypto3pgp7decrypt15decrypt_message0B7_
FN:53,_RNCNvNtNtCslKWXQXnKcxR_8pgcrypto3pgp7decrypt15decrypt_messages0_0B7_
FN:57,_RNCNvNtNtCslKWXQXnKcxR_8pgcrypto3pgp7decrypt15decrypt_messages1_0B7_
FN:58,_RNCNvNtNtCslKWXQXnKcxR_8pgcrypto3pgp7decrypt15decrypt_messages2_0B7_
FN:77,_RNCNvNtNtCslKWXQXnKcxR_8pgcrypto3pgp7decrypt15decrypt_messages3_0B7_
FN:50,_RNCNvNtNtCslKWXQXnKcxR_8pgcrypto3pgp7decrypt15decrypt_messages_0B7_
FN:18,_RNCNvNtNtCslKWXQXnKcxR_8pgcrypto3pgp7decrypt17decrypt_symmetric0B7_
FN:238,_RNCNvNtNtCslKWXQXnKcxR_8pgcrypto3pgp7decrypt17read_literal_from0B7_
FN:148,_RNCNvNtNtCslKWXQXnKcxR_8pgcrypto3pgp7decrypt19decrypt_data_packet0B7_
FN:93,_RNCNvNtNtCslKWXQXnKcxR_8pgcrypto3pgp7decrypt20parse_symenc_sesskey0B7_
FN:113,_RNCNvNtNtCslKWXQXnKcxR_8pgcrypto3pgp7decrypt20parse_symenc_sesskeys0_0B7_
FN:94,_RNCNvNtNtCslKWXQXnKcxR_8pgcrypto3pgp7decrypt20parse_symenc_sesskeys_0B7_
FN:187,_RNvNtNtCslKWXQXnKcxR_8pgcrypto3pgp7decrypt12finish_inner
FN:221,_RNvNtNtCslKWXQXnKcxR_8pgcrypto3pgp7decrypt12read_literal
FN:23,_RNvNtNtCslKWXQXnKcxR_8pgcrypto3pgp7decrypt14decrypt_pubkey
FN:35,_RNvNtNtCslKWXQXnKcxR_8pgcrypto3pgp7decrypt15decrypt_message
FN:261,_RNvNtNtCslKWXQXnKcxR_8pgcrypto3pgp7decrypt15un_convert_crlf
FN:13,_RNvNtNtCslKWXQXnKcxR_8pgcrypto3pgp7decrypt17decrypt_symmetric
FN:230,_RNvNtNtCslKWXQXnKcxR_8pgcrypto3pgp7decrypt17read_literal_from
FN:131,_RNvNtNtCslKWXQXnKcxR_8pgcrypto3pgp7decrypt19decrypt_data_packet
FN:84,_RNvNtNtCslKWXQXnKcxR_8pgcrypto3pgp7decrypt20parse_symenc_sesskey
FNDA:0,_RNCNvNtNtCslKWXQXnKcxR_8pgcrypto3pgp7decrypt12finish_inner0B7_
FNDA:0,_RNCNvNtNtCslKWXQXnKcxR_8pgcrypto3pgp7decrypt12finish_inners0_0B7_
FNDA:0,_RNCNvNtNtCslKWXQXnKcxR_8pgcrypto3pgp7decrypt12finish_inners1_0B7_
FNDA:0,_RNCNvNtNtCslKWXQXnKcxR_8pgcrypto3pgp7decrypt12finish_inners2_0B7_
FNDA:0,_RNCNvNtNtCslKWXQXnKcxR_8pgcrypto3pgp7decrypt12finish_inners_0B7_
FNDA:0,_RNCNvNtNtCslKWXQXnKcxR_8pgcrypto3pgp7decrypt12read_literal0B7_
FNDA:0,_RNCNvNtNtCslKWXQXnKcxR_8pgcrypto3pgp7decrypt12read_literals_0B7_
FNDA:0,_RNCNvNtNtCslKWXQXnKcxR_8pgcrypto3pgp7decrypt14decrypt_pubkey0B7_
FNDA:0,_RNCNvNtNtCslKWXQXnKcxR_8pgcrypto3pgp7decrypt15decrypt_message0B7_
FNDA:0,_RNCNvNtNtCslKWXQXnKcxR_8pgcrypto3pgp7decrypt15decrypt_messages0_0B7_
FNDA:0,_RNCNvNtNtCslKWXQXnKcxR_8pgcrypto3pgp7decrypt15decrypt_messages1_0B7_
FNDA:0,_RNCNvNtNtCslKWXQXnKcxR_8pgcrypto3pgp7decrypt15decrypt_messages2_0B7_
FNDA:0,_RNCNvNtNtCslKWXQXnKcxR_8pgcrypto3pgp7decrypt15decrypt_messages3_0B7_
FNDA:0,_RNCNvNtNtCslKWXQXnKcxR_8pgcrypto3pgp7decrypt15decrypt_messages_0B7_
FNDA:0,_RNCNvNtNtCslKWXQXnKcxR_8pgcrypto3pgp7decrypt17decrypt_symmetric0B7_
FNDA:0,_RNCNvNtNtCslKWXQXnKcxR_8pgcrypto3pgp7decrypt17read_literal_from0B7_
FNDA:0,_RNCNvNtNtCslKWXQXnKcxR_8pgcrypto3pgp7decrypt19decrypt_data_packet0B7_
FNDA:0,_RNCNvNtNtCslKWXQXnKcxR_8pgcrypto3pgp7decrypt20parse_symenc_sesskey0B7_
FNDA:0,_RNCNvNtNtCslKWXQXnKcxR_8pgcrypto3pgp7decrypt20parse_symenc_sesskeys0_0B7_
FNDA:0,_RNCNvNtNtCslKWXQXnKcxR_8pgcrypto3pgp7decrypt20parse_symenc_sesskeys_0B7_
FNDA:0,_RNvNtNtCslKWXQXnKcxR_8pgcrypto3pgp7decrypt12finish_inner
FNDA:0,_RNvNtNtCslKWXQXnKcxR_8pgcrypto3pgp7decrypt12read_literal
FNDA:0,_RNvNtNtCslKWXQXnKcxR_8pgcrypto3pgp7decrypt14decrypt_pubkey
FNDA:0,_RNvNtNtCslKWXQXnKcxR_8pgcrypto3pgp7decrypt15decrypt_message
FNDA:0,_RNvNtNtCslKWXQXnKcxR_8pgcrypto3pgp7decrypt15un_convert_crlf
FNDA:0,_RNvNtNtCslKWXQXnKcxR_8pgcrypto3pgp7decrypt17decrypt_symmetric
FNDA:0,_RNvNtNtCslKWXQXnKcxR_8pgcrypto3pgp7decrypt17read_literal_from
FNDA:0,_RNvNtNtCslKWXQXnKcxR_8pgcrypto3pgp7decrypt19decrypt_data_packet
FNDA:0,_RNvNtNtCslKWXQXnKcxR_8pgcrypto3pgp7decrypt20parse_symenc_sesskey
FNF:29
FNH:0
DA:13,0
DA:14,0
DA:15,0
DA:16,0
DA:17,0
DA:18,0
DA:19,0
DA:20,0
DA:21,0
DA:23,0
DA:24,0
DA:25,0
DA:26,0
DA:27,0
DA:28,0
DA:29,0
DA:30,0
DA:31,0
DA:32,0
DA:33,0
DA:35,0
DA:36,0
DA:37,0
DA:38,0
DA:39,0
DA:40,0
DA:41,0
DA:44,0
DA:45,0
DA:46,0
DA:48,0
DA:49,0
DA:50,0
DA:52,0
DA:53,0
DA:54,0
DA:56,0
DA:57,0
DA:58,0
DA:59,0
DA:60,0
DA:61,0
DA:62,0
DA:63,0
DA:64,0
DA:65,0
DA:66,0
DA:67,0
DA:68,0
DA:69,0
DA:70,0
DA:71,0
DA:72,0
DA:73,0
DA:74,0
DA:77,0
DA:81,0
DA:82,0
DA:84,0
DA:85,0
DA:86,0
DA:87,0
DA:88,0
DA:89,0
DA:90,0
DA:91,0
DA:92,0
DA:93,0
DA:94,0
DA:96,0
DA:97,0
DA:98,0
DA:99,0
DA:100,0
DA:101,0
DA:103,0
DA:104,0
DA:105,0
DA:106,0
DA:107,0
DA:108,0
DA:109,0
DA:110,0
DA:112,0
DA:113,0
DA:114,0
DA:115,0
DA:116,0
DA:117,0
DA:118,0
DA:119,0
DA:120,0
DA:121,0
DA:122,0
DA:123,0
DA:124,0
DA:125,0
DA:126,0
DA:127,0
DA:129,0
DA:131,0
DA:132,0
DA:133,0
DA:134,0
DA:135,0
DA:136,0
DA:137,0
DA:138,0
DA:139,0
DA:140,0
DA:141,0
DA:142,0
DA:144,0
DA:147,0
DA:148,0
DA:149,0
DA:151,0
DA:152,0
DA:153,0
DA:154,0
DA:155,0
DA:156,0
DA:157,0
DA:158,0
DA:160,0
DA:161,0
DA:162,0
DA:163,0
DA:164,0
DA:165,0
DA:166,0
DA:167,0
DA:168,0
DA:169,0
DA:170,0
DA:171,0
DA:172,0
DA:173,0
DA:174,0
DA:175,0
DA:176,0
DA:177,0
DA:178,0
DA:179,0
DA:180,0
DA:181,0
DA:183,0
DA:185,0
DA:187,0
DA:188,0
DA:189,0
DA:190,0
DA:191,0
DA:192,0
DA:193,0
DA:194,0
DA:195,0
DA:196,0
DA:197,0
DA:198,0
DA:199,0
DA:200,0
DA:201,0
DA:202,0
DA:203,0
DA:204,0
DA:205,0
DA:207,0
DA:208,0
DA:211,0
DA:212,0
DA:215,0
DA:216,0
DA:217,0
DA:218,0
DA:219,0
DA:221,0
DA:222,0
DA:223,0
DA:224,0
DA:225,0
DA:226,0
DA:227,0
DA:228,0
DA:230,0
DA:231,0
DA:232,0
DA:233,0
DA:234,0
DA:235,0
DA:236,0
DA:237,0
DA:238,0
DA:239,0
DA:240,0
DA:241,0
DA:242,0
DA:243,0
DA:244,0
DA:245,0
DA:246,0
DA:247,0
DA:248,0
DA:249,0
DA:250,0
DA:251,0
DA:252,0
DA:253,0
DA:254,0
DA:255,0
DA:257,0
DA:259,0
DA:261,0
DA:262,0
DA:263,0
DA:264,0
DA:265,0
DA:266,0
DA:267,0
DA:268,0
DA:269,0
DA:270,0
DA:271,0
DA:273,0
DA:274,0
BRF:0
BRH:0
LF:245
LH:0
end_of_record
SF:/Users/malisper/dev/pgrust-fast/.wt-pgcryptofam-resid/crates/contrib/pgcrypto/src/pgp/encrypt.rs
FN:55,_RNCNvNtNtCslKWXQXnKcxR_8pgcrypto3pgp7encrypt17encrypt_symmetric0B7_
FN:85,_RNCNvNtNtCslKWXQXnKcxR_8pgcrypto3pgp7encrypt17encrypt_symmetrics0_0B7_
FN:57,_RNCNvNtNtCslKWXQXnKcxR_8pgcrypto3pgp7encrypt17encrypt_symmetrics_0B7_
FN:144,_RNCNvNtNtCslKWXQXnKcxR_8pgcrypto3pgp7encrypt20write_encdata_packet0B7_
FN:30,_RNvNtNtCslKWXQXnKcxR_8pgcrypto3pgp7encrypt12convert_crlf
FN:41,_RNvNtNtCslKWXQXnKcxR_8pgcrypto3pgp7encrypt17encrypt_symmetric
FN:9,_RNvNtNtCslKWXQXnKcxR_8pgcrypto3pgp7encrypt20build_literal_packet
FN:101,_RNvNtNtCslKWXQXnKcxR_8pgcrypto3pgp7encrypt20write_encdata_packet
FN:163,_RNvNtNtCslKWXQXnKcxR_8pgcrypto3pgp7encrypt23build_compressed_packet
FNDA:0,_RNCNvNtNtCslKWXQXnKcxR_8pgcrypto3pgp7encrypt17encrypt_symmetric0B7_
FNDA:0,_RNCNvNtNtCslKWXQXnKcxR_8pgcrypto3pgp7encrypt17encrypt_symmetrics0_0B7_
FNDA:0,_RNCNvNtNtCslKWXQXnKcxR_8pgcrypto3pgp7encrypt17encrypt_symmetrics_0B7_
FNDA:0,_RNCNvNtNtCslKWXQXnKcxR_8pgcrypto3pgp7encrypt20write_encdata_packet0B7_
FNDA:0,_RNvNtNtCslKWXQXnKcxR_8pgcrypto3pgp7encrypt12convert_crlf
FNDA:0,_RNvNtNtCslKWXQXnKcxR_8pgcrypto3pgp7encrypt17encrypt_symmetric
FNDA:0,_RNvNtNtCslKWXQXnKcxR_8pgcrypto3pgp7encrypt20build_literal_packet
FNDA:0,_RNvNtNtCslKWXQXnKcxR_8pgcrypto3pgp7encrypt20write_encdata_packet
FNDA:0,_RNvNtNtCslKWXQXnKcxR_8pgcrypto3pgp7encrypt23build_compressed_packet
FNF:9
FNH:0
DA:9,0
DA:10,0
DA:11,0
DA:12,0
DA:14,0
DA:17,0
DA:19,0
DA:20,0
DA:21,0
DA:22,0
DA:23,0
DA:24,0
DA:25,0
DA:26,0
DA:27,0
DA:28,0
DA:30,0
DA:31,0
DA:32,0
DA:33,0
DA:34,0
DA:35,0
DA:36,0
DA:38,0
DA:39,0
DA:41,0
DA:42,0
DA:43,0
DA:44,0
DA:45,0
DA:46,0
DA:47,0
DA:48,0
DA:49,0
DA:50,0
DA:51,0
DA:52,0
DA:54,0
DA:55,0
DA:56,0
DA:57,0
DA:59,0
DA:60,0
DA:61,0
DA:62,0
DA:63,0
DA:64,0
DA:65,0
DA:67,0
DA:70,0
DA:72,0
DA:73,0
DA:74,0
DA:75,0
DA:76,0
DA:77,0
DA:78,0
DA:79,0
DA:80,0
DA:81,0
DA:82,0
DA:83,0
DA:84,0
DA:85,0
DA:86,0
DA:87,0
DA:88,0
DA:89,0
DA:90,0
DA:91,0
DA:92,0
DA:94,0
DA:96,0
DA:97,0
DA:98,0
DA:99,0
DA:101,0
DA:102,0
DA:103,0
DA:104,0
DA:105,0
DA:106,0
DA:107,0
DA:109,0
DA:110,0
DA:112,0
DA:114,0
DA:115,0
DA:116,0
DA:118,0
DA:119,0
DA:120,0
DA:121,0
DA:122,0
DA:123,0
DA:125,0
DA:127,0
DA:128,0
DA:129,0
DA:131,0
DA:132,0
DA:133,0
DA:134,0
DA:135,0
DA:136,0
DA:137,0
DA:138,0
DA:139,0
DA:140,0
DA:142,0
DA:143,0
DA:144,0
DA:145,0
DA:147,0
DA:148,0
DA:150,0
DA:152,0
DA:153,0
DA:154,0
DA:155,0
DA:156,0
DA:157,0
DA:158,0
DA:159,0
DA:163,0
DA:164,0
DA:165,0
DA:166,0
DA:167,0
DA:168,0
DA:170,0
DA:171,0
DA:172,0
DA:173,0
DA:174,0
DA:175,0
DA:176,0
BRF:0
BRH:0
LF:141
LH:0
end_of_record
SF:/Users/malisper/dev/pgrust-fast/.wt-pgcryptofam-resid/crates/contrib/pgcrypto/src/pgp/keyid.rs
FN:80,_RNvNtNtCslKWXQXnKcxR_8pgcrypto3pgp5keyid11calc_key_id
FN:101,_RNvNtNtCslKWXQXnKcxR_8pgcrypto3pgp5keyid11mpi_bit_len
FN:122,_RNvNtNtCslKWXQXnKcxR_8pgcrypto3pgp5keyid13pgp_get_keyid
FN:36,_RNvNtNtCslKWXQXnKcxR_8pgcrypto3pgp5keyid15read_public_key
FN:13,_RNvNtNtCslKWXQXnKcxR_8pgcrypto3pgp5keyid8read_mpi
FN:113,_RNvNtNtCslKWXQXnKcxR_8pgcrypto3pgp5keyid9print_key
FNDA:0,_RNvNtNtCslKWXQXnKcxR_8pgcrypto3pgp5keyid11calc_key_id
FNDA:0,_RNvNtNtCslKWXQXnKcxR_8pgcrypto3pgp5keyid11mpi_bit_len
FNDA:0,_RNvNtNtCslKWXQXnKcxR_8pgcrypto3pgp5keyid13pgp_get_keyid
FNDA:0,_RNvNtNtCslKWXQXnKcxR_8pgcrypto3pgp5keyid15read_public_key
FNDA:0,_RNvNtNtCslKWXQXnKcxR_8pgcrypto3pgp5keyid8read_mpi
FNDA:0,_RNvNtNtCslKWXQXnKcxR_8pgcrypto3pgp5keyid9print_key
FNF:6
FNH:0
DA:13,0
DA:14,0
DA:15,0
DA:16,0
DA:17,0
DA:18,0
DA:19,0
DA:20,0
DA:21,0
DA:22,0
DA:23,0
DA:24,0
DA:25,0
DA:26,0
DA:36,0
DA:37,0
DA:38,0
DA:39,0
DA:40,0
DA:41,0
DA:42,0
DA:43,0
DA:44,0
DA:45,0
DA:46,0
DA:47,0
DA:48,0
DA:49,0
DA:50,0
DA:51,0
DA:52,0
DA:54,0
DA:55,0
DA:59,0
DA:60,0
DA:63,0
DA:64,0
DA:67,0
DA:69,0
DA:70,0
DA:71,0
DA:72,0
DA:73,0
DA:74,0
DA:75,0
DA:76,0
DA:77,0
DA:78,0
DA:80,0
DA:81,0
DA:82,0
DA:83,0
DA:84,0
DA:85,0
DA:86,0
DA:87,0
DA:88,0
DA:89,0
DA:90,0
DA:91,0
DA:92,0
DA:93,0
DA:94,0
DA:95,0
DA:96,0
DA:97,0
DA:98,0
DA:99,0
DA:101,0
DA:102,0
DA:103,0
DA:104,0
DA:105,0
DA:106,0
DA:107,0
DA:108,0
DA:109,0
DA:110,0
DA:111,0
DA:113,0
DA:114,0
DA:115,0
DA:116,0
DA:117,0
DA:118,0
DA:119,0
DA:120,0
DA:122,0
DA:123,0
DA:124,0
DA:125,0
DA:126,0
DA:127,0
DA:128,0
DA:129,0
DA:132,0
DA:133,0
DA:134,0
DA:136,0
DA:137,0
DA:138,0
DA:139,0
DA:140,0
DA:141,0
DA:142,0
DA:144,0
DA:145,0
DA:146,0
DA:147,0
DA:148,0
DA:151,0
DA:152,0
DA:153,0
DA:154,0
DA:155,0
DA:157,0
DA:158,0
DA:159,0
DA:160,0
DA:161,0
DA:162,0
DA:163,0
DA:165,0
DA:166,0
DA:167,0
DA:168,0
DA:169,0
DA:170,0
DA:172,0
DA:173,0
DA:174,0
DA:175,0
DA:176,0
DA:177,0
DA:179,0
DA:181,0
DA:183,0
DA:184,0
DA:185,0
DA:188,0
DA:189,0
DA:190,0
DA:191,0
DA:192,0
DA:193,0
DA:195,0
DA:196,0
DA:197,0
DA:199,0
DA:201,0
DA:202,0
DA:204,0
DA:206,0
BRF:0
BRH:0
LF:153
LH:0
end_of_record
SF:/Users/malisper/dev/pgrust-fast/.wt-pgcryptofam-resid/crates/contrib/pgcrypto/src/pgp/mod.rs
FN:136,_RNCNvNtCslKWXQXnKcxR_8pgcrypto3pgp11pub_decrypt0B5_
FN:144,_RNCNvNtCslKWXQXnKcxR_8pgcrypto3pgp11pub_decrypts0_0B5_
FN:141,_RNCNvNtCslKWXQXnKcxR_8pgcrypto3pgp11pub_decrypts_0B5_
FN:53,_RNCNvNtCslKWXQXnKcxR_8pgcrypto3pgp11sym_decrypt0B5_
FN:81,_RNCNvNtCslKWXQXnKcxR_8pgcrypto3pgp20build_expect_notices0B5_
FN:126,_RNvNtCslKWXQXnKcxR_8pgcrypto3pgp11pub_decrypt
FN:100,_RNvNtCslKWXQXnKcxR_8pgcrypto3pgp11pub_encrypt
FN:44,_RNvNtCslKWXQXnKcxR_8pgcrypto3pgp11sym_decrypt
FN:30,_RNvNtCslKWXQXnKcxR_8pgcrypto3pgp11sym_encrypt
FN:79,_RNvNtCslKWXQXnKcxR_8pgcrypto3pgp20build_expect_notices
FN:167,_RNvNtCslKWXQXnKcxR_8pgcrypto3pgp6key_id
FNDA:0,_RNCNvNtCslKWXQXnKcxR_8pgcrypto3pgp11pub_decrypt0B5_
FNDA:0,_RNCNvNtCslKWXQXnKcxR_8pgcrypto3pgp11pub_decrypts0_0B5_
FNDA:0,_RNCNvNtCslKWXQXnKcxR_8pgcrypto3pgp11pub_decrypts_0B5_
FNDA:0,_RNCNvNtCslKWXQXnKcxR_8pgcrypto3pgp11sym_decrypt0B5_
FNDA:0,_RNCNvNtCslKWXQXnKcxR_8pgcrypto3pgp20build_expect_notices0B5_
FNDA:0,_RNvNtCslKWXQXnKcxR_8pgcrypto3pgp11pub_decrypt
FNDA:0,_RNvNtCslKWXQXnKcxR_8pgcrypto3pgp11pub_encrypt
FNDA:0,_RNvNtCslKWXQXnKcxR_8pgcrypto3pgp11sym_decrypt
FNDA:0,_RNvNtCslKWXQXnKcxR_8pgcrypto3pgp11sym_encrypt
FNDA:0,_RNvNtCslKWXQXnKcxR_8pgcrypto3pgp20build_expect_notices
FNDA:0,_RNvNtCslKWXQXnKcxR_8pgcrypto3pgp6key_id
FNF:11
FNH:0
DA:30,0
DA:31,0
DA:32,0
DA:33,0
DA:34,0
DA:35,0
DA:36,0
DA:37,0
DA:38,0
DA:39,0
DA:40,0
DA:41,0
DA:42,0
DA:44,0
DA:45,0
DA:46,0
DA:47,0
DA:48,0
DA:49,0
DA:50,0
DA:51,0
DA:52,0
DA:53,0
DA:54,0
DA:55,0
DA:57,0
DA:58,0
DA:60,0
DA:62,0
DA:63,0
DA:64,0
DA:65,0
DA:66,0
DA:67,0
DA:68,0
DA:72,0
DA:73,0
DA:74,0
DA:75,0
DA:76,0
DA:77,0
DA:79,0
DA:80,0
DA:81,0
DA:82,0
DA:83,0
DA:84,0
DA:85,0
DA:86,0
DA:87,0
DA:88,0
DA:89,0
DA:90,0
DA:91,0
DA:92,0
DA:93,0
DA:94,0
DA:95,0
DA:96,0
DA:97,0
DA:98,0
DA:100,0
DA:101,0
DA:102,0
DA:103,0
DA:104,0
DA:105,0
DA:106,0
DA:107,0
DA:108,0
DA:109,0
DA:110,0
DA:112,0
DA:114,0
DA:115,0
DA:116,0
DA:117,0
DA:118,0
DA:120,0
DA:121,0
DA:122,0
DA:123,0
DA:124,0
DA:126,0
DA:127,0
DA:128,0
DA:129,0
DA:130,0
DA:131,0
DA:132,0
DA:133,0
DA:134,0
DA:135,0
DA:136,0
DA:137,0
DA:138,0
DA:140,0
DA:141,0
DA:143,0
DA:144,0
DA:145,0
DA:146,0
DA:147,0
DA:149,0
DA:150,0
DA:151,0
DA:152,0
DA:153,0
DA:154,0
DA:155,0
DA:156,0
DA:160,0
DA:161,0
DA:162,0
DA:163,0
DA:164,0
DA:165,0
DA:167,0
DA:168,0
DA:169,0
BRF:0
BRH:0
LF:125
LH:0
end_of_record
SF:/Users/malisper/dev/pgrust-fast/.wt-pgcryptofam-resid/crates/contrib/pgcrypto/src/pgp/mpi.rs
FN:127,_RNCNvNtNtCslKWXQXnKcxR_8pgcrypto3pgp3mpi15elgamal_decrypt0B7_
FN:14,_RNvMNtNtCslKWXQXnKcxR_8pgcrypto3pgp3mpiNtB2_3Mpi10from_bytes
FN:30,_RNvMNtNtCslKWXQXnKcxR_8pgcrypto3pgp3mpiNtB2_3Mpi10to_biguint
FN:18,_RNvMNtNtCslKWXQXnKcxR_8pgcrypto3pgp3mpiNtB2_3Mpi12from_biguint
FN:34,_RNvMNtNtCslKWXQXnKcxR_8pgcrypto3pgp3mpiNtB2_3Mpi6nbytes
FN:132,_RNvNtNtCslKWXQXnKcxR_8pgcrypto3pgp3mpi11mod_inverse
FN:100,_RNvNtNtCslKWXQXnKcxR_8pgcrypto3pgp3mpi11rsa_decrypt
FN:95,_RNvNtNtCslKWXQXnKcxR_8pgcrypto3pgp3mpi11rsa_encrypt
FN:72,_RNvNtNtCslKWXQXnKcxR_8pgcrypto3pgp3mpi13decide_k_bits
FN:120,_RNvNtNtCslKWXQXnKcxR_8pgcrypto3pgp3mpi15elgamal_decrypt
FN:105,_RNvNtNtCslKWXQXnKcxR_8pgcrypto3pgp3mpi15elgamal_encrypt
FN:39,_RNvNtNtCslKWXQXnKcxR_8pgcrypto3pgp3mpi8read_mpi
FN:63,_RNvNtNtCslKWXQXnKcxR_8pgcrypto3pgp3mpi9mpi_cksum
FN:80,_RNvNtNtCslKWXQXnKcxR_8pgcrypto3pgp3mpi9rand_bits
FN:57,_RNvNtNtCslKWXQXnKcxR_8pgcrypto3pgp3mpi9write_mpi
FNDA:0,_RNCNvNtNtCslKWXQXnKcxR_8pgcrypto3pgp3mpi15elgamal_decrypt0B7_
FNDA:0,_RNvMNtNtCslKWXQXnKcxR_8pgcrypto3pgp3mpiNtB2_3Mpi10from_bytes
FNDA:0,_RNvMNtNtCslKWXQXnKcxR_8pgcrypto3pgp3mpiNtB2_3Mpi10to_biguint
FNDA:0,_RNvMNtNtCslKWXQXnKcxR_8pgcrypto3pgp3mpiNtB2_3Mpi12from_biguint
FNDA:0,_RNvMNtNtCslKWXQXnKcxR_8pgcrypto3pgp3mpiNtB2_3Mpi6nbytes
FNDA:0,_RNvNtNtCslKWXQXnKcxR_8pgcrypto3pgp3mpi11mod_inverse
FNDA:0,_RNvNtNtCslKWXQXnKcxR_8pgcrypto3pgp3mpi11rsa_decrypt
FNDA:0,_RNvNtNtCslKWXQXnKcxR_8pgcrypto3pgp3mpi11rsa_encrypt
FNDA:0,_RNvNtNtCslKWXQXnKcxR_8pgcrypto3pgp3mpi13decide_k_bits
FNDA:0,_RNvNtNtCslKWXQXnKcxR_8pgcrypto3pgp3mpi15elgamal_decrypt
FNDA:0,_RNvNtNtCslKWXQXnKcxR_8pgcrypto3pgp3mpi15elgamal_encrypt
FNDA:0,_RNvNtNtCslKWXQXnKcxR_8pgcrypto3pgp3mpi8read_mpi
FNDA:0,_RNvNtNtCslKWXQXnKcxR_8pgcrypto3pgp3mpi9mpi_cksum
FNDA:0,_RNvNtNtCslKWXQXnKcxR_8pgcrypto3pgp3mpi9rand_bits
FNDA:0,_RNvNtNtCslKWXQXnKcxR_8pgcrypto3pgp3mpi9write_mpi
FNF:15
FNH:0
DA:14,0
DA:15,0
DA:16,0
DA:18,0
DA:19,0
DA:20,0
DA:22,0
DA:24,0
DA:25,0
DA:26,0
DA:27,0
DA:28,0
DA:30,0
DA:31,0
DA:32,0
DA:34,0
DA:35,0
DA:36,0
DA:39,0
DA:40,0
DA:41,0
DA:42,0
DA:43,0
DA:44,0
DA:45,0
DA:46,0
DA:47,0
DA:48,0
DA:49,0
DA:50,0
DA:51,0
DA:52,0
DA:53,0
DA:54,0
DA:55,0
DA:57,0
DA:58,0
DA:59,0
DA:60,0
DA:61,0
DA:63,0
DA:64,0
DA:65,0
DA:66,0
DA:67,0
DA:68,0
DA:69,0
DA:70,0
DA:72,0
DA:73,0
DA:74,0
DA:76,0
DA:78,0
DA:80,0
DA:81,0
DA:82,0
DA:83,0
DA:84,0
DA:85,0
DA:86,0
DA:87,0
DA:88,0
DA:89,0
DA:90,0
DA:91,0
DA:92,0
DA:93,0
DA:95,0
DA:96,0
DA:97,0
DA:98,0
DA:100,0
DA:101,0
DA:102,0
DA:103,0
DA:105,0
DA:106,0
DA:107,0
DA:108,0
DA:109,0
DA:111,0
DA:112,0
DA:114,0
DA:115,0
DA:116,0
DA:117,0
DA:118,0
DA:120,0
DA:121,0
DA:122,0
DA:123,0
DA:124,0
DA:126,0
DA:127,0
DA:128,0
DA:129,0
DA:130,0
DA:132,0
DA:135,0
DA:136,0
DA:138,0
DA:139,0
DA:140,0
DA:141,0
DA:142,0
DA:143,0
DA:144,0
DA:145,0
DA:146,0
DA:148,0
DA:149,0
DA:150,0
DA:151,0
DA:152,0
DA:153,0
DA:154,0
DA:155,0
DA:156,0
DA:157,0
BRF:0
BRH:0
LF:120
LH:0
end_of_record
SF:/Users/malisper/dev/pgrust-fast/.wt-pgcryptofam-resid/crates/contrib/pgcrypto/src/pgp/packet.rs
FN:85,_RNvMNtNtCslKWXQXnKcxR_8pgcrypto3pgp6packetNtB2_9PktReader13parse_new_len
FN:103,_RNvMNtNtCslKWXQXnKcxR_8pgcrypto3pgp6packetNtB2_9PktReader13parse_old_len
FN:36,_RNvMNtNtCslKWXQXnKcxR_8pgcrypto3pgp6packetNtB2_9PktReader3new
FN:44,_RNvMNtNtCslKWXQXnKcxR_8pgcrypto3pgp6packetNtB2_9PktReader4byte
FN:53,_RNvMNtNtCslKWXQXnKcxR_8pgcrypto3pgp6packetNtB2_9PktReader8read_hdr
FN:117,_RNvMNtNtCslKWXQXnKcxR_8pgcrypto3pgp6packetNtB2_9PktReader9read_body
FN:18,_RNvNtNtCslKWXQXnKcxR_8pgcrypto3pgp6packet12write_packet
FN:3,_RNvNtNtCslKWXQXnKcxR_8pgcrypto3pgp6packet13render_newlen
FN:40,_RNvMNtNtCslKWXQXnKcxR_8pgcrypto3pgp6packetNtB2_9PktReader3eof
FNDA:0,_RNvMNtNtCslKWXQXnKcxR_8pgcrypto3pgp6packetNtB2_9PktReader13parse_new_len
FNDA:0,_RNvMNtNtCslKWXQXnKcxR_8pgcrypto3pgp6packetNtB2_9PktReader13parse_old_len
FNDA:0,_RNvMNtNtCslKWXQXnKcxR_8pgcrypto3pgp6packetNtB2_9PktReader3new
FNDA:0,_RNvMNtNtCslKWXQXnKcxR_8pgcrypto3pgp6packetNtB2_9PktReader4byte
FNDA:0,_RNvMNtNtCslKWXQXnKcxR_8pgcrypto3pgp6packetNtB2_9PktReader8read_hdr
FNDA:0,_RNvMNtNtCslKWXQXnKcxR_8pgcrypto3pgp6packetNtB2_9PktReader9read_body
FNDA:0,_RNvNtNtCslKWXQXnKcxR_8pgcrypto3pgp6packet12write_packet
FNDA:0,_RNvNtNtCslKWXQXnKcxR_8pgcrypto3pgp6packet13render_newlen
FNDA:0,_RNvMNtNtCslKWXQXnKcxR_8pgcrypto3pgp6packetNtB2_9PktReader3eof
FNF:9
FNH:0
DA:3,0
DA:4,0
DA:5,0
DA:6,0
DA:7,0
DA:8,0
DA:9,0
DA:10,0
DA:11,0
DA:12,0
DA:13,0
DA:14,0
DA:15,0
DA:16,0
DA:18,0
DA:19,0
DA:20,0
DA:21,0
DA:22,0
DA:36,0
DA:37,0
DA:38,0
DA:40,0
DA:41,0
DA:42,0
DA:44,0
DA:45,0
DA:46,0
DA:47,0
DA:48,0
DA:49,0
DA:50,0
DA:51,0
DA:53,0
DA:54,0
DA:55,0
DA:56,0
DA:57,0
DA:58,0
DA:59,0
DA:60,0
DA:61,0
DA:62,0
DA:63,0
DA:64,0
DA:66,0
DA:67,0
DA:68,0
DA:69,0
DA:70,0
DA:71,0
DA:72,0
DA:73,0
DA:75,0
DA:76,0
DA:77,0
DA:78,0
DA:79,0
DA:80,0
DA:83,0
DA:85,0
DA:86,0
DA:87,0
DA:88,0
DA:89,0
DA:90,0
DA:91,0
DA:92,0
DA:93,0
DA:94,0
DA:95,0
DA:97,0
DA:99,0
DA:101,0
DA:103,0
DA:104,0
DA:105,0
DA:106,0
DA:107,0
DA:108,0
DA:110,0
DA:111,0
DA:112,0
DA:114,0
DA:115,0
DA:117,0
DA:118,0
DA:120,0
DA:121,0
DA:122,0
DA:124,0
DA:125,0
DA:126,0
DA:127,0
DA:129,0
DA:130,0
DA:131,0
DA:132,0
DA:133,0
DA:134,0
DA:135,0
DA:136,0
DA:137,0
DA:138,0
DA:139,0
DA:141,0
DA:144,0
BRF:0
BRH:0
LF:107
LH:0
end_of_record
SF:/Users/malisper/dev/pgrust-fast/.wt-pgcryptofam-resid/crates/contrib/pgcrypto/src/pgp/pubdec.rs
FN:70,_RNCNvNtNtCslKWXQXnKcxR_8pgcrypto3pgp6pubdec20parse_pubenc_sesskey0B7_
FN:94,_RNCNvNtNtCslKWXQXnKcxR_8pgcrypto3pgp6pubdec20parse_pubenc_sesskeys0_0B7_
FN:83,_RNCNvNtNtCslKWXQXnKcxR_8pgcrypto3pgp6pubdec20parse_pubenc_sesskeys_0B7_
FN:45,_RNvNtNtCslKWXQXnKcxR_8pgcrypto3pgp6pubdec12padded_bytes
FN:29,_RNvNtNtCslKWXQXnKcxR_8pgcrypto3pgp6pubdec13control_cksum
FN:7,_RNvNtNtCslKWXQXnKcxR_8pgcrypto3pgp6pubdec19check_eme_pkcs1_v15
FN:49,_RNvNtNtCslKWXQXnKcxR_8pgcrypto3pgp6pubdec20parse_pubenc_sesskey
FNDA:0,_RNCNvNtNtCslKWXQXnKcxR_8pgcrypto3pgp6pubdec20parse_pubenc_sesskey0B7_
FNDA:0,_RNCNvNtNtCslKWXQXnKcxR_8pgcrypto3pgp6pubdec20parse_pubenc_sesskeys0_0B7_
FNDA:0,_RNCNvNtNtCslKWXQXnKcxR_8pgcrypto3pgp6pubdec20parse_pubenc_sesskeys_0B7_
FNDA:0,_RNvNtNtCslKWXQXnKcxR_8pgcrypto3pgp6pubdec12padded_bytes
FNDA:0,_RNvNtNtCslKWXQXnKcxR_8pgcrypto3pgp6pubdec13control_cksum
FNDA:0,_RNvNtNtCslKWXQXnKcxR_8pgcrypto3pgp6pubdec19check_eme_pkcs1_v15
FNDA:0,_RNvNtNtCslKWXQXnKcxR_8pgcrypto3pgp6pubdec20parse_pubenc_sesskey
FNF:7
FNH:0
DA:7,0
DA:8,0
DA:9,0
DA:10,0
DA:11,0
DA:12,0
DA:13,0
DA:14,0
DA:15,0
DA:16,0
DA:17,0
DA:18,0
DA:19,0
DA:20,0
DA:21,0
DA:22,0
DA:23,0
DA:24,0
DA:25,0
DA:26,0
DA:27,0
DA:29,0
DA:30,0
DA:31,0
DA:32,0
DA:33,0
DA:34,0
DA:35,0
DA:36,0
DA:37,0
DA:38,0
DA:39,0
DA:40,0
DA:41,0
DA:42,0
DA:43,0
DA:45,0
DA:46,0
DA:47,0
DA:49,0
DA:50,0
DA:51,0
DA:52,0
DA:53,0
DA:54,0
DA:55,0
DA:56,0
DA:57,0
DA:58,0
DA:59,0
DA:60,0
DA:61,0
DA:62,0
DA:64,0
DA:66,0
DA:67,0
DA:68,0
DA:69,0
DA:70,0
DA:71,0
DA:72,0
DA:73,0
DA:75,0
DA:79,0
DA:80,0
DA:81,0
DA:82,0
DA:83,0
DA:84,0
DA:85,0
DA:87,0
DA:90,0
DA:93,0
DA:94,0
DA:95,0
DA:96,0
DA:98,0
DA:99,0
DA:100,0
DA:101,0
DA:102,0
DA:103,0
DA:104,0
DA:105,0
BRF:0
BRH:0
LF:87
LH:0
end_of_record
SF:/Users/malisper/dev/pgrust-fast/.wt-pgcryptofam-resid/crates/contrib/pgcrypto/src/pgp/pubenc.rs
FN:37,_RNvNtNtCslKWXQXnKcxR_8pgcrypto3pgp6pubenc13create_secmsg
FN:10,_RNvNtNtCslKWXQXnKcxR_8pgcrypto3pgp6pubenc17pad_eme_pkcs1_v15
FN:54,_RNvNtNtCslKWXQXnKcxR_8pgcrypto3pgp6pubenc20write_pubenc_sesskey
FNDA:0,_RNvNtNtCslKWXQXnKcxR_8pgcrypto3pgp6pubenc13create_secmsg
FNDA:0,_RNvNtNtCslKWXQXnKcxR_8pgcrypto3pgp6pubenc17pad_eme_pkcs1_v15
FNDA:0,_RNvNtNtCslKWXQXnKcxR_8pgcrypto3pgp6pubenc20write_pubenc_sesskey
FNF:3
FNH:0
DA:10,0
DA:11,0
DA:12,0
DA:13,0
DA:14,0
DA:15,0
DA:16,0
DA:17,0
DA:18,0
DA:19,0
DA:20,0
DA:21,0
DA:22,0
DA:23,0
DA:24,0
DA:25,0
DA:26,0
DA:27,0
DA:28,0
DA:29,0
DA:32,0
DA:33,0
DA:34,0
DA:35,0
DA:37,0
DA:38,0
DA:39,0
DA:40,0
DA:41,0
DA:42,0
DA:43,0
DA:44,0
DA:45,0
DA:46,0
DA:47,0
DA:49,0
DA:50,0
DA:51,0
DA:52,0
DA:54,0
DA:55,0
DA:56,0
DA:57,0
DA:58,0
DA:59,0
DA:60,0
DA:61,0
DA:62,0
DA:63,0
DA:65,0
DA:67,0
DA:68,0
DA:69,0
DA:70,0
DA:71,0
DA:73,0
DA:77,0
DA:78,0
DA:79,0
DA:80,0
DA:82,0
DA:85,0
DA:88,0
DA:89,0
DA:90,0
BRF:0
BRH:0
LF:65
LH:0
end_of_record
SF:/Users/malisper/dev/pgrust-fast/.wt-pgcryptofam-resid/crates/contrib/pgcrypto/src/pgp/pubkey.rs
FN:154,_RNCNvNtNtCslKWXQXnKcxR_8pgcrypto3pgp6pubkey18process_secret_key0B7_
FN:162,_RNCNvNtNtCslKWXQXnKcxR_8pgcrypto3pgp6pubkey18process_secret_keys0_0B7_
FN:175,_RNCNvNtNtCslKWXQXnKcxR_8pgcrypto3pgp6pubkey18process_secret_keys1_0B7_
FN:160,_RNCNvNtNtCslKWXQXnKcxR_8pgcrypto3pgp6pubkey18process_secret_keys_0B7_
FN:264,_RNCNvNtNtCslKWXQXnKcxR_8pgcrypto3pgp6pubkey8read_key0B7_
FN:313,_RNCNvNtNtCslKWXQXnKcxR_8pgcrypto3pgp6pubkey8read_keys0_0B7_
FN:268,_RNCNvNtNtCslKWXQXnKcxR_8pgcrypto3pgp6pubkey8read_keys_0B7_
FN:119,_RNvNtNtCslKWXQXnKcxR_8pgcrypto3pgp6pubkey11calc_key_id
FN:242,_RNvNtNtCslKWXQXnKcxR_8pgcrypto3pgp6pubkey11secret_mpis
FN:210,_RNvNtNtCslKWXQXnKcxR_8pgcrypto3pgp6pubkey14check_key_sha1
FN:227,_RNvNtNtCslKWXQXnKcxR_8pgcrypto3pgp6pubkey15check_key_cksum
FN:49,_RNvNtNtCslKWXQXnKcxR_8pgcrypto3pgp6pubkey15read_public_key
FN:140,_RNvNtNtCslKWXQXnKcxR_8pgcrypto3pgp6pubkey18process_secret_key
FN:258,_RNvNtNtCslKWXQXnKcxR_8pgcrypto3pgp6pubkey8read_key
FNDA:0,_RNCNvNtNtCslKWXQXnKcxR_8pgcrypto3pgp6pubkey18process_secret_key0B7_
FNDA:0,_RNCNvNtNtCslKWXQXnKcxR_8pgcrypto3pgp6pubkey18process_secret_keys0_0B7_
FNDA:0,_RNCNvNtNtCslKWXQXnKcxR_8pgcrypto3pgp6pubkey18process_secret_keys1_0B7_
FNDA:0,_RNCNvNtNtCslKWXQXnKcxR_8pgcrypto3pgp6pubkey18process_secret_keys_0B7_
FNDA:0,_RNCNvNtNtCslKWXQXnKcxR_8pgcrypto3pgp6pubkey8read_key0B7_
FNDA:0,_RNCNvNtNtCslKWXQXnKcxR_8pgcrypto3pgp6pubkey8read_keys0_0B7_
FNDA:0,_RNCNvNtNtCslKWXQXnKcxR_8pgcrypto3pgp6pubkey8read_keys_0B7_
FNDA:0,_RNvNtNtCslKWXQXnKcxR_8pgcrypto3pgp6pubkey11calc_key_id
FNDA:0,_RNvNtNtCslKWXQXnKcxR_8pgcrypto3pgp6pubkey11secret_mpis
FNDA:0,_RNvNtNtCslKWXQXnKcxR_8pgcrypto3pgp6pubkey14check_key_sha1
FNDA:0,_RNvNtNtCslKWXQXnKcxR_8pgcrypto3pgp6pubkey15check_key_cksum
FNDA:0,_RNvNtNtCslKWXQXnKcxR_8pgcrypto3pgp6pubkey15read_public_key
FNDA:0,_RNvNtNtCslKWXQXnKcxR_8pgcrypto3pgp6pubkey18process_secret_key
FNDA:0,_RNvNtNtCslKWXQXnKcxR_8pgcrypto3pgp6pubkey8read_key
FNF:14
FNH:0
DA:49,0
DA:50,0
DA:51,0
DA:52,0
DA:53,0
DA:54,0
DA:55,0
DA:56,0
DA:57,0
DA:58,0
DA:59,0
DA:60,0
DA:62,0
DA:64,0
DA:65,0
DA:66,0
DA:67,0
DA:68,0
DA:71,0
DA:72,0
DA:73,0
DA:74,0
DA:75,0
DA:76,0
DA:77,0
DA:78,0
DA:79,0
DA:80,0
DA:81,0
DA:82,0
DA:83,0
DA:85,0
DA:87,0
DA:90,0
DA:91,0
DA:92,0
DA:93,0
DA:94,0
DA:95,0
DA:96,0
DA:97,0
DA:98,0
DA:99,0
DA:100,0
DA:101,0
DA:102,0
DA:103,0
DA:105,0
DA:108,0
DA:109,0
DA:110,0
DA:111,0
DA:112,0
DA:113,0
DA:114,0
DA:115,0
DA:116,0
DA:117,0
DA:119,0
DA:120,0
DA:121,0
DA:122,0
DA:123,0
DA:124,0
DA:125,0
DA:126,0
DA:127,0
DA:128,0
DA:129,0
DA:130,0
DA:131,0
DA:132,0
DA:133,0
DA:134,0
DA:135,0
DA:136,0
DA:137,0
DA:138,0
DA:140,0
DA:141,0
DA:142,0
DA:143,0
DA:144,0
DA:145,0
DA:147,0
DA:148,0
DA:149,0
DA:150,0
DA:151,0
DA:153,0
DA:154,0
DA:155,0
DA:156,0
DA:157,0
DA:158,0
DA:159,0
DA:160,0
DA:161,0
DA:162,0
DA:164,0
DA:165,0
DA:166,0
DA:167,0
DA:168,0
DA:169,0
DA:170,0
DA:171,0
DA:172,0
DA:174,0
DA:175,0
DA:176,0
DA:177,0
DA:178,0
DA:179,0
DA:181,0
DA:184,0
DA:185,0
DA:186,0
DA:187,0
DA:188,0
DA:189,0
DA:190,0
DA:192,0
DA:193,0
DA:196,0
DA:200,0
DA:201,0
DA:203,0
DA:206,0
DA:207,0
DA:210,0
DA:211,0
DA:212,0
DA:213,0
DA:214,0
DA:215,0
DA:216,0
DA:217,0
DA:218,0
DA:219,0
DA:220,0
DA:221,0
DA:222,0
DA:223,0
DA:224,0
DA:227,0
DA:228,0
DA:229,0
DA:230,0
DA:231,0
DA:232,0
DA:233,0
DA:234,0
DA:235,0
DA:236,0
DA:237,0
DA:238,0
DA:239,0
DA:240,0
DA:242,0
DA:243,0
DA:244,0
DA:245,0
DA:246,0
DA:247,0
DA:248,0
DA:249,0
DA:251,0
DA:253,0
DA:254,0
DA:256,0
DA:258,0
DA:259,0
DA:260,0
DA:261,0
DA:264,0
DA:265,0
DA:266,0
DA:268,0
DA:270,0
DA:271,0
DA:272,0
DA:273,0
DA:274,0
DA:275,0
DA:276,0
DA:277,0
DA:278,0
DA:280,0
DA:281,0
DA:282,0
DA:283,0
DA:284,0
DA:285,0
DA:287,0
DA:288,0
DA:289,0
DA:290,0
DA:291,0
DA:293,0
DA:294,0
DA:295,0
DA:296,0
DA:297,0
DA:298,0
DA:299,0
DA:302,0
DA:303,0
DA:304,0
DA:305,0
DA:306,0
DA:307,0
DA:309,0
DA:310,0
DA:313,0
DA:314,0
BRF:0
BRH:0
LF:223
LH:0
end_of_record
SF:/Users/malisper/dev/pgrust-fast/.wt-pgcryptofam-resid/crates/contrib/pgcrypto/src/pgp/s2k.rs
FN:16,_RNvMNtNtCslKWXQXnKcxR_8pgcrypto3pgp3s2kNtB2_3S2k4fill
FN:47,_RNvMNtNtCslKWXQXnKcxR_8pgcrypto3pgp3s2kNtB2_3S2k4read
FN:83,_RNvMNtNtCslKWXQXnKcxR_8pgcrypto3pgp3s2kNtB2_3S2k7process
FN:146,_RNvNtNtCslKWXQXnKcxR_8pgcrypto3pgp3s2k15decide_s2k_iter
FNDA:0,_RNvMNtNtCslKWXQXnKcxR_8pgcrypto3pgp3s2kNtB2_3S2k4fill
FNDA:0,_RNvMNtNtCslKWXQXnKcxR_8pgcrypto3pgp3s2kNtB2_3S2k4read
FNDA:0,_RNvMNtNtCslKWXQXnKcxR_8pgcrypto3pgp3s2kNtB2_3S2k7process
FNDA:0,_RNvNtNtCslKWXQXnKcxR_8pgcrypto3pgp3s2k15decide_s2k_iter
FNF:4
FNH:0
DA:16,0
DA:17,0
DA:18,0
DA:19,0
DA:20,0
DA:21,0
DA:22,0
DA:23,0
DA:24,0
DA:25,0
DA:26,0
DA:28,0
DA:29,0
DA:30,0
DA:33,0
DA:34,0
DA:35,0
DA:36,0
DA:37,0
DA:38,0
DA:39,0
DA:40,0
DA:42,0
DA:44,0
DA:45,0
DA:47,0
DA:48,0
DA:49,0
DA:50,0
DA:51,0
DA:52,0
DA:53,0
DA:54,0
DA:55,0
DA:56,0
DA:57,0
DA:58,0
DA:59,0
DA:60,0
DA:61,0
DA:62,0
DA:64,0
DA:65,0
DA:66,0
DA:67,0
DA:68,0
DA:71,0
DA:72,0
DA:73,0
DA:74,0
DA:75,0
DA:76,0
DA:78,0
DA:80,0
DA:81,0
DA:83,0
DA:84,0
DA:85,0
DA:86,0
DA:87,0
DA:88,0
DA:89,0
DA:90,0
DA:91,0
DA:92,0
DA:93,0
DA:94,0
DA:95,0
DA:96,0
DA:97,0
DA:98,0
DA:99,0
DA:100,0
DA:101,0
DA:102,0
DA:103,0
DA:104,0
DA:105,0
DA:106,0
DA:107,0
DA:108,0
DA:110,0
DA:111,0
DA:112,0
DA:113,0
DA:114,0
DA:115,0
DA:116,0
DA:118,0
DA:120,0
DA:121,0
DA:122,0
DA:123,0
DA:124,0
DA:125,0
DA:127,0
DA:129,0
DA:130,0
DA:133,0
DA:135,0
DA:136,0
DA:137,0
DA:138,0
DA:139,0
DA:141,0
DA:142,0
DA:143,0
DA:146,0
DA:147,0
DA:148,0
DA:149,0
DA:150,0
DA:151,0
DA:152,0
DA:153,0
DA:155,0
DA:156,0
BRF:0
BRH:0
LF:117
LH:0
end_of_record
